52 15 55 58 41 20 73 50 29 70 62 53 6 21 56 42 16 44 12 32 2 11 37 39 67 40 14 27 24 13 46 9 60 64 5 30 47 45 49 54 74 22 19 63 59 65 3 7 72 57 4 68 38 71 66 1 35 31 18 25
52 47
52 9
52 29
15 64
15 19
55 54
58 68
58 49
41 13
20 53
73 64
50 29
50 46
29 13
29 66
70 49
70 1
70 18
62 45
62 49
53 60
53 57
53 7
6 3
21 74
21 32
56 49
56 54
42 49
42 37
42 44
16 64
44 39
12 65
32 5
2 54
11 63
37 13
37 67
37 65
39 22
67 27
67 5
40 60
14 72
24 46
13 63
60 59
64 57
30 57
45 4
49 19
22 38
19 71
19 25
63 3
63 35
63 31
72 68