2 3 4 7 77 54 73 1 10 22 61 76 5 9 21 80 8 84 23 33 17 94 31 11 64 69 78 43 12 81 90 93 13 14 16 18 24 50 70 53 45 51 63 96 83 89 74 36 87 27 28 60 26 30 82 62 71 32 38 34 35 37 39 67 72 97 52 42 46 58 56 68 79 86 0 25 55 59 88 85 48
2 23
3 17
3 5
4 31
4 22
4 9
4 0
7 8
77 72
77 79
54 52
54 27
73 70
73 78
73 71
1 21
10 70
22 24
22 26
61 27
61 87
76 71
5 8
9 90
21 23
80 74
80 34
8 11
84 35
84 83
84 88
23 26
23 69
33 37
33 36
94 93
94 90
31 48
11 45
11 90
11 63
11 53
64 81
78 90
78 32
43 27
43 46
12 13
12 96
12 16
81 86
13 18
14 18
16 87
50 51
50 32
50 25
45 82
51 37
51 56
63 60
96 68
96 34
83 89
89 62
89 97
36 38
87 86
87 85
28 26
60 67
30 32
32 59
34 39
34 72
35 37
37 52
52 58
52 55
42 58