63 84 33 86 73 27 96 91 57 82 70 75 94 6 10 31 32 36 85 48 78 64 89 14 13 81 92 97 59 55 52 98 95 67 74 66 46 39 2 60 65 25 41 56 37 40 53 61 38 21 18 28 42 4 22 11 23 20 19 3 30 71 76 72 62 83 80 43 35 58 15 90 79 77
63 84
63 33
63 86
63 73
63 27
63 96
63 91
63 57
63 6
63 60
63 56
63 30
63 71
84 37
84 61
84 28
33 41
86 38
73 21
27 82
27 70
27 75
27 94
27 10
27 31
27 32
27 64
27 14
96 53
57 22
82 36
82 85
82 48
82 78
82 13
82 97
82 46
82 39
82 76
82 15
82 79
82 77
70 89
70 18
70 72
70 90
75 81
75 92
75 74
75 2
75 62
75 83
94 59
94 55
94 52
94 98
94 95
94 67
94 80
94 43
94 35
94 58
31 65
32 25
36 23
85 40
85 42
64 66
14 11
81 4
95 20
95 19
25 3