0 14 27 1 29 9 13 10 2 20 96 50 16 3 52 70 69 21 17 59 34 6 80 56 78 53 31 62 30 4 67 46 38 95 32 48 42 65 11 94 55 8 84 93 18 7 51 26 33 35 25 90 5 19 60 76 28 72 68 77 12 15 89 85 83 22 41 87 92 61 64 54 88 49 45 86 58 23
0 9
0 27
14 3
14 35
27 46
1 59
1 3
1 52
1 54
29 55
29 56
9 15
9 12
13 3
10 12
2 46
2 32
2 48
2 70
2 42
2 69
2 67
2 84
2 49
20 96
96 34
96 19
96 23
50 5
50 76
16 25
3 18
70 28
69 55
21 30
17 42
34 5
6 5
6 80
6 72
80 8
78 30
53 4
31 87
62 65
62 41
30 89
4 11
4 33
67 83
46 33
38 22
95 28
95 61
32 92
48 89
65 5
11 77
94 68
93 7
93 90
18 5
7 12
7 5
7 64
51 25
26 19
33 86
25 85
90 22
5 60
5 88
72 68
12 85
12 45
12 58
85 87