0 91 10 35 76 13 12 68 88 67 32 45 6 70 97 24 54 36 96 83 56 38 1 29 27 39 9 72 74 82 75 40 49 60 81 64 86 31 94 34 43 20 89 44 33 79 85 53 61 8 93 48 25 80 3 95 71 28 50 21 99 15 5 90 92 14 46 98 55 66 16 11 19 87 30 2 78 23 22 41
0 91
0 10
10 35
10 13
35 76
76 68
13 12
13 88
13 45
13 19
12 32
12 97
12 1
88 67
67 82
32 6
32 70
32 87
45 49
70 48
70 80
97 24
97 9
97 74
97 71
97 22
24 54
24 36
24 31
24 53
54 96
54 3
36 56
36 29
36 11
96 83
96 72
96 86
96 46
83 81
83 79
56 38
38 39
1 60
29 27
29 30
27 90
39 61
74 28
74 5
74 2
74 41
82 75
75 40
49 20
60 34
81 64
81 94
81 78
64 8
64 15
86 16
94 43
43 89
20 25
89 44
89 21
89 23
44 33
33 99
79 85
79 95
79 92
53 66
61 14
8 93
25 98
28 50
92 55