0 49 1 52 66 9 76 62 26 92 33 94 7 51 23 97 75 4 29 50 18 89 47 72 5 28 37 3 24 40 21 77 22 2 46 45 31 71 80 82 96 73 25 65 61 57 55 67 53 19 17 41 87 13 64 43 27 88 58 63 83 36 20 79 11 68 98 74 56 12 42 44 48 93 39 69 6 99 78 60 91 85 95
0 12
0 41
0 64
49 80
49 72
1 51
1 21
1 40
52 43
52 93
66 2
66 78
9 89
76 63
76 23
62 44
62 77
26 39
26 3
92 72
92 65
33 53
33 56
33 96
94 69
7 48
51 75
23 93
23 98
97 87
97 25
97 44
75 24
4 68
4 61
29 46
29 6
50 88
18 3
18 73
18 40
89 64
89 22
47 28
5 57
28 42
28 88
37 68
37 71
3 53
3 31
40 36
21 20
77 48
77 99
2 25
2 71
46 79
46 93
46 60
45 74
31 98
71 69
82 68
82 91
25 17
65 12
65 58
65 67
57 83
55 12
55 19
67 27
19 42
17 58
41 13
83 68
79 48
11 48
68 95
98 74
69 85