2 6 74 67 75 7 33 82 63 34 30 59 32 68 62 19 91 43 24 81 80 78 96 95 79 70 44 77 23 20 71 21 9 17 8 10 48 28 86 60 52 16 84 57 40 15 4 26 53 85 97 64 58 18 39 47 65 98 54 41 55 0 94 13 3 99 5 38 66 45 25 73 72 87 92
2 6
6 74
6 7
6 53
74 67
74 75
74 26
74 58
67 82
67 66
67 45
75 33
75 30
7 63
7 68
7 8
33 34
33 32
63 62
63 24
30 59
62 19
62 91
62 43
62 78
19 17
19 18
19 39
91 96
91 92
43 44
24 81
24 23
24 85
24 25
81 80
80 48
80 87
78 79
78 77
96 95
96 70
96 97
96 73
95 20
95 9
95 94
79 60
79 4
70 71
70 28
77 84
23 64
20 21
20 86
71 72
9 10
17 52
17 16
10 57
48 40
48 47
16 15
40 41
53 13
85 54
85 0
64 65
64 98
39 38
65 3
98 99
54 55
55 5