17 18 23 39 55 60 64 71 78 79 92 2 8 9 16 19 31 49 58 68 81 91 10 20 25 29 46 48 51 52 61 69 73 82 90 3 26 43 57 80 95 4 5 7 12 74 84 99 6 11 15 41 44 53 67 88 93 35 40 45 63 89 50 83 97 65 85 28 56 77 36 42 72 75 54 24 59 66 94 87 14 98 22 37 62
17 80
17 53
18 92
18 91
23 31
23 94
39 50
39 72
39 36
55 72
60 65
60 73
64 72
64 66
71 20
78 19
79 4
79 51
92 20
92 9
2 10
8 52
8 68
8 6
9 7
9 49
9 56
16 80
19 41
19 20
31 5
31 40
31 69
49 85
49 4
58 5
68 37
81 50
10 99
25 57
25 35
29 35
46 48
46 44
48 11
51 43
51 35
51 42
52 15
52 50
52 77
61 40
69 82
73 12
90 84
90 89
90 95
3 80
3 26
26 14
57 88
80 15
80 35
7 59
74 85
99 40
99 77
99 83
99 22
6 67
44 88
53 97
93 89
93 36
35 28
40 63
40 98
45 50
63 54
89 24
83 65
65 75
85 87
56 62