0 1 2 3 4 5 6 10 11 13 14 8 27 9 28 19 15 16 20 22 23 25 18 21 24 33 35 37 32 41 31 34 43 46 39 49 44 45 50 51 52 53 56 48 57 58 59 54 55 60 73 64 66 67 69 62 65 71 74 76 98 70 72 77 80 84 86 89 81 82 83 88 90 92 93 94 96 91 7 12 26 36 30 42 40 61 68 85
0 1
0 10
1 2
2 3
2 12
3 4
3 13
4 14
5 14
5 6
6 7
10 20
11 22
14 15
14 23
8 27
27 37
27 16
27 18
27 28
27 36
9 28
9 19
15 25
15 16
15 26
20 21
22 21
25 35
25 24
24 33
33 32
35 46
32 41
32 42
41 51
41 50
41 31
41 52
41 30
41 40
34 43
43 52
46 45
46 56
39 49
49 59
44 45
44 53
50 60
56 67
48 57
48 58
57 67
58 69
59 69
54 55
54 64
54 73
55 66
60 71
64 74
66 65
66 76
67 98
67 68
62 71
62 61
71 72
71 80
71 70
74 84
76 77
76 86
98 88
72 84
80 90
80 81
86 96
89 88
81 82
82 83
83 93
83 92
92 91
93 94
94 85