38 7 66 8 12 2 3 21 42 4 94 92 1 49 62 5 11 39 23 10 52 31 22 73 9 28 54 32 63 56 15 29 55 91 26 13 24 25 87 85 71 74 88 6 82 57 47 64 51 89 93 86 17 14 19 36 16 76 20 40 35 83 75 77 70 34 50 61 60 59 78 33 65 69 30 67 27 81 48 53 80 84 79
38 7
7 66
7 8
8 12
12 2
12 11
2 3
2 4
2 94
2 69
3 21
21 42
4 1
94 92
94 23
94 47
94 30
92 15
92 51
1 49
1 62
1 5
1 29
1 80
1 79
62 55
5 9
11 39
11 10
11 52
23 32
10 31
52 22
52 67
31 57
22 73
22 56
22 27
22 48
9 28
9 54
9 88
54 53
32 63
32 81
63 89
15 85
29 91
91 26
91 13
26 24
13 76
24 25
24 71
24 17
25 87
87 14
85 75
71 74
74 6
88 82
88 64
6 93
64 36
93 86
93 50
86 19
17 16
19 20
19 61
36 35
36 83
16 78
20 40
35 34
83 84
75 77
77 70
34 33
61 60
60 59
78 65