43 74 36 88 9 95 23 64 85 6 29 77 45 25 46 92 79 71 67 59 39 33 48 86 93 7 14 66 47 56 5 87 20 62 53 22 26 76 42 75 16 27 50 96 70 54 83 72 58 81 55 89 44 98 84 21 35 40 2 63 57 91 78 97 52 24 15 82 37 99 73 68 12 90 34 65 32 80
43 74
43 36
36 88
36 9
88 15
9 95
9 23
9 85
9 80
95 64
23 62
23 53
64 78
85 6
85 29
85 25
85 46
6 77
6 48
6 56
6 16
29 71
77 45
77 20
45 67
45 59
45 58
25 92
46 79
46 39
46 86
46 50
79 5
79 81
79 97
79 90
71 14
71 68
67 93
59 91
39 33
39 2
39 34
48 47
48 12
86 66
86 22
86 76
86 84
86 65
93 7
14 75
14 21
66 70
47 26
5 87
87 42
87 32
20 96
62 27
22 55
22 82
76 40
42 54
42 83
75 57
75 73
27 63
50 98
96 35
54 99
83 72
72 52
58 89
89 44
35 24
24 37