0 2 55 62 64 66 68 70 72 74 76 78 80 82 84 86 88 90 92 94 96 98 1 38 58 28 3 6 20 4 21 31 42 7 59 8 37 9 43 11 34 50 12 29 13 15 16 18 22 25 53 23 24 27 54 51 26 30 35 33 57 44 32 39 36 45 46 52 41 49 60 61 67 69 71 73 79 81 83 85 87 89 91 97 47 40
0 2
0 55
0 72
0 98
0 64
0 84
0 80
0 68
0 74
0 62
0 61
0 69
0 71
0 73
0 79
0 81
0 83
0 85
0 89
2 28
55 25
55 9
66 8
70 12
76 20
78 22
82 26
86 31
88 33
90 35
92 37
94 39
96 41
1 38
1 58
58 9
28 15
3 6
3 20
20 25
4 21
4 31
31 44
42 24
42 49
42 97
7 59
59 36
8 37
37 45
37 52
37 46
9 67
43 60
11 34
11 50
34 29
50 57
50 41
12 29
13 15
16 18
18 22
22 53
25 51
25 54
25 23
53 32
53 57
24 27
27 33
27 35
27 57
27 47
54 36
51 32
26 30
30 35
33 39
44 60
32 87
36 91
36 40
46 49
52 60