0 12 6 32 34 36 38 40 42 44 46 48 50 52 54 56 1 21 2 58 60 62 64 66 68 70 72 74 76 78 17 79 81 83 85 87 89 91 93 95 97 99 3 25 31 4 18 8 5 19 28 9 20 11 13 22 14 15 16 33 24 30 37 39 41 45 49 55 59 63 67 75 77 10 80 82 86 88 92 94 26
0 32
0 6
0 40
0 38
0 34
0 12
0 36
0 44
0 42
0 52
0 39
0 41
0 45
0 49
0 55
12 22
6 5
6 59
32 14
32 33
32 16
32 56
34 1
46 18
48 21
50 24
54 30
1 2
1 21
1 76
1 74
1 60
1 67
1 75
1 77
21 93
2 17
2 58
2 91
2 97
2 99
2 85
2 10
2 80
2 82
2 86
2 92
2 94
62 13
64 15
66 17
68 20
70 22
72 24
78 33
17 11
79 3
81 5
83 8
87 13
89 15
95 24
3 25
3 31
25 19
25 30
31 18
31 24
4 18
4 8
8 5
8 28
5 37
9 20
20 33
11 13
11 26
14 15
14 63
14 88