0 23 82 86 66 80 74 94 71 93 76 63 70 92 96 67 79 88 89 85 62 97 83 77 87 81 90 61 99 69 65 54 75 91 56 28 32 57 19 10 21 59 25 43 44 48 18 16 52 3 50 14 17 42 5 33 31 46 20 45 58 30 9 22 49 53 38 36 72 73 98 84 64 78 95 29 15 8 68
0 23
0 82
0 86
0 66
0 80
0 74
0 94
0 71
0 93
0 76
0 63
0 70
0 92
0 96
0 67
0 79
0 88
0 89
0 85
0 62
0 97
0 83
0 77
0 87
0 81
0 90
0 61
0 99
0 69
0 65
0 75
0 91
0 36
0 72
0 73
0 98
0 84
0 64
0 78
0 95
0 68
23 54
82 32
66 10
80 29
94 50
71 16
93 48
76 21
63 5
70 15
92 46
79 28
88 42
89 43
62 3
83 33
77 25
81 31
90 44
99 59
69 14
65 8
54 56
54 57
54 19
75 20
91 45
56 18
32 9
57 30
19 52
19 17
43 38
48 22
16 49
46 58
9 53