0 1 36 67 72 85 91 4 11 34 53 65 93 2 61 38 71 16 63 5 43 80 90 6 7 23 27 37 81 52 84 94 8 24 9 40 44 46 57 58 75 12 88 13 30 60 62 70 73 89 45 49 17 47 95 18 41 97 48 78 21 28 74 42 56 92 99 31 55 32 69 50 54 77 82 64 76 25 15 19 83 86 79
0 91
0 85
1 11
36 69
36 13
67 74
67 84
72 8
72 64
85 31
85 50
85 90
91 7
4 16
4 11
4 79
11 75
34 17
53 84
53 55
65 80
93 38
93 61
2 61
61 54
38 12
71 24
63 21
63 37
5 43
43 62
43 58
80 54
90 60
6 27
6 81
7 52
23 81
27 89
37 78
37 54
37 52
81 44
52 94
52 88
94 70
8 24
24 74
9 44
40 75
40 69
46 62
57 70
57 48
57 74
57 77
57 15
58 12
30 31
30 97
60 82
73 28
89 82
45 95
45 74
45 25
45 83
49 92
17 95
17 47
18 97
41 99
41 77
41 56
48 42
78 19
28 92
74 86
42 92
31 32
32 69
82 76