0 45 73 80 91 10 42 30 70 64 68 5 63 9 52 21 23 4 17 85 41 34 96 26 18 8 93 54 3 36 76 12 53 33 59 49 46 14 7 82 97 95 37 61 55 88 67 62 43 47 58 39 89 71 22 40 20 65 2 19 35 94 44 98 48 72 79 78 28 15 56 87 92 31 66 81 69 27 50
0 45
0 80
0 10
0 42
0 30
0 12
0 88
45 73
45 70
45 63
73 91
73 64
73 41
73 50
80 76
80 66
91 68
91 52
10 97
10 37
10 67
42 27
64 85
64 3
68 5
68 9
68 23
68 17
68 87
5 21
63 34
63 81
9 49
52 36
21 26
23 4
23 96
23 58
4 69
17 18
41 14
34 54
96 8
26 33
26 59
18 93
93 78
54 28
36 95
36 43
76 82
12 53
33 7
49 46
14 47
7 48
95 55
37 61
37 98
55 39
55 71
88 62
88 31
62 79
43 22
39 89
89 40
22 20
22 92
20 65
65 2
65 19
2 35
19 44
35 94
94 72
78 15
15 56