0 45 44 43 42 41 40 39 38 84 88 90 83 86 37 36 35 85 89 60 57 47 49 51 53 55 58 34 33 61 32 31 30 29 62 28 80 79 27 63 26 25 78 64 24 23 22 75 21 65 20 69 70 71 81 82 1 92 66 94 93 95 97 72 67 2 3 4 5 6 73 74 19 68 12 11 18 17 16 7 8 9 91 87 46 48 50 52 54 56 59 15
0 45
0 1
45 44
44 43
43 42
42 41
41 40
40 39
40 90
39 38
39 83
38 84
38 37
84 88
84 87
88 57
90 91
83 86
37 36
37 85
36 35
35 60
35 34
85 89
60 61
57 47
57 49
57 51
57 53
57 55
57 58
57 46
57 48
57 50
57 52
57 54
57 56
57 59
34 33
33 32
61 62
61 80
32 31
31 30
30 29
29 28
62 63
28 27
80 79
79 78
27 26
63 64
26 25
25 24
25 75
64 65
64 69
24 23
23 22
22 21
21 20
65 66
20 19
69 70
70 71
70 81
71 72
81 82
82 92
1 2
92 94
66 67
94 93
94 95
95 97
72 73
67 68
2 3
3 4
4 5
5 6
6 7
73 74
19 18
68 12
12 11
18 17
17 16
16 15
7 8
8 9