2 3 9 11 16 18 19 22 23 24 26 28 30 31 35 36 38 42 45 48 51 58 60 61 65 68 70 73 74 76 77 81 82 85 88 89 90 93 95 97 99 1 4 7 13 14 20 33 40 49 54 62 63 66 69 72 80 86 32 46 50 57 59 67 83 92 96 43 52 53 6 21 64 87 15 29 55 78 39
2 93
3 73
3 99
3 6
9 4
9 46
9 85
9 63
9 93
9 55
11 66
16 70
18 46
18 96
18 68
18 39
19 69
22 70
22 46
22 99
22 49
22 87
23 24
23 50
24 13
26 60
28 99
28 62
28 86
28 61
28 78
30 31
31 7
31 52
35 69
36 82
36 43
38 97
42 59
42 83
45 32
45 13
48 72
48 4
48 67
51 40
51 73
58 92
60 69
60 97
60 1
60 59
61 80
61 95
65 81
65 13
68 92
74 52
76 46
76 64
77 7
81 14
85 21
85 15
88 54
88 53
89 62
90 54
4 7
7 29
13 69
20 63
33 69
62 53
62 43
66 53
69 67
57 53