0 1 3 4 5 6 8 9 10 12 13 14 16 17 19 21 23 25 26 27 29 30 31 32 33 34 35 38 39 40 41 42 45 46 48 49 50 51 53 54 55 56 57 58 59 60 61 62 63 65 67 69 70 72 73 74 76 77 78 79 81 82 83 84 85 86 87 88 89 91 92 93 95 96 97 98 52 64 66 68 71 75 80 90 94 99
0 4
0 50
1 31
1 17
1 19
3 9
3 45
4 12
4 41
5 10
5 9
6 42
8 33
8 38
10 33
12 25
12 46
12 13
13 40
14 40
16 29
17 38
21 30
23 33
25 49
26 29
27 33
29 34
29 46
29 48
29 32
30 39
31 35
31 46
32 42
39 46
50 63
50 77
51 84
51 71
53 57
54 97
54 62
55 58
55 87
56 89
56 72
57 88
58 61
58 84
59 84
59 95
60 67
60 79
60 95
60 96
61 72
61 76
61 93
62 91
63 81
63 83
65 69
69 89
70 81
72 52
73 74
74 78
74 98
76 91
76 68
77 64
79 85
81 93
82 85
82 86
83 66
83 99
87 75
87 94
88 98
89 92
91 80
95 98
96 90