6 88 9 55 14 63 12 23 15 13 3 51 74 76 18 10 99 71 17 22 29 90 30 5 98 46 8 34 40 81 24 33 25 56 4 59 60 49 62 2 11 39 67 41 35 75 37 87 48 19 47 66 53 57 86 38 20 0 43 16 78 7 97 52 31 95 72 84 83 21 73 1 94 92 32 44 82 96 91 79 27 28
6 88
6 9
6 2
6 43
6 1
88 29
88 90
9 55
9 10
9 27
55 14
55 4
55 79
14 63
14 12
14 15
14 3
14 18
63 23
63 13
63 83
23 75
23 94
15 11
13 51
13 76
13 56
13 60
13 19
3 17
51 74
51 67
74 99
74 71
74 72
74 91
76 30
18 87
10 37
99 41
71 98
71 46
71 66
17 22
17 7
17 84
29 92
90 86
30 5
30 81
5 24
5 33
5 78
46 8
46 34
46 32
8 49
8 62
34 40
34 47
40 96
81 25
81 44
25 82
56 57
56 38
4 59
59 28
49 48
2 39
2 16
11 35
67 20
41 52
37 31
19 73
47 53
86 97
20 0
20 95
0 21