6 25 17 8 27 89 47 54 19 87 57 83 61 92 2 50 0 38 62 37 4 77 18 96 39 99 29 74 86 97 85 24 69 28 58 91 40 59 82 41 30 36 81 63 45 14 34 26 84 46 31 98 13 93 16 67 65 60 7 20 23 68 52 33 75 64 66 88 49 80 11 5 51 90 21 53 76 1 32 70 42 79 10
6 19
6 1
25 18
25 33
25 84
17 64
17 27
8 23
8 32
27 37
89 92
89 49
47 86
47 74
54 65
54 59
87 93
87 38
57 26
83 68
83 20
83 33
61 92
61 88
92 68
92 42
2 60
50 82
50 45
0 74
0 68
38 11
62 34
62 81
62 28
37 34
37 67
4 36
77 46
96 93
96 80
39 11
39 53
39 99
99 29
74 97
74 5
86 51
97 7
85 98
24 30
24 28
69 16
69 91
28 16
58 76
58 40
40 23
40 46
59 31
82 75
41 52
36 64
36 7
36 21
81 10
63 23
63 49
63 66
14 34
14 26
26 31
84 98
13 60
60 90
7 90
52 53
75 64
66 79
49 11
11 70
21 1