49 1 18 19 65 2 3 47 66 22 67 5 68 6 27 63 7 41 79 8 58 30 74 9 24 10 11 48 31 60 12 44 70 14 90 94 15 32 39 62 28 80 17 53 71 43 34 46 21 86 89 23 26 72 84 82 54 29 36 37 78 38 99 40 42 45 97 83 73 69 91 64 51 98 88 85 61 95 96 16 55 35 76 20 93 52
49 91
1 65
1 18
18 34
18 19
18 8
19 52
65 40
65 23
2 47
2 66
3 22
47 73
66 20
22 5
67 53
67 64
67 42
5 68
68 80
68 71
6 63
6 27
27 21
7 41
7 79
41 82
79 10
79 93
8 74
8 58
8 30
58 89
30 24
9 24
11 60
11 48
11 31
48 12
31 55
60 84
12 44
12 70
44 29
44 82
70 96
70 91
14 94
14 90
90 39
90 85
94 46
15 32
15 39
32 84
39 37
62 73
28 82
28 54
28 16
80 78
17 53
17 43
71 21
71 98
34 99
34 38
46 83
21 86
86 64
89 69
23 26
72 51
72 64
72 97
82 38
54 73
54 35
29 36
99 61
45 97
97 83
97 88
85 95
61 76