0 3 10 38 12 85 88 8 17 98 63 70 60 78 89 9 97 40 58 69 56 39 33 90 81 35 62 72 21 51 13 31 45 94 11 36 47 15 53 95 91 93 96 92 6 49 64 42 52 66 44 76 59 37 71 34 75 20 30 2 55 16 86 29 27 99 43 18 5 7 22 68 61 80 79 28 32 84 25 73 54 74
0 3
0 10
0 16
0 29
10 38
38 12
38 85
38 74
12 88
12 8
12 17
12 27
12 68
85 98
85 97
85 22
88 70
88 89
8 63
8 60
8 39
8 72
8 91
17 49
63 40
63 58
63 47
70 78
70 9
60 56
89 71
9 37
9 86
40 69
40 6
40 80
40 54
58 90
58 94
58 15
58 61
69 33
69 35
69 59
69 32
56 36
39 81
39 51
39 64
33 21
33 95
33 76
33 73
90 62
90 45
90 28
35 79
62 13
62 31
62 93
62 84
21 53
21 44
51 96
51 25
13 11
11 30
36 42
47 2
53 99
95 92
91 52
96 34
49 66
64 75
66 7
44 18
76 55
34 20
20 43
18 5