0 5 83 88 11 85 47 15 19 46 82 62 79 10 74 90 54 71 37 66 20 9 22 24 70 38 49 43 56 75 16 94 91 41 73 80 18 55 96 32 6 67 7 23 36 95 17 89 68 52 77 2 28 78 58 84 53 4 26 25 1 65 63 42 81 40 34 98 14 97 86 50 3 57 59
0 5
0 95
5 83
5 88
83 28
88 11
88 77
88 14
11 85
11 70
11 4
85 47
85 15
85 22
85 24
85 57
47 46
47 90
47 20
47 7
47 59
15 19
15 62
15 79
15 10
15 37
19 82
19 71
19 58
19 3
46 74
46 86
62 41
62 84
79 9
79 43
79 97
10 54
74 6
74 17
90 67
71 32
37 66
37 75
37 73
37 80
37 78
66 56
9 38
9 49
9 55
24 23
70 96
38 16
38 50
49 91
56 36
75 81
16 94
16 63
91 18
73 68
96 53
96 42
67 2
36 89
36 25
36 98
95 52
95 26
77 65
84 40
53 1
4 34