0 87 58 88 54 32 21 1 22 80 5 89 2 28 47 57 67 60 40 46 90 85 65 64 78 38 15 71 74 36 70 66 79 49 13 55 42 37 45 86 81 11 18 27 20 69 50 9 84 77 4 39 75 76 8 19 98 51 30 17 24 83 82 73 10 52 62 48 26 92 7 72 93 97 33 61
0 87
0 58
0 89
87 85
87 65
87 15
58 88
58 54
88 21
88 1
88 22
88 80
88 64
54 32
32 2
32 72
21 46
21 90
1 67
1 70
22 13
22 11
80 5
80 66
80 55
80 37
5 71
89 19
2 28
2 47
2 57
28 60
28 4
47 49
57 39
67 78
67 61
60 40
60 33
46 27
46 93
46 97
90 36
85 74
65 38
38 82
71 42
71 81
71 73
74 24
74 52
70 79
70 50
79 20
79 69
79 75
49 10
13 18
55 9
42 83
37 45
37 8
37 30
45 86
45 76
11 26
11 7
18 98
27 84
69 48
84 77
4 17
8 92
98 51
30 62