0 26 88 20 33 36 76 80 83 24 41 86 45 56 18 43 9 98 4 66 71 79 22 72 81 29 6 87 59 99 65 52 75 39 69 23 25 11 14 1 70 8 96 16 3 12 31 94 53 60 54 38 51 28 78 93 84 50 19 37 85 27 46 90 15 2 92 97 82 44 67 68 17 95 30 63 13 61 40
0 53
0 80
0 26
26 17
26 46
88 94
88 54
20 4
20 79
33 8
33 28
36 76
36 39
83 70
83 96
83 14
83 2
24 16
24 31
41 43
41 56
86 27
86 95
45 27
18 25
18 97
43 25
43 4
9 23
9 17
98 19
98 69
66 25
66 40
71 38
71 39
71 60
22 87
22 93
22 81
72 8
72 6
29 94
6 51
6 39
6 59
59 50
99 51
65 2
52 27
52 75
52 63
75 54
75 15
39 97
23 85
25 95
25 92
11 15
11 12
11 93
1 31
96 44
16 46
16 61
3 44
31 67
94 2
94 90
28 82
78 19
78 50
84 17
37 68
37 13
46 95
97 68
97 30