55 36 75 15 20 87 52 4 28 30 64 97 22 62 63 61 24 44 96 2 50 98 38 7 89 13 18 43 1 82 6 79 49 51 65 19 69 29 76 45 72 5 23 10 95 42 78 86 46 14 32 94 26 9 3 21 59 39 90 81 68 84 47 91 60 93 54 57 27 80 67 0 12 8 73 71 31 16 77 25 11 85 40
55 45
55 32
36 6
75 94
15 81
15 12
20 79
87 46
87 57
52 68
52 46
52 4
4 51
4 93
4 64
4 19
4 27
28 49
28 86
30 8
64 80
97 13
22 3
22 14
62 38
62 44
63 47
63 98
63 24
61 24
24 73
24 11
24 85
96 21
2 18
2 29
50 51
50 16
98 6
98 79
38 76
38 68
38 39
7 42
89 49
89 5
89 42
13 23
13 84
18 0
18 71
43 81
43 67
1 39
82 14
82 73
82 32
6 69
6 72
6 21
79 23
79 77
65 29
65 59
19 3
19 31
69 59
45 81
5 14
5 54
5 10
10 95
95 94
42 91
78 60
86 90
32 8
26 54
9 47
9 25
21 40
60 80