0 10 3 74 82 65 94 69 83 76 87 71 77 91 93 68 66 98 79 97 96 89 80 88 85 84 67 92 78 73 95 41 57 13 1 31 6 39 26 44 20 36 9 15 51 45 5 43 63 12 18 11 33 47 29 40 19 62 54 4 37 22 58 48 59 38 24 52 64 72 75 90 81 86 70 99 60 53 21
0 10
0 74
0 82
0 65
0 94
0 69
0 83
0 76
0 87
0 71
0 77
0 91
0 93
0 68
0 66
0 98
0 79
0 97
0 96
0 89
0 80
0 88
0 85
0 84
0 67
0 92
0 78
0 73
0 95
0 72
0 75
0 90
0 81
0 86
0 70
0 99
10 3
3 13
74 12
65 1
94 41
69 6
76 15
87 31
71 9
93 39
68 5
98 45
79 19
97 44
96 43
89 33
80 20
85 29
67 4
92 36
78 18
73 11
41 57
57 26
13 63
13 47
1 51
1 40
31 62
6 53
26 54
44 52
9 58
9 48
9 60
15 22
45 38
5 37
5 24
18 59
29 64
38 21