21 11 47 81 27 60 28 72 51 56 83 63 90 79 4 3 94 97 30 6 80 84 35 54 1 10 44 96 18 23 52 58 19 93 88 45 74 78 75 12 82 87 43 99 98 33 61 53 76 70 13 41 89 37 31 14 65 8 46 32 20 73 22 57 24 77 71 48 39 85 55 64 36 29 2 40
21 11
11 47
11 81
81 27
27 60
27 79
60 28
60 72
60 4
60 1
60 29
28 51
28 63
28 90
28 97
28 6
28 54
28 23
72 56
72 83
51 61
56 18
56 19
56 45
56 85
83 84
83 35
83 93
83 88
63 96
63 75
90 3
90 94
79 10
79 52
79 89
4 53
4 8
4 2
3 30
3 39
3 64
3 40
94 80
94 36
97 44
30 58
30 82
6 65
80 12
35 70
54 74
54 73
1 98
10 46
10 48
44 55
23 78
23 87
52 33
58 43
58 99
58 24
19 37
88 57
45 77
78 31
87 22
43 76
43 13
43 41
99 14
53 32
76 71
14 20