89 73 47 4 71 79 48 23 18 76 32 30 82 19 7 43 22 85 34 57 94 88 80 95 78 96 11 97 75 58 12 49 9 41 77 36 15 69 2 98 61 16 56 27 92 42 54 8 25 44 35 53 81 67 64 10 5 52 38 90 99 26 83 6 87 29 3 62 93 55 91 84 20 72 65 70 50 1 66 60 46 17 68 28
89 80
89 92
73 43
47 42
47 48
47 17
4 53
71 18
79 55
48 15
23 22
23 20
23 34
18 75
76 8
76 16
32 87
32 8
30 36
30 94
82 90
19 12
19 85
7 25
7 99
43 27
22 88
22 81
57 78
57 72
88 84
80 29
80 10
95 98
95 20
95 62
78 53
78 2
96 70
96 90
11 42
97 54
97 69
75 70
58 61
12 70
49 77
49 61
9 77
9 55
41 8
77 27
36 91
15 81
69 67
2 6
2 46
61 10
16 44
56 99
42 68
54 20
8 53
8 83
44 99
35 83
53 81
81 3
81 1
64 29
10 50
5 83
52 83
52 28
38 91
38 60
90 87
26 29
6 93
29 3
93 66
91 65
91 72