0 1 2 3 4 5 6 7 8 9 10 11 12 13 14 15 16 17 18 19 21 23 24 25 26 27 28 29 30 31 32 34 36 38 39 40 41 43 44 45 47 50 52 53 54 56 58 59 61 62 63 64 66 67 68 69 71 73 75 76 78 80 81 82 83 84 85 87 88 90 92 94 95 96 98 20 37 49 51 55 57 60 97 91 22
0 11
0 34
1 18
1 22
2 31
2 12
2 29
3 39
3 40
3 27
3 17
3 32
3 15
3 8
4 32
4 41
5 44
5 30
6 45
6 21
6 14
7 27
8 49
9 12
9 23
9 11
9 52
9 51
10 16
10 32
10 12
10 54
10 53
11 55
12 58
12 18
12 57
13 59
13 16
14 62
14 25
15 63
15 64
16 66
17 67
18 69
19 71
19 28
21 75
21 76
23 80
24 81
24 82
25 84
26 85
27 87
27 88
27 20
29 92
29 91
30 94
31 95
31 96
32 98
32 97
34 36
38 40
39 37
41 43
45 47
50 52
54 56
58 60
61 63
62 64
66 68
69 71
73 75
78 80
81 83
82 84
85 87
90 92
94 96