1 81 15 56 36 68 37 71 66 65 10 41 22 38 74 7 93 20 33 98 4 78 51 86 19 76 73 89 9 32 39 52 48 18 0 16 17 58 12 47 2 34 85 95 69 91 82 92 46 45 13 23 62 25 96 79 97 99 35 28 53 31 67 50 3 77 5 61 54 88 40 75 94 14 21 87 63
1 81
81 15
81 56
81 23
15 68
15 37
15 34
56 36
56 10
56 41
56 22
36 38
68 93
68 58
37 71
37 7
37 28
71 66
71 52
71 46
66 65
66 21
65 0
10 63
41 32
41 16
41 95
41 94
22 74
38 86
38 14
74 20
74 33
74 13
7 48
7 2
20 98
20 73
20 45
33 51
33 99
33 75
98 4
98 78
4 19
51 89
51 40
86 9
86 39
86 91
19 76
19 97
76 87
32 12
39 18
18 17
18 67
18 88
0 5
16 47
16 92
12 85
12 62
47 82
2 50
85 31
85 3
95 69
82 61
92 96
46 35
45 79
62 25
97 54
28 53
28 77