0 24 81 5 82 32 2 22 16 31 4 20 7 6 11 12 3 18 28 23 98 17 56 19 30 33 9 1 10 27 15 8 13 37 66 21 65 25 38 26 46 97 94 41 74 58 43 44 63 69 79 54 77 67 88 68 49 71 78 52 59 86 61 76 87 83 84 96 47 39 34 29 14
0 24
0 33
0 34
24 81
24 5
24 82
24 32
24 2
24 22
24 16
24 31
24 4
24 20
24 7
24 6
24 11
24 12
24 3
24 18
24 28
24 23
24 17
24 19
24 9
24 1
24 10
24 27
24 15
24 8
24 13
24 21
24 25
24 26
24 29
24 14
81 83
5 43
5 44
82 84
32 98
32 30
32 97
2 37
2 38
22 77
22 78
16 66
16 65
31 96
4 41
20 74
7 47
6 46
11 56
12 58
3 39
18 69
23 79
17 67
19 71
30 94
9 52
10 54
27 88
27 87
15 63
8 49
13 59
66 68
21 76
26 86
63 61