0 71 44 3 1 2 4 6 7 8 9 72 73 74 18 13 75 12 15 17 40 76 19 45 21 43 47 57 50 25 52 54 56 59 60 26 28 30 32 34 61 62 63 36 64 81 65 89 66 84 86 90 67 82 68 69 70 41 22 23 24 77 48 78 91 93 95 97 99 79 49 5 10 11 14 16 51 53 55 58 27 29 31 33 35 88 85 87 37
0 71
0 1
0 2
0 4
0 6
0 7
0 8
0 9
0 18
0 10
71 44
71 3
71 72
71 57
71 5
44 40
44 45
3 13
1 11
2 12
4 14
6 15
7 16
9 17
72 73
73 74
74 75
18 19
75 76
40 43
40 41
76 77
19 21
45 47
45 48
57 50
50 25
50 52
50 54
50 56
50 59
50 60
50 51
50 53
50 55
50 58
25 26
25 28
25 30
25 32
25 34
25 22
25 27
25 29
25 31
25 33
25 35
60 61
60 81
26 36
61 62
62 63
63 64
36 37
64 65
81 89
81 84
81 86
81 90
81 82
81 88
81 85
81 87
65 66
66 67
90 91
67 68
68 69
69 70
22 23
23 24
77 78
48 49
78 79
91 93
91 95
91 97
91 99