0 9 10 27 29 31 33 35 37 39 41 1 21 43 45 47 49 51 53 55 57 59 61 2 24 22 63 65 67 69 71 73 75 77 3 11 79 81 83 85 87 89 91 93 4 14 5 25 95 97 99 13 6 7 8 19 20 12 16 15 23 30 32 40 44 52 62 64 66 72 74 76 80 82 88 90 92 18
0 9
0 39
0 10
0 29
0 41
0 37
0 31
9 20
9 33
9 81
10 3
10 49
10 18
27 2
35 12
1 21
1 55
1 61
1 43
1 59
21 4
45 4
47 8
51 14
53 16
57 20
2 22
2 24
2 75
2 63
2 67
2 73
2 65
2 62
2 64
2 66
2 74
24 7
22 6
22 19
22 3
22 40
22 76
22 90
69 13
71 15
77 23
3 87
3 89
3 91
3 11
3 93
3 44
3 80
3 82
3 88
3 92
79 4
83 12
85 14
4 5
4 25
4 14
4 95
4 99
14 12
5 13
25 23
97 8
13 16
6 30
8 19
8 32
19 15
19 16
16 72
15 52