0 2 5 6 7 8 9 10 11 12 14 15 16 18 19 21 23 24 26 27 28 29 30 32 33 34 36 37 39 40 41 42 43 45 47 48 50 52 53 54 55 57 58 60 61 62 63 64 65 68 70 71 72 74 75 77 78 80 81 83 85 86 87 89 90 91 92 94 95 96 97 98 99 1 51 56 93 4
0 75
0 89
2 64
5 9
5 14
6 55
6 45
6 1
7 41
8 27
8 15
9 62
9 18
10 40
10 96
11 94
11 78
12 58
12 30
12 99
15 81
16 85
16 26
16 71
16 37
16 62
16 4
19 92
19 83
21 74
23 47
24 61
24 41
24 29
26 97
26 60
26 57
26 28
27 55
28 43
30 39
32 90
33 65
33 54
34 71
36 47
39 42
40 53
40 92
41 80
42 71
47 53
48 91
50 53
52 99
52 70
52 93
53 70
55 61
58 74
58 68
58 72
60 64
61 98
61 68
62 87
62 77
63 95
65 97
71 95
75 86
80 90
85 91
86 97
86 94
97 51
99 56