34 23 83 16 4 68 72 50 33 70 99 40 92 9 14 24 18 95 32 89 39 10 58 85 6 79 77 84 35 62 29 82 36 78 54 25 64 41 13 76 56 20 21 47 73 94 80 53 3 52 30 12 38 63 8 42 71 15 98 75 88 60 17 5 90 51 66 67 57 59 93 49 96 31 87 61
34 23
34 83
34 16
34 4
23 67
4 68
4 40
68 72
68 50
72 92
50 33
50 99
50 93
33 70
70 95
70 8
99 14
99 18
99 32
99 77
40 51
92 9
14 24
14 39
14 29
14 54
14 49
24 79
18 38
32 89
39 10
39 58
39 61
10 82
10 41
10 21
10 73
58 85
58 6
58 13
58 20
85 78
6 84
6 62
6 36
6 52
79 94
79 63
79 96
77 71
84 35
84 47
84 17
62 64
29 31
82 76
36 25
36 57
25 88
64 56
41 30
76 80
56 3
56 90
20 15
20 87
21 60
94 53
52 12
12 59
38 75
8 42
8 5
15 98
88 66