0 47 41 67 79 7 38 99 50 81 63 30 95 84 53 12 54 10 24 91 17 72 97 56 89 26 39 45 71 88 44 21 6 32 5 90 86 27 2 31 69 3 16 49 33 29 61 28 64 11 75 14 40 77 9 35 80 96 23 60 62 15 94 65 43 22 25 42 20 1 73 70 58 57 92 13 55 52 36
0 47
0 41
0 38
47 67
47 79
79 7
7 99
7 63
7 95
99 50
99 84
99 1
50 81
63 30
95 53
95 31
95 15
95 70
53 12
53 6
53 94
12 54
12 24
12 26
12 21
12 25
54 10
54 2
54 69
54 3
10 91
10 56
10 28
24 17
24 72
24 44
17 45
72 97
97 89
97 58
56 73
26 39
26 71
26 32
26 40
39 77
45 90
45 86
71 88
71 36
44 5
21 27
6 57
6 92
5 33
27 23
2 61
69 16
69 29
16 49
16 65
16 43
49 64
49 9
49 13
29 11
29 75
29 96
64 80
64 55
75 14
14 35
14 62
14 52
77 60
35 20
96 22
60 42