0 3 2 18 5 44 47 6 1 42 12 17 19 23 8 28 71 72 14 7 97 11 93 54 4 55 46 9 16 73 59 31 67 26 50 10 34 79 95 56 60 84 78 83 90 66 92 89 38 62 96 81 37 64 82 86 30 43 41 21 29 24 22 32 69 13 51 99 49 45 36 27 76 25 74 15
0 3
0 2
0 5
0 6
0 1
0 8
0 7
0 4
3 28
3 31
3 26
3 30
3 29
3 32
3 27
3 25
2 18
2 17
2 19
2 23
2 21
2 24
2 22
5 44
5 47
5 42
5 46
5 43
5 41
5 45
6 54
6 55
6 50
6 56
6 51
6 49
1 12
1 14
1 11
1 9
1 16
1 10
1 13
1 15
12 97
12 99
8 71
8 72
8 67
8 66
8 69
7 59
7 60
7 62
7 64
11 93
11 95
11 90
11 92
11 89
11 96
4 34
4 38
4 37
4 36
9 73
9 79
9 78
9 76
9 74
10 84
10 83
10 81
10 82
10 86