0 12 13 58 10 9 48 47 60 59 54 80 23 91 74 18 55 43 50 67 36 73 88 28 27 93 85 56 84 16 57 71 96 87 76 17 82 79 8 53 2 51 77 86 38 95 32 5 41 92 65 31 33 72 44 30 24 68 49 98 42 61 46 45 1 25 83 7 3 6 66 35 26 97 89 78
0 12
0 49
12 13
13 58
13 48
58 10
10 9
10 6
9 93
9 71
48 47
48 54
48 18
48 88
47 60
60 59
60 50
60 36
59 96
59 24
54 80
54 23
54 55
54 53
80 91
80 74
80 67
80 82
80 92
80 97
91 43
74 28
74 27
74 85
74 66
55 87
55 32
55 46
43 42
50 2
50 51
50 35
67 56
67 84
67 86
67 95
67 65
36 73
27 26
93 25
85 16
85 76
85 79
85 83
56 57
56 89
84 38
84 98
16 17
71 72
71 44
96 5
76 77
82 78
79 8
2 3
51 68
38 7
95 41
32 31
32 33
31 30
49 61
98 1
46 45