0 19 12 25 26 1 20 15 28 29 30 2 21 9 32 33 3 5 35 36 4 14 13 37 38 16 7 24 40 41 6 18 43 44 46 47 8 49 51 11 52 54 10 23 55 57 58 59 60 17 61 62 63 65 66 67 69 70 71 72 73 74 75 22 77 78 79 81 82 83 84 86 87 89 90 92 93 94 96 97 98 99 34 88
0 26
0 25
19 83
19 84
19 82
12 62
12 63
12 61
25 74
25 57
26 94
1 30
1 28
1 29
20 87
20 86
15 72
15 71
15 70
29 54
30 58
2 32
2 33
21 90
21 89
21 88
9 54
9 52
32 97
3 35
3 36
3 34
5 41
5 40
35 86
36 61
36 73
4 37
4 38
14 67
14 69
13 66
13 65
38 98
16 75
16 74
16 73
7 46
7 47
24 97
24 98
24 99
40 65
6 43
6 44
18 81
18 79
43 81
46 74
8 51
8 49
51 82
11 59
11 58
11 60
10 57
10 55
23 96
23 94
59 66
60 99
17 78
17 77
62 90
66 69
71 77
72 75
74 92
22 93
22 92
77 79
83 99
90 99