0 34 21 75 3 33 5 31 4 17 20 8 12 10 25 14 24 11 32 15 7 23 16 27 28 18 30 9 40 13 42 63 29 68 6 54 19 26 73 53 58 44 35 84 74 60 52 98 49 90 91 65 64 46 83 48 85 62 38 51 61 81 79 92 36 1 39 95 88 22
0 34
0 21
0 3
0 33
0 5
0 31
0 4
0 17
0 20
0 8
0 12
0 10
0 25
0 14
0 24
0 32
0 15
0 7
0 23
0 16
0 27
0 28
0 18
0 30
0 9
0 13
0 29
0 26
0 1
0 22
34 36
21 75
21 11
21 6
3 40
3 39
33 35
5 44
31 95
4 42
17 68
20 19
20 73
20 74
8 49
12 58
10 54
10 53
25 84
25 83
14 62
14 61
24 81
32 98
15 63
15 64
7 48
23 79
16 65
27 88
28 90
9 52
9 51
40 38
13 60
29 91
29 92
6 46
26 85