0 8 10 11 15 16 17 19 22 23 28 30 45 52 57 58 59 62 63 65 66 70 71 72 73 75 76 80 82 85 86 87 90 91 92 94 95 2 12 27 32 34 37 41 42 43 47 50 53 54 67 68 69 81 83 84 89 96 9 20 21 26 35 36 61 77 5 33 40 46 48 79 99 6 88 51 97 7 18 56 55 3 38
0 72
0 80
0 66
8 70
8 2
10 5
11 6
11 90
15 77
16 65
16 92
17 37
17 12
19 48
19 68
22 79
23 89
23 91
28 34
30 87
30 51
45 81
52 26
52 76
57 69
57 12
58 84
58 50
58 92
58 3
59 99
59 9
62 97
62 61
63 43
70 73
70 83
71 21
71 86
72 42
72 84
73 32
75 95
75 40
82 94
82 9
82 84
85 46
86 27
90 35
91 41
94 32
94 81
95 42
27 33
32 88
32 35
32 18
34 36
42 21
43 89
43 26
47 7
50 53
54 77
54 36
67 7
67 46
68 84
69 81
84 97
84 96
89 5
96 38
20 51
20 36
20 21
21 56
35 5
46 6
79 99
88 55