1 99 98 97 96 2 3 4 5 95 6 7 8 9 10 11 12 94 13 14 93 92 15 16 91 90 17 89 18 19 20 88 87 21 22 86 23 24 25 85 26 84 27 83 28 82 29 30 31 32 33 81 34 80 79 35 78 77 36 76 37 75 38 74 39 40 73 41 42 43 44 45 46 47 48 49 50 51 72 71 52 70 69 53 68 67 54 66 65 55 64 56 63 57 62 61 58 60 0
1 99
1 2
1 0
99 98
98 97
97 96
96 95
2 3
3 4
4 5
5 6
95 94
6 7
7 8
8 9
9 10
10 11
11 12
12 13
94 93
13 14
14 15
93 92
92 91
15 16
16 17
91 90
90 89
17 18
89 88
18 19
19 20
20 21
88 87
87 86
21 22
22 23
86 85
23 24
24 25
25 26
85 84
26 27
84 83
27 28
83 82
28 29
82 81
29 30
30 31
31 32
32 33
33 34
81 80
34 35
80 79
79 78
35 36
78 77
77 76
36 37
76 75
37 38
75 74
38 39
74 73
39 40
40 41
73 72
41 42
42 43
43 44
44 45
45 46
46 47
47 48
48 49
49 50
50 51
51 52
72 71
71 70
52 53
70 69
69 68
53 54
68 67
67 66
54 55
66 65
65 64
55 56
64 63
56 57
63 62
57 58
62 61
61 60