52 2 7 20 31 91 25 69 49 94 16 77 28 41 18 80 90 71 17 38 22 82 10 47 43 19 81 88 3 72 76 54 36 32 44 75 78 9 93 21 51 65 14 45 62 83 24 63 23 40 30 59 29 89 57 98 8 68 73 92 58 50 27 86 66 70 85 97 87 56 39 64 60 55 1 53 13
52 2
2 7
2 20
2 30
7 93
7 65
7 14
20 31
20 69
20 57
20 56
31 91
31 25
25 50
25 53
69 49
69 21
69 39
49 94
49 41
49 17
94 16
94 77
94 28
94 38
94 75
94 51
94 13
16 80
16 3
28 18
28 23
28 60
41 71
41 10
41 81
18 62
18 59
80 90
80 76
80 55
90 22
71 82
71 47
71 43
71 19
71 98
17 73
38 9
22 24
82 72
82 8
10 32
47 64
43 44
43 1
19 88
81 54
81 36
3 45
76 83
36 68
32 29
75 78
75 87
9 70
93 58
93 85
51 40
65 89
24 63
63 27
63 97
40 66
59 86
73 92