34 77 43 86 17 54 80 20 6 11 88 45 32 75 91 63 97 68 2 25 51 26 66 41 60 38 15 58 65 69 39 94 23 52 84 47 31 59 37 14 57 64 95 92 4 76 33 22 82 96 83 5 48 42 53 55 35 62 98 90 99 3 40 81 46 1 44 74 7 21 18 87 78 0 71 49 28 8 56 36
34 77
34 68
34 60
34 0
34 71
34 8
77 43
43 86
43 17
43 6
86 52
17 54
54 80
54 20
54 11
54 88
54 91
54 28
20 63
6 32
6 49
11 45
45 2
45 82
32 75
32 66
75 41
75 38
91 65
63 97
63 26
63 37
68 25
2 36
25 51
25 59
25 62
51 94
51 14
26 69
66 92
41 15
41 4
60 23
38 64
15 58
58 84
58 95
65 39
65 31
65 22
65 99
69 35
39 76
23 57
84 47
31 5
31 74
59 96
37 3
57 83
64 98
64 21
92 55
76 33
33 7
22 56
96 53
83 46
5 48
5 42
53 90
53 87
55 81
55 18
35 1
35 78
3 40
1 44