0 63 64 27 99 98 97 8 9 41 96 23 86 95 20 94 72 46 89 24 82 88 69 10 47 73 93 13 42 14 6 74 85 45 61 2 7 71 44 39 43 79 12 87 56 60 5 81 33 49 48 11 70 57 17 37 21 50 26 29 78 58 77 35 18 30 34 67 52 28 65 53 76 51 1 15 90 40
0 63
0 99
0 1
63 64
63 27
64 65
99 98
99 20
98 97
98 8
98 23
97 96
97 86
8 9
8 41
8 7
9 82
9 88
41 69
41 40
96 95
96 61
23 24
86 13
86 85
86 87
95 94
95 72
95 6
20 21
94 46
94 89
94 93
72 73
72 71
46 10
46 47
46 45
89 90
88 53
69 70
10 11
47 49
73 42
73 74
73 37
13 14
13 2
13 12
42 43
14 48
14 15
6 5
74 81
85 79
85 17
45 44
45 33
61 60
61 26
44 39
43 77
79 78
12 56
87 52
56 57
60 28
81 58
33 34
49 50
48 67
11 35
37 29
21 51
50 18
29 30
77 76