0 1 2 3 4 5 6 7 8 9 10 11 12 13 14 15 16 17 18 19 20 21 22 24 25 26 27 28 29 30 31 32 33 34 36 38 40 42 43 44 46 47 48 50 52 53 54 56 57 58 59 61 62 63 64 66 68 69 70 72 73 74 76 77 79 81 83 84 86 88 90 91 94 96 97 23 37 39 41 60 65 75 93
0 33
0 3
0 34
1 36
1 17
2 38
2 30
2 5
2 37
3 14
3 40
3 39
4 16
4 25
4 42
4 41
5 44
5 43
5 13
5 23
6 46
6 21
7 47
7 48
7 22
8 50
9 52
9 14
10 53
10 54
10 25
11 56
12 17
12 58
12 57
12 19
12 27
13 59
13 60
14 61
14 16
14 62
15 63
15 29
16 65
17 24
17 68
18 69
18 70
19 72
20 73
20 74
20 28
21 76
21 26
21 75
22 31
22 77
25 84
25 26
25 83
27 88
27 32
28 90
29 91
30 93
31 96
32 97
42 44
46 48
50 52
54 56
57 59
61 63
62 64
66 68
70 72
74 76
77 79
81 83
86 88
94 96