0 57 31 40 20 18 43 17 25 50 3 26 4 89 97 75 85 74 87 94 81 88 95 84 90 92 98 77 78 86 80 2 27 1 13 19 16 9 24 58 23 21 10 8 34 70 12 62 29 52 41 56 32 60 37 46 39 28 72 67 35 36 61 38 45 30 59 53 54 55 65 64 99 82 76 96 83 14 93 79 71 44 5
0 57
0 97
0 75
0 85
0 74
0 87
0 94
0 81
0 88
0 95
0 84
0 90
0 92
0 98
0 77
0 78
0 86
0 80
0 82
0 76
0 96
0 83
0 93
0 79
57 31
57 26
31 40
31 18
31 99
40 20
40 43
40 17
40 25
40 64
18 89
43 50
25 3
3 4
4 36
4 61
4 45
97 27
75 2
85 14
74 1
87 16
94 23
81 9
84 13
90 19
92 21
98 29
80 8
2 24
2 58
1 62
1 52
1 41
13 34
13 70
13 32
19 12
16 60
16 37
9 46
24 10
58 39
58 28
23 56
8 35
34 67
70 71
12 72
29 38
32 59
37 30
72 5
67 53
61 44
45 54
30 55
54 65