1 2 3 96 97 98 5 6 7 8 9 10 11 12 13 14 16 17 18 19 20 22 23 24 26 27 28 29 31 32 33 34 36 37 38 39 40 41 42 43 45 46 48 49 50 51 53 54 55 56 57 59 60 62 63 64 66 67 68 69 70 71 72 74 75 76 77 78 80 81 82 83 86 87 88 89 90 92 93 94 21 25 30 35 44 47 52 58 61 65
1 3
1 98
1 97
2 5
2 98
96 93
96 97
5 7
6 8
7 8
8 9
9 10
10 12
11 13
11 14
12 13
14 17
16 18
16 17
18 19
18 20
20 22
22 24
22 23
22 21
22 25
23 26
26 27
27 28
27 29
29 31
31 33
31 30
32 33
33 34
33 35
34 36
36 39
37 38
38 39
38 41
40 42
40 43
41 42
43 45
43 44
45 48
45 46
48 49
48 51
48 50
50 47
51 53
53 54
53 52
54 56
54 57
55 57
56 59
56 58
57 60
60 62
60 61
62 64
62 63
64 66
66 68
67 68
67 65
68 70
68 69
69 71
71 74
72 74
74 75
74 76
75 78
76 77
78 80
80 82
81 83
82 83
83 86
86 89
87 90
87 88
90 92
92 93
93 94