78 16 11 34 82 41 47 15 50 1 64 61 53 70 97 25 59 90 19 72 29 21 94 9 99 5 51 6 87 44 91 20 77 54 86 28 74 81 39 96 67 49 92 42 83 48 43 66 45 71 58 4 38 80 7 76 30 32 60 93 17 37 56 57 10 40 31 36 14 98 52 3 84 88 79
78 16
16 11
16 34
11 82
11 41
11 47
11 14
82 15
82 61
47 17
15 50
15 25
50 1
50 28
50 52
1 64
64 19
64 29
64 39
61 53
61 32
53 70
53 97
53 40
25 59
59 90
59 74
90 72
19 21
19 44
19 54
19 31
19 79
72 7
29 67
29 49
21 94
21 87
21 20
21 48
94 9
94 99
94 5
94 3
9 77
99 43
5 51
51 6
51 37
6 91
6 84
87 76
44 58
91 45
91 80
91 93
20 96
20 56
54 86
28 83
74 81
39 92
96 42
96 88
49 66
49 4
92 57
42 30
48 38
48 36
43 71
80 60
17 98
37 10