0 26 25 27 87 56 10 57 47 7 84 46 48 54 9 97 62 81 52 19 32 78 83 40 18 79 12 61 2 82 65 73 17 16 13 98 5 60 44 69 29 75 41 33 70 66 64 51 72 15 6 11 30 76 77 1 37 91 8 59 96 89 36 4 34 22 93 68 35 23 38 3 95 53 63 42
0 26
0 25
0 27
26 87
25 56
25 47
27 70
56 10
10 57
57 96
47 7
47 84
47 54
47 97
47 81
47 32
7 46
7 48
84 19
46 62
48 40
54 9
54 78
9 52
9 53
62 12
62 65
62 73
81 18
19 83
19 82
32 2
32 44
32 64
78 17
83 30
40 5
40 60
18 79
79 51
12 61
12 63
61 98
61 69
2 33
65 13
65 72
73 16
73 29
17 76
17 77
16 75
13 66
98 36
5 41
5 42
60 11
60 37
60 91
44 6
33 38
66 89
51 8
72 15
72 35
11 59
30 1
30 34
30 68
37 4
91 22
96 23
36 3
22 93
93 95