0 15 20 25 26 1 4 28 30 2 24 31 32 33 3 22 10 35 36 37 39 5 12 18 41 42 6 7 43 44 45 14 19 46 48 8 23 49 50 51 9 53 54 55 56 11 58 59 60 61 62 13 16 64 65 66 68 69 21 70 72 73 74 75 17 76 77 78 79 80 81 83 84 86 87 89 90 91 93 94 96 97 98 47 52 63 82 85 92 95
0 25
15 70
15 72
20 86
20 87
20 85
25 78
25 42
25 97
26 61
26 72
1 28
1 30
4 37
4 39
30 68
2 31
2 33
2 32
24 97
24 98
31 44
32 76
3 35
3 36
22 93
22 91
22 92
10 56
10 55
36 84
36 60
37 61
5 42
5 41
12 62
12 61
12 63
18 79
18 80
18 81
41 66
6 43
6 45
6 44
7 48
7 46
7 47
43 46
43 86
14 69
14 68
19 83
19 82
46 75
48 62
48 91
8 50
8 51
8 49
23 96
23 94
23 95
49 74
50 53
9 54
9 53
9 52
54 77
56 81
56 93
11 58
11 60
11 59
59 64
13 66
13 65
13 64
16 75
16 74
16 73
69 76
21 90
21 89
73 96
17 78
17 77
80 89
83 86