0 34 33 11 55 56 5 8 28 2 32 25 16 89 19 18 13 1 24 27 22 43 12 9 29 26 14 31 15 3 91 35 21 20 7 95 77 71 54 52 87 86 62 75 81 82 90 60 49 74 59 98 41 65 73 88 72 38 70 61 57 63 92 53 50 37 10 23 44 17 30 6
0 34
0 33
0 11
11 55
11 56
11 5
11 8
11 28
11 2
11 32
11 25
11 16
11 19
11 18
11 13
11 1
11 24
11 27
11 22
11 12
11 9
11 29
11 26
11 14
11 31
11 15
11 3
11 21
11 20
11 7
11 10
11 23
11 17
11 6
55 53
56 54
5 43
5 44
8 49
8 50
8 30
28 89
28 90
2 38
2 37
32 98
16 65
19 71
19 72
18 70
13 60
13 59
1 35
24 81
24 82
27 87
22 77
43 41
12 57
9 52
29 91
29 92
26 86
14 62
14 61
31 95
15 63
21 75
20 74
20 73
86 88