0 10 11 20 12 13 14 5 30 1 40 41 50 42 60 51 45 70 43 31 52 46 80 47 61 53 81 90 48 82 91 92 93 83 49 54 62 94 84 95 39 59 22 2 55 96 32 29 69 58 71 4 97 79 19 56 18 38 9 89 28 68 17 88 99 16 98 87 27 67 37 3 23 73 78 26 66 36 24 77 25 74 76 75 21 44 57 8 63 35
0 10
0 1
10 11
10 20
11 12
20 30
20 21
12 13
13 14
14 5
5 4
30 40
30 31
1 2
40 41
40 50
41 42
50 60
50 51
42 43
60 70
60 61
51 45
51 52
45 46
45 44
70 80
70 71
31 22
31 32
52 53
46 47
80 81
80 90
80 73
47 48
61 62
53 54
81 82
90 91
48 49
82 83
91 92
92 93
93 94
83 84
49 39
49 59
54 55
62 63
94 95
95 96
39 29
39 38
59 69
59 58
22 23
2 3
55 56
96 97
29 19
29 28
69 79
69 68
58 57
79 89
79 78
19 18
19 9
18 17
38 37
9 8
89 88
89 99
28 27
68 67
17 16
88 87
99 98
27 26
67 66
37 36
23 24
73 74
26 25
66 77
36 35
77 76
76 75