91 79 5 2 8 18 3 14 99 32 62 37 15 88 61 89 50 10 63 17 55 56 75 97 29 95 40 92 24 57 65 72 33 21 31 82 85 86 49 71 70 98 67 46 69 54 51 44 80 90 96 27 43 66 45 53 94 41 83 30 34 76 7 39 26 11 23 77 19 12 78 87 22 16 9 28 42 36
91 92
91 96
91 79
91 9
5 87
5 88
5 71
2 30
2 44
8 99
8 88
18 86
3 54
3 24
14 69
14 96
14 85
99 7
99 80
32 72
32 95
32 53
62 15
37 82
37 57
37 95
15 27
88 97
88 61
61 23
89 11
89 31
50 33
50 80
10 76
10 70
63 17
17 82
55 43
55 66
56 21
75 30
29 90
29 57
29 28
95 49
95 16
40 16
40 78
92 19
92 70
57 34
65 30
65 34
65 26
33 45
33 51
21 12
31 98
31 71
82 54
86 77
86 41
98 67
46 41
69 54
27 16
66 45
45 76
45 42
45 36
94 11
94 22
41 83
34 77
76 12
7 39