0 1 99 98 97 96 95 94 93 92 91 90 89 88 87 86 85 84 83 82 2 3 81 80 79 78 77 76 4 5 75 74 73 72 6 7 71 70 69 68 8 9 67 66 10 11 65 64 12 13 63 62 14 15 61 60 16 17 59 58 18 19 57 56 20 21 22 23 55 54 24 25 26 27 28 29 53 52 30 31 32 33 34 35 36 37 38 39 40 41 42 43 44 45 46 47 48 49
0 1
0 99
1 2
99 98
98 97
97 96
96 95
95 94
94 93
93 92
92 91
91 90
90 89
89 88
88 87
87 86
86 85
85 84
84 83
83 82
82 81
2 3
3 4
81 80
80 79
79 78
78 77
77 76
76 75
4 5
5 6
75 74
74 73
73 72
72 71
6 7
7 8
71 70
70 69
69 68
68 67
8 9
9 10
67 66
66 65
10 11
11 12
65 64
64 63
12 13
13 14
63 62
62 61
14 15
15 16
61 60
60 59
16 17
17 18
59 58
58 57
18 19
19 20
57 56
56 55
20 21
21 22
22 23
23 24
55 54
54 53
24 25
25 26
26 27
27 28
28 29
29 30
53 52
30 31
31 32
32 33
33 34
34 35
35 36
36 37
37 38
38 39
39 40
40 41
41 42
42 43
43 44
44 45
45 46
46 47
47 48
48 49