0 17 65 66 1 64 5 6 85 63 88 7 83 42 34 84 23 70 48 68 77 58 92 72 37 93 20 97 21 71 44 11 98 25 46 79 74 22 75 10 18 91 3 82 56 57 90 76 53 33 78 35 41 19 86 52 95 60 69 81 59 50 27 29 4 30 47 9 13 62 40 8 16 26 43 99 45
0 17
0 65
0 37
0 99
17 18
17 33
17 81
65 66
65 64
65 85
66 1
66 92
1 58
1 72
1 20
1 97
1 10
1 56
1 53
64 5
64 63
5 6
5 83
5 68
5 77
5 26
6 7
6 16
85 86
85 40
63 88
63 84
63 48
88 70
7 8
83 42
83 76
42 34
84 23
84 46
23 19
70 79
48 35
48 62
68 69
77 50
58 25
92 93
72 74
72 43
37 71
37 44
20 21
20 11
20 90
97 98
21 22
44 91
44 82
44 59
44 45
25 52
46 47
79 78
22 75
10 41
18 29
91 3
3 95
56 57
57 4
33 60
86 27
81 9
29 13
4 30