0 81 70 79 32 93 60 96 2 4 12 44 56 17 92 31 61 30 47 24 41 21 34 49 54 10 91 37 97 95 11 53 1 28 29 39 23 68 84 5 25 66 7 67 15 77 94 71 82 88 69 86 26 76 40 38 6 63 58 72 52 45 80 75 16 73 55 59 90 89 36 22 19 8 78 13
0 81
0 70
0 32
81 89
70 79
32 93
32 60
93 96
93 4
93 17
93 47
93 28
60 2
60 61
60 49
60 86
96 12
96 6
4 41
4 36
12 44
12 24
12 71
12 88
12 8
44 56
44 11
44 5
56 68
56 67
56 59
56 22
17 92
17 34
17 91
92 31
92 21
31 30
31 97
61 58
61 19
47 54
47 10
47 1
47 82
47 26
41 16
21 37
21 55
49 69
54 95
10 76
95 73
11 53
11 39
11 23
53 94
28 29
29 63
39 52
23 84
68 13
5 25
5 66
5 38
25 77
66 7
66 15
7 78
71 40
82 80
40 90
38 45
63 72
52 75