79 88 62 77 65 38 8 36 46 91 18 94 7 32 78 60 55 75 51 6 63 5 45 57 28 84 11 25 2 89 21 58 10 68 19 33 13 53 81 90 40 14 42 61 27 74 76 9 15 59 85 48 24 3 86 82 92 67 73 64 35 47 98 99 1 17 96 34 0 37 83 43 12 72 93 4 49 41
79 88
79 62
79 49
88 77
88 65
88 38
88 21
88 42
88 72
62 27
77 46
77 91
77 83
65 8
65 36
65 10
38 93
8 19
8 14
8 24
36 74
36 96
46 18
46 94
46 60
18 32
18 78
18 5
18 89
18 12
94 7
94 84
7 75
7 63
7 76
32 28
32 82
32 35
78 43
60 55
60 53
55 51
55 67
55 98
75 6
75 45
51 40
6 57
5 11
5 25
5 3
57 48
28 37
84 41
11 90
25 2
2 81
2 4
21 58
21 33
21 85
10 68
68 13
68 86
19 59
13 15
53 61
90 47
40 1
14 99
42 9
42 0
9 92
15 17
67 73
67 34
73 64