0 1 2 3 4 5 6 7 8 9 10 11 12 13 14 15 16 17 18 19 20 21 22 23 24 25 26 27 28 29 30 31 32 33 34 35 36 37 38 39 40 41 42 43 44 45 46 47 48 49 51 53 55 57 59 61 63 65 67 69 71 73 75 77 79 81 83 85 87 89 91 93 95 97 99 56 70 84 90
0 1
0 2
1 3
1 4
2 5
2 6
3 7
3 8
4 9
4 10
5 11
5 12
6 13
6 14
7 15
7 16
8 17
8 18
9 19
9 20
10 21
10 22
11 23
11 24
12 25
12 26
13 27
13 28
14 29
14 30
15 31
15 32
16 33
16 34
17 35
17 36
18 37
18 38
19 39
19 40
20 41
20 42
21 43
21 44
22 45
22 46
23 47
23 48
24 49
25 51
26 53
27 55
27 56
28 57
29 59
30 61
31 63
32 65
33 67
34 69
34 70
35 71
36 73
37 75
38 77
39 79
40 81
41 83
41 84
42 85
43 87
44 89
44 90
45 91
46 93
47 95
48 97
49 99