0 1 9 2 3 5 6 10 12 13 14 11 17 16 18 19 15 21 20 24 26 34 25 27 28 29 30 31 35 38 39 32 36 41 43 44 40 47 48 60 53 50 51 58 52 54 55 56 63 64 57 61 66 68 69 65 72 73 99 76 75 84 77 78 80 85 87 88 89 86 92 91 94 96 95 4 7 33 46 59 62 71 79 42 67 81 93
0 1
0 9
1 3
1 2
2 6
2 5
2 4
3 10
5 14
5 13
6 7
10 11
12 11
13 19
13 16
13 18
14 15
11 17
17 20
16 21
19 24
15 34
26 25
26 28
26 27
34 25
25 33
27 31
27 29
27 30
28 35
30 39
30 38
31 32
35 36
38 44
38 41
38 43
39 40
36 42
41 47
41 46
43 48
40 60
60 53
60 61
53 51
50 51
50 58
50 59
51 52
52 56
52 54
52 55
55 64
55 63
56 57
63 69
63 66
63 68
64 65
61 62
61 67
66 72
66 71
68 73
65 76
65 99
76 75
76 78
76 77
75 84
77 80
77 79
77 81
78 85
80 89
80 88
85 86
87 86
88 94
88 91
88 93
86 92
92 95
91 96