0 1 3 4 5 7 8 10 11 12 13 15 16 17 20 21 23 24 26 27 28 29 30 32 33 34 35 37 38 39 41 42 44 46 47 48 50 52 53 55 56 57 58 60 61 62 63 64 66 68 69 70 71 72 73 75 76 77 78 79 80 81 82 84 86 87 88 90 92 93 94 95 96 98 99 2 14 43 51 74 83 91 45
0 17
0 48
1 76
1 45
3 52
3 72
4 37
5 64
5 80
5 86
7 80
8 87
8 33
8 78
10 39
10 80
10 95
11 38
12 75
12 56
12 46
12 74
13 76
13 51
15 84
15 26
15 42
16 99
17 60
20 23
20 26
21 41
21 93
23 52
24 62
26 35
26 41
26 43
27 35
28 92
28 71
28 34
29 38
29 98
30 32
30 64
33 53
35 46
37 63
37 61
38 69
39 87
39 76
41 63
44 79
47 77
48 71
48 55
48 91
50 72
52 99
55 81
55 2
56 70
56 14
57 62
58 95
60 70
60 66
62 64
63 88
68 69
70 96
71 82
73 82
73 83
75 76
76 94
77 94
79 80
88 90
93 98