0 2 3 4 5 6 7 8 9 10 12 13 14 15 16 17 18 19 20 21 22 23 24 25 26 27 28 29 31 32 33 34 35 36 37 39 42 43 44 45 46 48 50 52 53 55 57 58 59 60 62 63 64 65 66 67 69 71 72 73 75 77 78 80 81 82 84 85 86 87 89 90 91 92 94 96 97 11 41 70 76 79 83 88 98 40 54 30
0 34
0 3
0 33
2 37
2 7
3 23
3 40
4 15
5 43
5 22
5 44
6 46
6 45
6 8
7 29
8 9
9 52
9 19
10 53
10 18
10 54
12 57
12 58
13 60
13 16
13 31
14 62
14 21
15 63
15 64
16 66
16 65
17 27
17 67
18 22
18 26
18 70
19 72
19 71
19 20
19 23
20 73
21 25
21 11
21 76
22 78
22 77
23 80
23 79
24 82
24 81
25 28
25 84
25 26
25 32
25 83
26 86
26 85
27 87
27 88
28 90
29 91
29 92
31 96
32 97
32 98
32 30
33 35
34 36
37 39
42 44
43 41
46 48
50 52
53 55
57 59
58 60
62 64
65 67
69 71
73 75
78 80
82 84
85 87
89 91
90 92
94 96