0 1 3 4 5 6 7 8 9 10 11 12 13 15 16 17 18 19 20 21 22 23 24 25 26 27 28 29 30 31 32 34 35 37 39 40 42 43 45 46 47 48 49 50 52 53 55 57 59 60 61 63 64 66 67 68 70 71 72 73 74 75 76 78 79 81 83 85 87 88 90 91 92 94 96 97 41 44 51 65 69 89 14 84
0 34
0 20
0 31
1 35
1 11
3 40
3 28
3 39
3 26
4 42
4 17
4 29
5 7
5 19
5 43
5 44
6 46
6 45
7 47
7 15
7 29
7 8
8 49
8 50
9 52
9 13
10 27
10 53
11 55
11 30
12 30
13 59
13 60
15 63
15 64
16 30
16 66
16 18
16 32
17 22
17 24
17 67
17 26
18 70
18 25
19 71
19 72
20 73
21 76
21 75
22 27
22 78
23 79
23 24
24 81
25 83
25 84
26 85
27 88
28 90
29 91
30 94
31 96
32 97
37 39
43 41
45 47
46 48
49 51
50 52
57 59
61 63
61 14
66 68
67 65
70 72
71 69
73 75
74 76
85 87
90 92
91 89
94 96