1 3 2 4 5 6 8 7 9 14 11 12 13 15 16 18 19 20 21 23 24 25 26 27 28 29 31 32 33 34 35 37 38 39 40 41 68 44 43 55 46 45 49 47 48 53 52 56 57 60 58 59 61 70 62 63 64 79 66 67 75 72 74 77 80 0 10 17 22 30 36 76 78 50 69
1 37
1 3
1 2
1 0
3 4
4 5
4 29
5 6
6 8
6 7
6 39
8 9
7 27
9 28
14 15
14 11
14 10
11 12
12 13
15 16
15 24
16 39
18 23
18 19
18 26
18 17
19 20
20 21
20 22
24 25
25 40
26 29
27 31
28 38
31 32
31 30
32 34
33 37
33 35
35 36
40 41
40 68
41 64
41 44
68 77
68 75
44 55
44 46
43 55
43 50
55 63
46 48
45 52
45 72
45 49
45 66
49 53
47 48
48 74
53 56
56 57
57 60
60 58
60 75
58 59
59 67
59 79
59 61
61 70
70 62
62 69
64 76
66 80
75 78