0 6 9 14 16 21 36 52 53 54 65 66 67 72 76 80 81 88 1 2 10 15 19 22 28 31 35 38 44 49 50 63 64 68 70 77 82 98 7 32 33 40 41 48 60 62 73 5 17 47 58 85 93 97 27 79 83 87 11 20 37 42 61 69 95 43 24 86 91 92 34 29 18 46 55 4 23 51 96 45 56
0 81
0 65
6 40
9 11
9 95
14 85
14 86
14 28
16 63
16 60
21 47
36 7
52 49
52 10
53 35
54 83
54 82
65 29
65 47
66 11
67 24
72 61
72 41
72 73
76 1
76 60
76 37
80 18
80 28
81 17
88 32
88 20
1 68
1 35
2 41
10 79
15 38
15 48
15 69
19 47
19 4
19 56
22 31
31 61
35 93
38 47
38 98
38 77
44 73
49 58
49 11
50 63
50 97
64 27
64 73
64 23
70 41
82 37
82 92
98 87
98 40
7 92
33 18
41 47
41 79
48 24
48 85
48 46
62 92
5 61
93 43
27 92
79 34
79 96
83 45
20 91
20 86
42 69
24 55
92 51