1 4 5 7 11 12 13 14 18 19 24 28 30 31 35 36 42 43 45 46 49 53 54 59 61 66 67 68 70 71 77 81 84 86 90 92 95 96 99 2 9 16 20 21 26 27 29 37 47 48 56 57 58 62 69 73 76 79 82 94 10 33 38 52 75 88 23 34 60 83 98 55 65 22 74 0 32 50 80 91 41 8 44
1 14
4 49
4 77
5 29
5 13
7 90
11 2
11 56
12 58
12 83
12 21
13 71
14 62
14 26
14 67
14 77
14 66
14 81
14 0
18 28
19 54
19 23
19 10
24 47
24 66
24 88
28 82
28 46
28 56
30 23
30 53
31 84
31 16
31 79
35 42
36 54
36 21
36 52
36 68
42 70
43 59
43 61
45 27
46 21
46 91
49 41
59 69
61 62
61 22
67 60
70 92
71 55
71 27
77 23
81 76
86 75
90 92
90 76
95 29
95 48
96 58
99 37
99 52
99 38
99 8
99 44
9 29
16 22
20 37
26 32
26 80
27 60
47 34
48 57
62 50
73 74
73 82
94 55
33 98
33 75
75 83
55 65