0 86 69 80 10 39 85 95 18 66 98 25 40 62 14 78 96 51 58 24 52 63 30 50 12 21 75 43 71 83 22 55 56 48 82 13 57 74 49 36 89 4 76 33 72 87 32 94 31 79 99 17 91 77 64 65 90 47 2 42 23 8 20 27 46 38 81 26 93 11 34 16 88 45 19 44 67 37 3 35 92 97 5 53 68 1 29 73
0 86
0 69
69 80
69 88
80 10
80 39
10 85
10 95
10 81
85 18
85 66
95 98
95 91
95 73
18 25
18 40
18 62
66 14
66 78
66 96
98 51
98 45
40 58
40 2
62 29
14 24
14 52
14 63
78 30
78 19
96 50
96 20
58 72
58 87
58 1
24 12
24 21
24 75
24 23
24 11
52 43
52 71
52 83
52 44
63 22
63 34
30 55
50 56
50 67
50 53
21 93
75 57
75 74
75 26
43 48
43 82
71 90
83 13
22 46
22 37
56 49
48 36
48 27
48 68
13 89
13 3
57 4
57 76
57 94
57 97
74 33
74 35
49 5
89 31
4 17
33 32
33 92
72 79
32 99
99 42
17 77
77 64
64 65
65 47
42 8
27 38
27 16