0 26 33 34 35 36 39 44 45 46 11 32 1 3 10 37 6 47 7 8 15 4 55 13 20 21 29 31 25 22 56 59 54 23 66 41 2 71 69 60 43 57 5 42 50 38 73 14 51 18 61 58 68 75 67 49 76 72 30 12 27 28 74 48 9 62 77
0 26
0 1
0 3
26 33
26 11
26 32
26 31
26 30
33 34
33 25
34 35
35 36
36 39
39 44
39 66
44 45
45 46
45 60
46 69
46 72
11 29
11 27
1 2
1 49
3 10
3 37
3 6
3 47
3 4
3 51
37 62
6 7
6 8
6 13
6 12
6 9
47 55
7 15
8 59
15 20
15 21
15 22
15 23
4 5
55 74
20 54
21 48
29 56
29 57
29 28
25 41
56 61
59 71
41 43
41 42
2 50
60 67
5 38
5 14
38 73
38 58
14 18
61 75
58 68
75 77
49 76