0 79 48 84 19 24 47 53 43 21 73 8 31 14 61 4 86 81 38 74 80 50 13 29 3 11 62 69 55 15 95 83 82 65 40 67 58 49 77 16 51 71 89 6 2 96 66 37 87 94 36 44 75 46 88 72 57 59 45 64 56 5 32 63 42 54 20 7 98 78 93 60 39 91 17 12 33 10 1 52 76 34 68 70 92 97 28
0 43
0 38
0 57
79 62
79 83
48 62
84 49
84 54
84 5
84 40
19 29
19 94
24 44
24 4
24 87
47 43
47 3
53 60
53 3
53 93
53 1
53 68
43 64
43 28
21 42
73 40
73 36
73 92
8 39
8 89
8 10
31 14
31 55
31 32
14 37
14 6
61 66
61 5
61 15
4 16
4 60
4 70
86 87
81 78
81 91
38 55
74 78
80 87
50 39
50 12
13 44
29 71
29 2
11 72
11 88
62 7
62 77
69 88
15 45
15 51
15 33
95 5
95 64
95 58
82 75
82 37
65 66
40 52
67 56
58 91
77 93
16 56
51 72
51 98
71 78
71 59
96 88
46 17
46 98
56 63
42 93
54 39
20 91
20 76
20 97
91 34