0 8 28 30 32 34 36 38 40 42 44 45 1 16 12 47 49 51 53 55 57 59 61 63 2 3 22 65 67 69 71 73 75 77 79 15 9 81 83 85 87 89 91 93 95 97 99 4 19 6 18 20 14 11 26 13 17 25 21 24 27 29 33 35 39 43 46 48 54 62 64 66 68 70 74 80 90 96 7
0 8
0 45
0 38
0 36
0 42
0 34
0 28
0 35
0 39
0 43
0 46
8 12
8 33
8 68
8 7
30 4
32 6
40 19
44 24
45 25
1 12
1 16
1 51
1 61
1 57
1 63
1 27
1 54
1 62
16 4
16 71
12 6
12 26
47 2
49 4
53 11
55 17
59 22
2 3
2 22
2 69
2 67
2 73
2 77
2 79
2 65
2 64
2 66
2 70
2 74
2 80
3 9
3 15
3 97
3 99
3 83
3 81
3 89
3 87
3 95
3 29
3 48
3 90
3 96
22 21
22 24
75 20
15 19
9 20
9 85
91 17
93 19
6 18
14 13
14 11
14 17
26 24
17 25