1 49 2 3 4 5 6 7 8 48 50 9 47 51 10 13 46 52 11 12 17 16 18 19 45 53 20 44 54 21 43 55 22 42 56 23 41 57 40 58 24 39 59 25 38 60 26 37 61 27 36 62 28 35 29 34 30 33 32 63 64 65 66 67 68 69 70 71 72 73 74 75 76 77 78 79 80 81 82 83 84 85 86 87 88 89 90 91 92 93 94 95 96 97 98 0 15 14 31
1 49
1 0
49 2
49 3
49 48
49 50
3 4
4 5
5 6
6 7
7 8
8 9
48 47
50 51
9 10
47 46
51 52
10 13
10 11
13 12
13 15
13 14
46 45
52 53
12 17
17 16
17 18
18 19
19 20
45 44
53 54
20 21
44 43
54 55
21 22
43 42
55 56
22 23
42 41
56 57
23 24
41 40
57 58
40 39
58 59
24 25
39 38
59 60
25 26
38 37
60 61
26 27
37 36
61 62
27 28
36 35
62 63
28 29
35 34
29 30
34 33
30 31
33 32
63 64
64 65
65 66
66 67
67 68
68 69
69 70
70 71
71 72
72 73
73 74
74 75
75 76
76 77
77 78
78 79
79 80
80 81
81 82
82 83
83 84
84 85
85 86
86 87
87 88
88 89
89 90
90 91
91 92
92 93
93 94
94 95
95 96
96 97
97 98