50 51 1 3 5 7 9 11 13 15 17 19 21 23 25 27 29 31 33 35 37 39 41 43 45 47 49 53 55 57 59 61 63 65 67 69 71 73 75 77 79 81 83 85 87 89 91 93 95 97 99 52 54 56 58 60 62 64 66 68 70 72 74 76 78 80 82 84 86 88 90 92 94 96 98
50 51
50 1
50 3
50 5
50 7
50 9
50 11
50 13
50 15
50 17
50 19
50 21
50 23
50 25
50 27
50 29
50 31
50 33
50 35
50 37
50 39
50 41
50 43
50 45
50 47
50 49
51 53
51 55
51 57
51 59
51 61
51 63
51 65
51 67
51 69
51 71
51 73
51 75
51 77
51 79
51 81
51 83
51 85
51 87
51 89
51 91
51 93
51 95
51 97
51 99
51 52
51 54
51 56
51 58
51 60
51 62
51 64
51 66
51 68
51 70
51 72
51 74
51 76
51 78
51 80
51 82
51 84
51 86
51 88
51 90
51 92
51 94
51 96
51 98