0 1 2 3 4 5 6 7 8 9 10 11 12 13 14 16 17 18 19 20 21 22 23 24 25 26 27 28 29 30 31 32 34 35 36 37 39 41 42 43 44 46 47 48 49 51 53 55 58 59 60 62 64 65 66 67 70 72 74 75 76 78 79 80 81 82 84 85 87 88 89 91 92 94 96 98 33 45 50 83 90 95 97 15
0 34
0 10
0 9
1 35
1 29
1 36
2 25
2 37
3 13
3 8
3 24
3 32
4 20
4 41
4 26
5 43
5 44
5 8
5 31
6 46
6 23
6 45
7 48
7 47
7 29
8 29
8 49
8 50
10 53
11 55
11 23
12 58
13 60
13 59
14 62
14 28
16 66
16 65
17 67
17 22
17 28
18 70
18 20
19 72
19 31
20 74
21 75
21 76
22 78
23 79
23 80
24 81
24 82
25 29
25 83
26 85
27 87
27 88
28 89
29 92
30 32
30 94
31 96
31 95
32 98
32 97
32 15
34 36
35 33
37 39
41 43
42 44
46 48
49 51
58 60
62 64
65 67
74 76
78 80
82 84
85 87
89 91
92 90