0 37 20 60 62 64 66 68 70 72 74 76 78 80 82 84 86 88 90 92 94 96 98 1 43 45 31 30 3 13 19 4 24 15 5 6 34 7 9 8 44 32 50 10 40 52 57 11 47 29 12 14 51 18 55 33 25 21 22 27 38 28 39 56 36 58 35 53 61 65 67 73 81 87 91 93 95 97 99 41 54
0 20
0 37
0 68
0 86
0 84
0 66
0 72
0 88
0 70
0 96
0 80
0 62
0 82
0 92
0 60
0 76
0 90
0 61
0 65
0 67
0 73
0 81
0 91
0 95
0 97
37 5
20 10
20 25
64 10
74 24
78 29
94 51
98 56
1 43
1 31
1 45
45 12
31 6
30 58
30 15
30 36
3 19
3 13
19 33
4 24
4 15
24 25
15 55
6 34
34 11
7 9
9 50
8 32
8 44
44 33
32 14
50 10
50 93
10 40
10 57
10 52
40 18
40 22
40 87
52 35
52 39
57 11
57 99
11 47
11 29
11 41
29 56
14 51
14 18
51 21
55 54
27 38
38 36
28 39
58 53