95 27 92 18 34 87 73 64 69 35 68 43 51 56 54 66 21 44 97 47 29 52 80 15 81 37 55 23 72 28 79 5 48 36 7 61 42 83 89 76 99 85 71 91 88 58 67 16 4 1 20 77 10 30 96 22 3 19 8 59 13 31 53 90 86 26 46 62
95 27
95 92
95 18
95 34
95 87
95 73
95 64
95 31
95 53
95 90
92 69
92 35
92 68
92 43
92 51
92 56
92 54
92 66
92 21
92 44
92 86
87 59
69 97
69 47
69 29
69 52
69 80
69 15
69 81
69 37
69 55
69 23
69 72
69 28
69 79
69 26
69 46
69 62
35 5
35 48
35 36
68 7
43 61
56 42
56 83
56 85
54 89
66 99
21 76
21 71
44 8
97 88
97 58
29 10
52 67
52 30
80 20
81 4
81 96
37 91
37 16
37 1
37 77
23 22
72 3
79 19
91 13