0 12 56 15 54 81 88 25 66 44 28 46 47 64 26 77 83 52 50 96 33 73 75 38 92 67 29 53 34 4 69 41 27 76 89 22 32 39 5 19 37 7 57 93 97 11 62 87 8 86 80 90 59 78 42 10 94 23 21 61 30 71 65 35 60 17 58 18 24 98 85 1 31 48 82 74 2 51
0 12
0 83
0 75
0 35
0 85
12 56
12 15
12 81
12 88
12 7
56 54
56 44
56 26
15 28
15 47
15 38
15 39
15 21
54 46
54 52
54 24
54 31
81 66
88 25
88 33
88 2
25 1
25 51
66 64
44 73
28 5
46 42
47 96
47 89
47 22
64 77
83 50
50 76
33 90
33 59
73 58
75 8
75 71
38 92
38 29
92 67
92 4
67 69
29 53
53 34
53 41
53 27
53 65
53 60
53 48
53 82
69 18
41 62
27 86
76 97
89 32
89 19
89 74
32 37
32 87
32 94
39 57
5 78
19 10
7 17
57 93
57 61
93 11
8 80
10 23
61 30
24 98