1 2 3 4 5 6 7 8 9 10 11 12 13 14 15 16 26 27 24 25 30 31 32 28 29 20 21 22 23 33 34 35 36 37 38 39 40 87 88 90 91 41 42 43 47 48 49 50 51 54 55 56 57 58 60 44 45 46 61 62 63 64 65 72 66 68 73 74 76 85 86 78 79 80 81 82 84 93 94 95 83 96 98 92 0 67 77 99 17 69
1 2
1 72
1 0
1 99
2 3
3 4
4 5
4 20
4 57
4 90
5 6
6 7
7 8
8 9
8 98
9 10
9 85
10 11
11 12
12 13
13 14
14 15
15 16
16 17
26 25
26 27
24 23
24 25
30 29
30 31
31 60
31 48
31 32
32 54
32 33
28 23
28 29
29 76
20 21
21 22
22 23
23 96
33 34
34 78
34 35
34 80
35 36
36 37
37 38
38 39
39 40
40 41
87 86
87 88
90 91
91 92
41 42
42 43
43 44
47 46
48 49
49 50
50 51
54 55
56 93
56 45
57 58
60 61
44 45
45 65
45 46
61 62
62 63
63 64
65 66
72 73
72 69
68 96
73 74
76 67
76 77
85 86
78 79
80 81
81 82
82 83
84 83
93 94
94 95