0 27 26 55 74 16 73 10 58 56 63 57 12 11 53 99 60 24 98 59 97 9 86 65 52 54 61 13 36 64 85 20 35 77 37 89 81 4 94 38 39 48 79 7 23 18 30 95 32 17 29 44 71 72 40 46 2 28 47 5 31 15 51 33 41 69 67 76 88 49 21 84 14 19 90 34 25 91
0 27
0 26
0 25
27 74
26 55
55 10
55 58
55 63
74 16
74 88
16 73
10 56
10 57
58 11
58 53
58 99
56 91
63 12
57 35
12 61
11 60
11 59
53 9
53 86
99 24
24 98
24 97
24 21
98 77
59 65
59 36
97 85
9 52
9 54
86 20
65 13
52 94
52 48
52 34
54 37
54 81
61 67
13 64
64 89
85 79
85 29
77 17
37 4
81 18
81 30
81 32
4 38
4 39
94 23
38 40
39 44
39 71
39 72
48 7
48 51
7 46
7 47
23 95
30 69
32 2
32 28
17 76
71 15
40 5
2 31
2 33
5 41
31 49
33 84
69 14
21 90
84 19