0 1 95 91 85 92 83 82 44 90 98 97 79 57 36 65 68 59 75 46 74 73 78 67 61 50 66 58 54 69 76 93 51 26 81 86 94 87 3 28 19 99 35 15 12 14 23 5 24 18 11 34 4 39 8 21 37 16 7 29 27 43 89 88 84 56 62 47 48 49 63 60 55 77 45 96 72 53 70 71 80 64 52
0 1
0 79
0 57
0 36
0 65
0 68
0 59
0 75
0 46
0 74
0 73
0 78
0 67
0 61
0 50
0 66
0 58
0 54
0 69
0 76
0 51
0 81
0 56
0 62
0 47
0 48
0 49
0 63
0 60
0 55
0 77
0 45
0 72
0 53
0 70
0 71
0 80
0 64
0 52
1 95
1 91
1 85
1 92
1 83
1 82
1 44
1 90
1 98
1 97
1 93
1 86
1 94
1 87
1 99
1 89
1 88
1 84
1 96
95 19
92 14
90 12
97 21
57 15
36 26
36 3
65 23
68 28
75 35
74 34
78 39
50 7
66 24
54 11
69 29
26 5
86 8
3 4
19 18
19 37
12 27
23 16
7 43