0 10 25 26 1 28 29 30 2 6 31 33 3 22 23 11 35 36 4 5 38 39 19 40 42 16 44 45 7 20 46 47 8 18 49 50 51 9 12 52 53 54 56 57 58 59 61 62 63 13 17 65 66 14 21 68 69 70 72 73 75 76 77 24 79 80 81 82 83 85 87 88 89 90 92 93 94 95 96 97 98 99 32 34 41 60 64 84 91
0 26
0 25
10 56
10 57
25 87
26 45
26 62
1 29
1 28
29 44
30 51
30 88
30 70
2 33
2 31
2 32
6 45
6 44
31 40
31 49
3 36
3 35
3 34
22 92
22 93
22 91
23 95
23 96
23 94
11 58
11 59
11 60
36 81
4 39
4 38
5 42
5 40
5 41
38 50
19 82
19 83
19 84
42 73
16 73
16 75
44 47
7 47
7 46
20 85
20 87
8 51
8 50
8 49
18 79
18 81
18 80
49 72
9 52
9 53
9 54
12 61
12 62
12 63
52 96
54 92
57 88
58 97
59 82
59 66
59 75
61 93
13 66
13 65
13 64
17 77
17 76
14 69
14 68
21 88
21 90
68 70
77 94
24 99
24 97
24 98
80 95
81 83
89 90