0 57 27 60 67 63 49 50 51 56 62 48 58 64 45 61 65 42 53 52 40 41 55 68 43 66 3 30 11 33 38 32 6 31 22 36 35 24 7 17 28 25 18 26 37 21 1 20 12 9 23 92 94 97 34 99 90 88 96 78 75 84 91 95 72 82 44 54 16 59 46 13 47
0 57
0 60
0 67
0 63
0 49
0 50
0 51
0 56
0 62
0 48
0 58
0 64
0 45
0 61
0 65
0 42
0 53
0 52
0 40
0 41
0 55
0 68
0 43
0 66
0 44
0 54
0 59
0 46
0 47
57 27
60 30
67 38
63 33
49 13
51 16
56 22
62 32
48 11
58 28
64 35
45 7
61 31
65 36
53 18
52 17
40 1
41 3
66 37
3 6
30 26
30 92
11 24
33 94
38 99
6 25
31 9
22 21
36 20
36 97
28 23
28 90
18 34
1 12
1 88
1 96
1 78
1 75
1 84
1 91
1 95
1 72
1 82