0 1 2 3 4 5 6 7 8 9 10 11 12 14 15 17 18 19 20 21 22 23 25 26 27 28 29 30 31 32 33 35 37 38 39 40 42 43 44 46 48 50 51 52 54 55 56 57 58 61 62 63 64 66 68 69 71 73 74 76 77 78 79 81 82 83 84 86 87 88 90 92 93 95 98 49 53 70 75 80 89 34 16
0 30
0 34
1 35
1 29
2 38
2 32
3 40
3 20
3 39
4 42
4 25
5 43
5 44
5 14
6 18
6 46
7 48
7 11
7 30
8 50
8 25
9 22
9 51
9 30
9 18
10 54
10 21
10 53
11 55
11 56
11 25
11 27
12 28
12 17
12 58
12 57
14 62
14 61
15 63
17 68
18 69
18 70
19 29
19 23
19 71
20 31
20 73
20 74
21 76
21 75
22 28
22 78
23 79
23 32
25 84
25 83
26 86
27 88
27 87
28 90
28 89
29 92
30 93
32 98
33 35
37 39
38 40
42 44
50 52
51 49
54 56
61 63
62 64
66 68
66 16
74 76
77 79
78 80
81 83
82 84
86 88
93 95