0 1 2 3 4 5 6 7 8 9 10 11 12 13 15 16 17 19 20 21 22 23 24 25 26 27 28 29 30 31 32 34 35 37 38 39 40 42 44 45 46 48 49 51 53 54 56 57 58 60 61 63 65 66 67 68 70 71 72 74 76 77 79 81 82 83 84 86 88 89 90 91 92 94 95 97 33 36 41 43 50 78 14
0 34
0 30
1 35
1 30
1 5
1 21
1 36
2 7
2 8
2 38
3 26
3 40
3 39
3 19
4 5
4 24
4 41
5 44
5 43
6 29
6 45
7 48
7 25
8 49
8 22
8 50
9 51
9 20
9 22
10 53
10 54
10 25
11 56
11 32
12 58
12 57
13 60
13 31
13 30
15 28
15 63
16 65
16 66
17 67
17 30
19 71
19 72
20 74
22 28
22 77
22 78
23 30
24 82
24 81
25 84
26 86
27 88
28 89
29 91
29 92
29 14
30 94
31 95
32 97
35 33
37 39
38 40
42 44
46 48
54 56
58 60
61 63
65 67
66 68
70 72
74 76
77 79
81 83
82 84
86 88
89 91
90 92