1 2 4 5 6 7 9 10 11 13 14 15 16 18 19 20 21 22 23 25 27 29 31 33 34 36 37 39 40 41 43 45 46 47 48 50 52 53 54 55 59 61 62 63 64 65 67 68 70 71 72 73 74 75 76 77 79 80 82 85 86 88 89 90 91 92 93 94 95 96 98 99 51 57 3 26 30 56 66 87 97 44
1 68
1 53
1 87
2 22
4 6
4 72
5 21
6 16
7 77
7 47
9 22
9 77
10 20
11 74
11 36
13 39
13 76
14 68
14 31
14 71
14 65
15 20
15 62
15 19
18 52
19 59
19 48
19 64
20 22
20 95
20 23
21 52
22 93
22 65
22 90
22 55
22 3
22 26
25 86
27 54
27 61
29 46
31 94
31 44
33 47
34 80
34 99
36 95
36 50
36 63
36 30
37 52
37 93
39 70
40 96
41 85
41 93
43 93
43 73
45 77
46 76
46 71
47 75
48 51
54 82
54 86
54 91
55 92
62 56
62 97
63 57
67 71
70 89
72 91
73 66
75 98
76 91
79 90
88 57
89 96
92 99