0 26 62 63 65 67 69 71 73 75 77 79 81 83 85 87 89 91 93 95 97 99 1 30 3 47 43 25 23 4 8 38 5 7 6 48 12 9 27 49 10 20 11 31 60 16 13 32 14 44 15 41 37 29 17 18 58 56 57 34 22 51 53 55 59 35 40 36 45 42 54 64 68 70 72 74 76 78 80 82 86 88 92 94 98 28 33 2
0 26
0 77
0 99
0 63
0 62
0 89
0 97
0 93
0 64
0 70
0 72
0 74
0 76
0 78
0 80
0 82
0 86
0 88
0 92
0 94
26 55
26 53
26 3
63 4
65 6
67 9
69 11
71 14
73 17
75 20
79 27
81 29
83 31
85 35
87 37
91 43
95 48
1 47
1 3
1 30
30 35
3 25
3 23
47 56
43 31
43 15
43 2
25 10
23 18
4 38
4 8
8 33
38 6
5 7
7 12
6 48
48 17
48 54
12 16
9 27
9 49
49 56
10 20
10 68
20 34
11 60
11 31
31 40
60 17
16 29
16 37
13 32
32 18
32 22
32 44
32 28
14 44
15 41
41 57
29 59
18 58
22 51
53 98
59 42
59 36
40 36
36 45