0 18 69 21 75 1 7 19 8 6 24 14 12 22 10 32 9 13 29 72 11 20 31 16 15 30 27 34 2 5 33 26 73 23 28 49 81 98 78 47 57 62 82 50 53 61 44 85 46 87 64 74 38 91 92 96 89 93 42 90 37 86 79 70 51 71 97 76 48 3 25 17 4
0 18
0 27
0 34
0 33
18 69
18 21
18 1
18 7
18 19
18 24
18 14
18 12
18 22
18 10
18 32
18 9
18 13
18 29
18 11
18 20
18 31
18 16
18 15
18 2
18 5
18 28
18 70
18 3
18 25
18 17
69 71
21 75
21 8
21 6
21 30
21 23
21 76
21 4
75 73
7 26
7 47
7 48
19 72
8 49
8 50
6 46
24 81
24 82
14 62
14 61
12 57
22 78
10 53
32 98
32 97
9 51
29 91
29 92
20 74
31 96
30 93
27 87
2 38
2 37
5 44
26 85
26 86
23 79
28 89
28 90
62 64
44 42