23 80 17 48 22 7 31 68 72 35 98 32 82 40 56 90 33 50 96 30 66 65 29 94 26 63 79 28 41 78 38 18 74 77 10 76 57 9 93 24 1 5 87 97 2 25 21 12 47 81 71 45 91 58 60 92 64 59 13 51 62 73 8 15 44 85 20 34 54 61
23 80
23 48
80 17
80 22
80 7
80 31
80 81
17 73
22 68
22 72
22 35
22 98
22 40
22 33
22 30
22 66
22 94
22 5
22 25
22 59
22 44
7 13
68 32
68 56
68 90
68 79
68 78
68 74
68 71
68 62
68 85
72 82
72 50
72 1
72 8
35 51
98 96
98 65
98 29
98 2
98 58
98 15
32 63
32 76
82 18
82 9
82 60
40 26
40 38
40 64
56 77
56 10
56 54
90 28
90 41
90 57
90 12
90 34
90 61
33 20
50 93
50 45
96 47
30 87
30 97
63 24
78 21
38 92
74 91