0 13 38 8 14 64 68 53 45 46 50 57 62 63 40 4 51 55 48 47 43 7 79 67 49 54 61 97 59 30 25 75 6 11 23 24 71 32 12 21 10 20 29 15 1 19 9 74 80 33 73 37 77 86 89 93 88 85 82 92 76 70 94 22 69 58 44 65 56 41 60 42 52 66 2
0 13
0 38
0 8
0 64
0 68
0 53
0 45
0 46
0 50
0 57
0 62
0 63
0 40
0 51
0 55
0 48
0 47
0 43
0 67
0 49
0 54
0 61
0 59
0 69
0 58
0 44
0 65
0 56
0 41
0 60
0 42
0 52
0 66
13 4
13 7
13 79
38 97
8 14
8 75
14 80
14 22
64 32
53 19
46 9
50 15
57 23
62 29
40 2
4 30
4 25
4 6
4 71
55 21
48 12
47 10
7 74
79 1
54 20
30 11
25 24
6 73
11 77
23 86
24 33
20 37
1 89
1 93
1 88
1 85
1 82
1 92
1 76
1 70
1 94