1 2 3 4 6 8 9 11 13 14 15 16 17 18 19 20 21 22 23 24 25 26 28 29 30 31 32 33 35 38 39 40 41 43 44 46 47 48 49 51 52 53 55 56 57 58 59 61 62 63 65 66 67 68 69 70 71 72 73 75 76 77 78 79 80 82 83 84 85 87 88 90 91 92 93 94 95 96 97 99 7 54 64 74 81 98 37
1 2
1 25
2 19
3 4
4 68
6 30
8 28
8 9
11 83
13 63
13 14
14 15
14 51
15 16
16 68
16 57
16 17
17 18
18 19
20 70
20 21
21 22
22 23
23 99
24 87
24 82
25 33
25 26
28 52
28 71
29 72
30 31
31 32
32 33
35 93
38 39
38 79
38 98
38 37
39 70
39 40
40 41
43 84
43 44
46 94
46 64
47 48
48 49
49 84
52 77
53 67
55 56
55 54
56 57
57 79
58 67
58 81
59 97
61 62
62 63
65 87
65 66
66 67
67 68
69 73
69 96
72 73
75 76
75 80
75 74
76 77
77 78
79 80
79 7
80 93
83 84
84 85
85 97
87 88
90 91
91 92
92 93
93 94
94 95
95 96
96 97