0 3 4 17 18 28 33 47 66 72 1 5 11 15 20 25 52 69 2 6 8 12 13 31 37 38 44 45 53 59 64 70 82 95 9 21 56 67 91 14 19 22 27 36 39 41 51 58 40 85 99 29 97 35 68 26 65 46 60 63 77 87 90 98 50 61 96 81 79 80 86 23 7 89 34 16 48 75 93 30 73 76
0 3
0 28
0 72
0 23
3 59
3 48
3 75
4 21
4 18
4 7
4 93
17 1
18 82
28 79
28 6
28 38
33 58
33 12
47 46
66 68
66 13
72 98
1 5
1 52
1 89
5 58
5 14
5 19
5 51
5 22
5 16
11 21
11 15
11 34
15 2
15 30
20 12
20 21
25 26
69 70
69 90
69 9
8 99
8 95
12 31
12 76
13 44
13 39
37 81
37 27
37 46
37 91
38 64
44 27
45 90
53 63
59 82
70 21
82 96
9 97
56 36
56 80
67 19
14 77
14 99
14 60
14 63
27 98
27 41
27 35
27 40
36 87
36 29
39 61
85 46
99 65
97 26
26 87
46 86
77 73
50 86