0 8 17 24 78 86 91 1 16 29 50 57 75 85 96 2 41 49 94 3 18 34 73 46 76 98 6 69 72 77 7 22 42 19 23 60 10 12 25 40 59 80 27 36 53 89 95 55 15 39 92 61 28 88 21 65 54 79 48 37 44 62 31 63 56 66 99 67 35 45 43 47 51 97 70 52 84 30 13 9 38 58 74 11 14 90 68
0 86
0 17
8 23
8 73
17 57
17 23
24 62
24 44
78 80
78 52
78 7
91 34
91 55
1 85
1 96
1 29
1 50
16 49
16 2
29 27
29 10
29 66
50 69
50 38
57 35
75 65
85 56
85 90
96 88
2 94
41 79
41 56
41 14
49 45
49 37
49 88
49 9
94 43
3 34
18 92
18 22
34 12
73 40
46 48
76 84
98 69
98 31
98 84
6 77
6 72
72 51
7 22
22 39
42 19
19 61
23 60
60 95
10 25
10 59
10 58
10 74
12 53
12 36
27 11
36 15
36 54
36 45
53 89
95 97
95 28
95 21
95 13
92 70
61 43
28 63
28 56
88 48
88 68
65 37
79 99
44 97
63 70
63 30
99 51
67 35
43 47