0 34 8 18 4 17 12 32 16 11 5 15 19 3 65 28 10 26 98 14 24 20 30 7 21 41 22 43 1 9 23 2 93 6 27 72 50 36 55 82 57 73 68 47 63 45 44 74 61 89 53 76 85 75 54 81 52 94 58 77 83 37 38 66 25 42 49 70 71 69 33 29 13
0 34
0 8
0 18
0 4
0 17
0 12
0 32
0 16
0 11
0 5
0 15
0 19
0 3
0 28
0 10
0 26
0 14
0 24
0 20
0 30
0 7
0 21
0 22
0 1
0 9
0 23
0 2
0 6
0 27
0 25
0 33
0 29
0 13
34 36
8 50
8 49
18 70
18 69
4 41
4 42
17 68
12 57
12 58
32 98
16 65
16 66
11 55
5 43
5 44
15 63
19 72
19 71
28 89
10 53
10 54
26 85
14 61
24 82
24 81
20 73
20 74
30 93
30 94
7 47
21 76
21 75
22 77
9 52
2 37
2 38
6 45
81 83