0 95 23 83 81 35 24 54 67 89 72 88 18 34 14 99 3 78 52 26 39 5 4 77 17 94 43 13 42 27 61 70 6 49 9 58 20 8 51 12 16 21 38 76 91 32 90 98 53 66 31 40 75 29 44 47 74 93 19 97 33 87 63 41 37 65 25 69 79 50 48 71 64 80 7 1 2 30 28 68 11 15 36 82 57 92 86
0 81
0 80
95 6
23 94
83 5
83 26
81 9
81 99
81 39
81 87
35 48
35 50
24 77
24 43
54 29
67 78
67 11
89 64
89 94
72 74
72 51
72 1
88 16
88 13
18 93
34 58
34 43
14 27
14 61
99 21
99 2
3 39
78 38
78 29
78 15
78 82
52 98
39 93
5 42
4 17
4 94
77 90
77 27
77 49
17 31
17 47
94 20
43 21
43 6
43 40
42 97
27 92
70 58
20 97
20 98
20 7
8 12
8 51
8 16
21 75
21 33
38 97
38 68
38 57
38 86
76 37
91 79
32 37
32 97
90 63
90 50
98 53
98 41
98 19
98 36
53 74
53 69
66 65
66 64
75 44
29 30
74 63
93 71
33 79
87 25
63 28