0 1 2 29 8 34 84 89 54 67 63 59 56 69 57 81 73 33 71 62 55 68 72 60 21 76 64 10 79 74 58 7 26 42 50 44 46 41 35 45 17 39 48 6 3 23 18 9 4 14 19 31 12 15 11 30 96 97 92 99 16 77 53 83 88 86 61 66 70 87 82 90 75 78 37 43 51 40 47 49 65 80 85
0 1
0 7
0 42
0 50
0 44
0 46
0 41
0 35
0 45
0 39
0 48
0 37
0 43
0 51
0 40
0 47
0 49
1 2
1 54
1 67
1 63
1 59
1 56
1 69
1 57
1 33
1 71
1 62
1 55
1 68
1 60
1 64
1 58
1 53
1 61
1 66
1 70
1 65
2 29
2 8
2 34
2 84
2 89
2 81
2 73
2 72
2 76
2 79
2 74
2 77
2 83
2 88
2 86
2 87
2 82
2 90
2 75
2 78
2 80
2 85
29 10
8 21
8 26
84 23
89 30
54 3
63 18
57 6
71 31
62 14
21 9
79 12
7 17
26 19
17 4
39 11
6 92
3 96
3 97
3 99
18 15
30 16