17 23 8 60 73 33 95 13 97 38 28 44 18 63 30 22 50 56 65 49 89 53 12 34 3 37 52 70 61 43 85 1 24 19 96 29 41 88 36 27 10 90 94 2 83 99 58 78 14 32 48 80 47 69 42 74 98 15 82 87 5 84 6 67 26 55 81 46 93 21 7 16 9 62 40 79 25 0 45
17 23
17 0
23 8
23 60
23 33
23 32
23 48
8 73
60 95
60 9
33 82
95 13
95 97
95 28
95 65
95 21
13 38
13 18
97 44
97 49
97 89
97 52
38 50
28 63
28 56
28 61
44 24
44 99
18 22
63 30
63 70
63 26
22 7
50 81
56 85
56 41
49 37
49 88
49 5
49 16
49 45
89 53
89 84
53 12
12 34
12 36
34 3
52 78
70 67
61 43
61 19
43 47
85 1
85 90
85 87
1 96
1 29
1 83
24 93
24 62
96 42
29 27
29 10
29 69
29 6
41 14
41 79
36 15
27 55
10 94
10 58
10 74
10 40
10 25
94 2
78 80
48 46
69 98