0 60 24 27 79 55 80 25 30 33 53 67 97 85 86 20 15 62 47 35 91 12 95 46 40 90 26 99 4 96 3 94 2 72 9 78 84 28 42 82 68 70 88 31 11 52 38 17 8 44 92 93 75 87 29 51 77 13 64 54 83 41 1 23 98 45 74 6 5 71 63 7 65 49 59 69 81 39 19 56 76 16
0 38
0 64
0 47
60 40
60 84
60 24
24 6
24 85
24 17
24 76
27 12
27 29
79 71
55 6
80 15
25 13
25 7
25 19
30 98
30 1
33 13
53 42
67 91
97 40
85 31
85 69
86 29
20 1
20 72
20 49
20 91
15 99
15 52
62 87
62 70
62 5
62 42
35 88
12 63
12 31
95 41
95 63
46 88
46 70
46 90
46 96
90 23
26 6
99 94
4 72
4 7
96 3
96 82
94 77
2 84
2 9
78 45
84 11
28 93
28 51
28 41
42 39
42 56
68 92
68 87
31 74
31 92
52 45
17 13
17 81
8 83
8 16
44 13
92 65
92 75
75 59
51 71
77 64
54 41
83 65
45 7