1 2 3 4 5 6 7 8 9 10 11 12 13 14 15 16 17 18 19 20 21 22 23 24 25 26 27 28 29 30 31 32 33 34 35 36 37 38 39 40 42 44 46 48 50 52 54 56 58 60 62 64 66 68 70 72 74 76 78 80 82 84 86 88 90 92 94 96 98 41 43 45 49 51 53 55 63 65 67 71 73 75 77 81 83 85 89 91 93 95 97 99
1 2
2 3
3 4
4 5
5 6
6 7
7 8
8 9
9 10
10 11
11 12
12 13
13 64
13 66
13 14
13 63
13 65
14 37
14 15
14 35
14 36
14 38
15 16
15 32
15 31
15 33
15 34
16 39
16 40
16 17
16 42
16 41
17 18
17 68
17 70
17 67
18 19
19 20
20 21
21 22
22 23
23 24
24 25
25 26
26 27
27 28
28 29
29 30
31 44
31 46
31 43
31 45
32 50
32 52
32 48
32 49
32 51
33 54
33 56
33 53
33 55
34 62
34 60
34 58
35 74
35 72
35 71
35 73
35 75
36 76
36 80
36 78
36 77
37 84
37 82
37 81
37 83
37 85
37 89
38 90
38 86
38 88
39 92
39 94
39 91
39 93
39 95
40 98
40 96
40 97
40 99