61 85 51 72 57 71 56 23 99 1 89 12 4 11 39 42 30 44 92 82 31 47 95 40 35 36 68 43 9 59 73 46 60 0 69 15 48 20 75 28 8 67 64 27 16 84 83 10 49 88 32 54 81 37 58 33 77 3 29 65 6 38 55 52 21 63 70 22 79 50 25 66 97 87 7 76 45 5 86 80 94 62 98 96 17
61 85
61 89
61 31
61 95
85 51
85 72
85 23
51 71
51 87
72 57
72 99
72 11
57 7
71 56
71 97
23 1
23 12
23 42
23 30
23 76
1 4
1 39
1 44
1 45
12 92
12 82
11 35
39 69
39 5
39 94
42 86
44 81
44 98
92 0
92 10
82 15
31 47
31 40
31 68
31 73
47 60
95 9
95 28
40 36
40 46
40 20
68 43
68 75
68 67
43 62
9 59
9 8
73 27
46 84
0 3
69 48
15 58
20 83
20 49
20 80
8 96
67 64
27 16
84 22
83 77
83 65
83 70
10 88
10 54
10 33
49 79
88 32
88 38
32 52
32 21
81 37
77 6
3 29
3 17
65 63
38 55
21 50
22 25
25 66