1 4 5 11 14 18 19 23 29 31 32 35 36 37 39 42 43 46 50 53 57 61 62 63 67 68 70 74 80 85 86 92 94 95 96 98 8 15 21 26 28 30 41 45 49 54 65 72 75 79 87 88 2 7 12 22 44 48 52 69 73 84 90 97 3 25 58 83 47 60 76 89 91 6 20 10 55 34 24 71
1 45
1 11
1 30
4 32
4 98
5 75
14 91
18 95
18 94
19 95
23 21
29 28
31 87
31 35
31 88
32 44
32 58
35 60
36 79
37 70
37 92
37 52
39 22
39 43
42 69
42 70
42 60
43 96
46 83
46 86
46 92
50 79
50 90
50 54
50 6
53 73
57 44
61 30
62 63
62 95
67 48
67 89
68 90
70 71
74 7
74 91
80 85
85 91
86 15
92 7
92 73
92 55
94 28
96 73
96 8
15 49
15 41
21 83
21 79
26 69
28 54
28 47
30 48
30 84
45 3
45 20
49 58
49 10
49 34
54 75
65 25
65 84
72 76
79 24
87 76
87 97
2 22
12 69
3 83