0 27 25 65 47 91 22 93 56 92 62 68 14 12 69 67 52 10 41 82 61 9 55 58 86 19 57 54 13 66 20 40 7 53 97 49 8 37 87 46 24 35 51 4 48 78 81 84 18 33 99 98 3 38 71 73 11 32 34 21 17 36 88 23 77 16 94 74 29 95 30 43 75 1 6 44 26 64 39 5 59 50 2
0 27
0 25
0 21
0 23
0 26
27 97
27 49
27 37
27 87
25 65
25 47
25 91
65 13
47 7
91 22
91 56
91 62
22 93
22 92
93 68
56 10
56 58
92 86
62 12
62 52
62 41
62 82
68 14
14 69
14 67
12 61
69 71
69 73
52 9
10 57
41 5
82 19
61 55
9 54
9 53
55 40
58 11
86 20
57 32
13 66
13 64
66 84
7 46
7 48
97 24
97 35
49 8
8 51
8 50
37 4
37 78
37 59
87 81
24 99
24 98
35 3
51 33
4 38
4 39
78 17
81 18
33 30
33 2
98 74
3 34
3 36
38 29
73 16
21 88
17 77
88 43
23 94
23 95
16 75
29 1
43 6
6 44