2 4 9 10 15 19 20 21 22 27 28 29 32 35 37 41 44 46 49 53 54 59 62 64 67 68 69 71 72 75 76 79 83 85 87 88 92 93 94 98 99 1 13 16 24 38 39 45 48 55 61 63 65 77 78 80 82 7 8 23 34 58 95 96 97 6 17 25 42 66 90 91 26 40 60 86 47 14 18 51 89 31 56 3 50
2 21
2 95
4 55
4 77
9 72
9 7
10 88
15 71
15 90
19 79
19 25
20 64
20 40
21 80
22 37
27 34
27 17
28 46
28 49
28 76
29 76
29 39
32 65
32 92
35 95
37 87
37 24
37 44
37 91
41 93
44 17
46 14
46 68
49 75
53 64
54 94
59 85
62 92
62 38
67 58
67 47
68 16
68 88
68 96
69 25
71 82
79 97
83 90
85 58
85 26
87 23
87 14
88 82
92 95
92 50
93 8
94 78
98 96
98 99
99 6
99 61
1 39
13 42
16 3
24 18
38 82
38 51
45 40
45 91
45 31
48 77
55 61
63 86
63 58
78 91
7 8
7 40
23 66
23 56
96 89
97 90
25 42
91 86
60 86