0 2 3 5 4 10 12 13 6 9 11 15 18 17 21 27 25 30 19 32 22 33 24 26 29 34 35 36 39 41 37 38 44 45 54 46 51 47 49 50 52 61 55 56 59 58 60 65 66 63 62 64 67 68 73 70 72 71 76 77 78 75 81 88 79 84 85 87 89 86 91 99 90 93 92 95 96 97 16 20 40 48 53 57 7
0 2
2 3
3 4
5 6
4 12
4 13
10 6
10 11
10 13
12 18
12 16
13 21
6 9
6 7
15 25
15 27
18 30
18 19
18 32
17 21
27 29
25 26
25 24
19 33
19 22
19 20
22 24
33 35
33 34
34 39
34 36
35 41
39 38
41 44
41 40
37 38
44 45
44 54
45 46
45 51
46 47
46 48
51 49
49 50
50 52
52 55
52 61
52 53
61 63
55 56
55 59
59 58
58 57
60 66
65 64
65 68
65 67
66 68
63 62
62 64
67 73
73 72
73 77
70 76
70 71
71 77
76 81
77 88
77 79
78 79
75 81
81 84
88 89
85 87
85 89
87 86
89 99
86 91
91 90
99 97
90 93
93 92
95 96
96 97