16 67 77 96 64 54 1 98 29 80 18 28 57 86 59 72 20 50 31 78 32 94 2 76 48 38 51 6 89 5 14 84 24 23 85 93 33 36 53 52 37 60 79 10 61 66 58 44 91 90 41 9 39 63 30 13 7 4 73 27 65 15 8 82 99 26 42 22 35 47 19 34 40 68 83 0 81 69 12 75 92 21 88
16 2
16 5
67 1
67 58
77 81
77 31
96 85
64 51
64 68
64 10
64 94
64 89
64 18
54 44
54 1
1 8
98 35
98 13
29 66
29 80
80 81
80 22
80 6
28 86
28 48
28 10
57 36
57 0
86 32
86 23
86 27
59 72
59 93
20 51
20 88
50 33
78 68
94 63
76 68
76 12
76 75
76 92
48 85
38 5
51 8
6 23
89 5
89 99
5 26
14 40
14 24
84 41
24 53
93 79
33 68
36 47
36 61
36 15
53 61
52 0
37 26
37 47
60 73
79 4
66 73
44 4
91 99
91 83
90 7
90 15
90 42
41 7
9 35
39 13
39 27
63 82
30 26
65 22
8 69
99 34
47 19
68 21