9 8 2 16 75 31 56 74 98 7 77 63 5 49 48 57 46 40 38 92 23 78 50 10 72 87 93 12 58 82 13 27 47 90 26 15 67 59 17 34 30 22 69 21 76 25 51 32 28 83 29 88 36 33 54 71 55 73 65 41 96 80 44 86 95 62 66 68 79 81 99 4 53 24 91 97 42 85 39 45 89 11
9 50
8 78
8 23
2 16
2 74
2 75
16 56
16 24
75 81
75 42
31 50
56 55
56 34
74 71
74 76
74 39
98 73
7 40
77 49
77 83
63 32
63 67
63 41
63 29
63 4
63 85
5 48
49 15
48 38
48 57
48 62
57 81
46 38
40 58
40 17
92 79
92 50
92 26
23 13
78 79
10 87
72 51
72 13
72 21
87 67
87 69
93 80
93 88
93 82
93 11
12 58
12 82
58 22
58 27
13 47
90 66
90 54
90 83
90 89
67 99
59 71
30 36
69 86
69 28
25 32
25 51
51 65
32 88
32 53
36 73
33 54
54 91
54 45
71 96
71 73
73 68
96 80
96 66
80 97
44 86
95 81