0 1 2 3 10 12 13 11 5 6 8 9 19 14 15 28 20 21 16 45 22 23 24 27 29 30 31 33 34 35 38 39 50 43 40 41 46 47 48 51 56 49 57 52 55 54 64 61 60 71 58 70 62 63 65 66 69 86 68 73 77 76 75 82 87 78 79 80 81 83 84 85 88 4 7 18 17 44 26 25 36 32 37 42 59
0 3
0 1
1 12
2 10
2 13
3 10
3 11
3 4
12 17
13 14
13 16
11 20
11 21
11 18
5 6
6 9
6 8
8 14
8 28
8 7
9 19
19 45
19 44
14 15
28 30
20 22
22 23
23 24
23 27
23 26
24 25
29 30
30 35
30 34
30 33
31 38
34 32
35 39
35 50
35 36
38 39
50 49
43 40
43 46
43 37
40 41
46 47
46 42
47 48
47 56
47 51
48 57
51 52
56 60
56 71
49 57
57 58
52 54
55 61
64 63
64 65
61 63
61 60
71 70
58 59
70 73
62 63
65 66
66 69
69 68
86 68
86 87
77 78
76 87
76 75
75 82
82 83
82 81
87 88
78 79
79 80
80 81
83 84
84 85