3 14 11 10 19 4 6 7 13 12 2 1 15 17 76 78 16 74 53 55 79 67 69 77 58 50 51 56 59 71 63 8 65 62 73 85 96 99 91 95 97 20 27 29 26 23 25 24 92 89 86 90 80 94 88 87 81 30 31 32 33 34 35 36 37 38 39 40 42 49 41 46 47 0 9 18 5 72 70 66 61 64 60 52 57 68 54 75 21 28 22
3 14
3 11
3 19
3 20
3 0
14 9
11 10
19 4
4 6
4 13
4 2
6 7
7 5
13 12
13 17
2 1
2 15
2 18
1 16
1 8
17 76
17 53
76 78
78 74
78 79
78 71
78 65
78 73
78 72
78 70
78 66
53 55
53 58
55 51
55 63
55 61
79 67
79 69
79 77
79 68
79 75
69 85
58 50
58 64
58 60
58 52
50 56
56 59
56 57
56 54
63 62
85 96
85 99
85 91
96 95
96 90
99 97
99 86
91 92
91 94
20 27
20 29
20 26
20 24
29 23
29 30
26 25
26 21
23 28
23 22
92 89
89 80
89 87
80 81
94 88
30 31
31 32
32 33
33 34
34 35
35 36
36 37
37 38
38 39
39 40
40 42
40 49
40 41
49 47
41 46