59 46 38 97 86 70 18 63 34 68 37 71 8 61 99 58 40 26 98 44 80 19 96 48 77 27 72 95 39 14 11 15 25 23 30 4 56 36 3 94 64 65 69 6 60 47 79 17 42 10 5 74 20 62 33 78 57 87 66 29 73 16 21 49 92 76 35 2 90 0 9 7 88 54 12 67 1 93
59 46
59 71
59 72
59 0
46 38
46 48
46 27
46 14
38 97
38 86
38 96
97 70
86 63
86 37
86 54
70 18
70 8
70 23
18 34
18 25
18 6
18 92
18 7
18 93
34 68
68 40
68 26
37 79
71 42
71 29
8 61
8 58
61 99
61 98
61 44
61 80
61 4
99 77
99 49
58 12
58 67
40 78
26 36
26 3
98 15
44 73
80 19
80 90
19 9
96 20
27 5
27 57
72 95
72 62
72 88
72 1
95 39
95 11
95 87
39 16
25 66
23 30
23 94
23 64
23 21
30 65
30 47
4 56
56 10
64 69
65 60
69 35
60 33
79 17
17 76
5 74
20 2