0 20 10 57 59 61 63 65 66 68 70 72 74 76 78 80 82 83 85 87 89 91 1 9 92 93 95 97 99 2 24 4 7 47 51 46 5 30 41 45 6 55 8 13 35 33 36 17 11 12 54 16 21 14 27 18 48 19 22 50 43 25 28 31 42 32 52 37 49 44 56 58 60 62 67 69 71 75 86 88 90 3 15 23
0 20
0 10
0 66
0 82
0 76
0 85
0 70
0 59
0 91
0 57
0 60
0 62
0 67
0 71
0 75
0 86
0 88
0 90
20 24
20 11
20 69
20 3
10 17
61 9
63 11
65 14
66 16
68 19
72 27
74 31
78 41
80 43
82 45
83 46
87 50
89 52
1 93
1 92
1 97
1 99
1 95
9 36
92 2
2 24
2 56
4 47
4 51
4 7
4 46
7 5
46 19
46 6
46 28
5 45
5 30
5 41
5 58
6 55
55 44
8 35
8 33
13 21
13 16
35 18
33 17
33 36
17 12
12 54
12 15
54 42
16 27
21 50
21 14
18 48
48 37
19 22
50 25
43 42
43 23
31 42
32 52
52 44
37 49