0 12 19 23 28 31 33 36 37 58 64 66 78 89 97 1 4 9 25 43 52 72 73 80 83 98 99 2 14 18 42 45 55 62 69 84 93 13 60 74 79 96 8 11 16 20 22 26 29 57 71 90 92 21 30 32 38 44 49 51 63 88 6 24 54 68 94 7 77 48 65 91 46 85 15 76 61 34 95 40 87 86 17 27
0 28
0 66
12 96
12 43
19 23
19 58
23 11
23 97
31 15
31 89
31 97
31 90
33 29
33 91
36 54
36 22
37 1
58 2
64 73
66 30
66 4
66 92
78 15
89 72
89 60
97 49
1 43
4 90
4 20
9 99
9 48
9 80
25 43
52 54
72 85
73 57
80 90
83 6
83 26
98 24
2 45
14 94
14 15
18 48
42 45
55 16
55 77
62 93
62 7
69 26
84 38
84 71
13 76
74 96
74 21
74 17
79 15
79 95
96 30
96 86
8 24
8 16
8 34
11 32
22 90
26 57
29 63
71 6
71 30
90 24
90 40
92 88
32 7
38 44
44 68
49 87
49 27
51 94
24 61
77 91
77 76
65 85
91 46