0 37 18 7 14 26 38 20 60 57 71 45 62 63 73 55 70 61 72 69 51 66 48 56 53 54 49 50 68 16 21 43 41 86 11 15 30 24 1 9 8 17 34 82 23 84 28 39 22 29 12 13 87 98 78 75 80 89 94 95 93 96 33 4 27 47 59 52 67 99 64 46 65 58 2
0 37
0 38
0 20
0 60
0 57
0 71
0 45
0 62
0 63
0 73
0 55
0 70
0 61
0 72
0 69
0 51
0 66
0 48
0 56
0 53
0 54
0 49
0 50
0 68
0 47
0 59
0 52
0 67
0 64
0 46
0 65
0 58
37 18
37 7
37 99
18 86
7 14
7 26
7 27
14 82
20 16
20 21
57 24
45 1
63 34
70 41
61 30
72 43
51 15
48 8
56 23
53 17
49 9
50 12
68 39
16 11
16 84
43 29
41 22
15 28
1 87
1 98
1 78
1 75
1 80
1 89
1 94
1 95
1 93
1 96
9 13
34 33
23 2
29 4