1 5 7 10 9 17 14 24 20 36 28 44 34 31 48 22 51 46 33 55 57 38 39 32 59 50 40 43 67 41 68 74 86 69 78 94 73 81 98 85 83 77 82 90 93 87 54 52 58 2 8 95 66 12 25 15 53 26 71 3 13 6 0 18 19 23 35 49 27 37 30 56 60 42 47 64 70 84 72 96 99 80 88 92 97 89 91
1 5
1 7
1 2
1 0
5 10
5 6
7 9
7 8
7 12
9 17
9 14
9 3
9 13
17 24
17 20
17 15
17 18
17 19
24 36
24 22
24 23
36 28
36 44
36 34
36 48
36 46
36 25
36 26
36 35
28 27
44 31
44 33
44 32
44 43
44 42
44 47
31 40
31 41
31 30
48 51
48 38
48 39
48 49
48 37
51 55
51 57
51 50
51 52
55 56
55 60
57 59
57 58
59 67
59 54
59 53
59 64
67 68
67 74
67 69
67 66
67 71
67 70
74 86
74 73
74 72
86 78
86 94
86 98
86 85
86 84
86 96
78 77
94 81
94 83
94 82
94 93
94 95
94 92
94 97
81 90
81 80
81 91
98 87
98 99
98 88
98 89