40 11 32 61 78 13 9 15 35 71 50 19 66 39 65 28 79 2 68 48 33 4 34 74 7 10 17 49 52 55 59 60 70 73 76 82 87 88 3 14 29 30 45 51 57 64 80 81 86 75 67 62 24 18 85 22 8 72 77 42 44 25 46 47 5 43 6 21 89 1
40 3
11 57
32 29
32 6
61 74
61 70
61 82
78 74
13 3
9 67
9 5
15 44
35 28
35 76
35 52
35 46
71 10
71 67
50 43
50 42
19 18
66 70
66 30
39 75
39 62
65 25
65 67
65 60
28 59
79 62
2 48
2 43
68 45
33 46
33 88
4 75
4 8
34 25
34 70
7 64
17 88
49 75
49 80
52 81
52 45
52 1
55 70
60 14
70 3
73 82
76 72
76 77
76 18
87 3
29 57
29 24
29 85
51 57
51 80
64 25
81 86
86 44
86 89
85 46
22 77
72 21
25 43
46 43
47 5