0 28 86 15 16 17 92 9 70 71 54 81 60 99 72 37 73 82 25 38 91 8 96 93 24 7 58 79 80 5 35 22 34 57 67 13 2 19 46 41 53 33 52 21 43 68 26 61 94 4 40 1 89 31 23 49 97 42 27 63 18 39 10 83 75 59 55 84 85 45 48 3 56 14 50 98 64 76 87
0 28
0 86
0 15
0 92
0 9
0 70
0 54
0 81
0 60
0 99
0 37
0 73
0 82
0 25
0 8
0 96
0 93
0 7
0 58
0 79
0 5
0 35
0 22
0 34
0 67
0 13
0 2
0 19
0 46
0 41
0 33
0 43
0 26
0 94
0 4
0 1
0 89
0 31
0 23
0 49
0 42
0 63
0 18
0 39
0 83
0 75
0 59
0 55
0 84
0 45
0 48
0 3
0 56
0 50
0 64
0 76
0 87
28 27
86 85
15 16
15 14
16 17
92 91
9 10
70 71
71 72
54 53
60 61
99 98
37 38
25 24
96 97
58 57
79 80
22 21
67 68
41 40
53 52