25 37 36 38 27 41 42 43 28 29 33 46 30 32 31 49 39 40 44 45 1 3 4 5 9 6 7 10 11 12 13 15 16 17 18 20 23 24 21 22 80 88 96 57 65 82 98 52 99 54 66 69 67 68 85 56 61 64 97 55 70 78 86 58 81 74 77 51 50 76 89 83 84 62 95 63 26 35 34 48 47 8 19 14 53 87 75
25 37
25 35
37 38
36 38
38 39
38 26
27 42
27 52
27 80
27 87
41 39
42 43
43 49
43 33
43 46
43 44
43 45
28 33
28 34
29 46
33 32
33 47
30 32
30 31
32 97
31 48
39 11
39 40
44 95
1 3
1 4
1 16
4 54
4 5
5 6
9 11
6 7
7 8
10 13
10 12
11 12
11 99
12 77
12 75
15 16
15 88
15 14
16 86
17 18
18 84
18 62
20 21
20 23
20 24
20 19
23 54
24 98
21 22
22 52
22 57
96 66
65 50
65 51
82 63
82 50
82 64
98 55
52 81
99 67
54 83
66 69
69 74
67 55
68 64
85 89
85 63
56 77
61 74
61 76
61 70
55 58
55 53
70 58
78 83
76 62
95 63