1 8 6 40 5 0 10 91 98 17 86 4 54 2 12 70 7 25 83 42 9 19 3 32 96 72 39 14 27 15 31 18 13 64 69 36 21 49 20 22 80 11 23 41 95 60 57 45 65 77 26 84 68 88 28 37 92 51 24 97 73 52 87 35 63 46 53 75 44 74 58 82 48 55 56 16 50 94 71 29 67
1 8
1 6
1 40
1 5
1 0
1 82
1 48
8 71
5 10
0 17
0 4
0 2
10 91
91 98
17 86
17 39
4 54
4 12
4 11
4 23
4 94
54 95
2 70
2 7
2 19
2 3
2 32
2 55
12 92
7 25
7 42
7 9
7 15
25 83
42 56
9 14
9 18
9 16
19 96
3 13
3 36
3 21
32 72
32 64
39 41
14 27
14 31
14 50
15 20
15 57
31 60
18 51
18 29
64 69
69 73
36 80
21 49
21 22
49 65
49 77
20 45
22 28
11 24
23 26
23 37
41 53
45 87
45 46
65 67
26 84
26 68
84 97
68 88
28 52
24 35
35 63
35 44
63 74
46 75
46 58