1 2 3 40 97 68 37 63 6 85 61 58 11 28 21 53 77 91 90 35 39 88 33 69 46 13 9 76 73 52 71 30 27 8 96 98 41 70 65 25 57 84 83 4 55 15 50 78 74 94 86 60 81 89 34 49 29 66 99 48 12 43 24 36 87 26 80 42 20 38 79 59 18 95 0 75 51 32 93 7 16 10
1 84
1 37
1 36
2 53
3 66
40 34
40 60
97 83
68 8
68 43
68 27
37 34
63 84
63 9
63 77
63 16
6 73
85 49
85 99
61 65
61 90
58 13
11 94
11 48
11 75
28 42
21 84
21 73
53 33
53 15
77 38
91 55
90 33
90 66
35 86
39 46
88 76
69 79
46 65
13 43
9 87
76 80
76 4
73 27
52 71
52 79
30 34
96 20
98 48
41 81
41 0
70 29
70 59
25 95
57 42
57 24
84 93
83 48
4 50
55 36
55 10
78 81
78 18
78 51
74 49
94 66
94 49
86 36
81 42
81 80
81 26
89 24
89 66
89 7
34 95
66 79
12 38
43 59
87 32
20 18
38 79