83 34 90 89 91 96 84 25 62 97 2 78 70 17 20 23 9 8 6 95 46 85 39 66 13 69 30 57 48 45 98 33 1 15 11 24 76 61 68 53 19 16 99 79 74 55 75 94 88 67 60 4 12 40 81 87 54 22 5 51 71 92 31 80 27 26 42 37 73 63 49 52 0
83 34
83 90
83 89
83 91
83 96
83 84
83 25
83 62
83 97
83 2
83 78
83 70
83 17
83 20
83 23
83 9
83 8
83 6
83 95
83 46
83 85
83 39
83 66
83 13
83 69
83 30
83 57
83 48
83 45
83 98
83 33
83 1
83 15
83 11
83 24
83 76
83 61
83 68
83 53
83 19
83 16
83 99
83 74
83 94
83 88
83 40
83 81
83 87
83 54
83 22
83 5
83 51
83 71
83 92
83 31
83 80
83 27
83 26
83 42
83 37
83 73
83 63
83 49
83 52
83 0
34 79
34 4
90 55
90 67
89 75
62 60
2 12