0 2 24 62 64 66 68 70 72 74 76 78 80 82 83 85 87 89 91 93 95 97 99 1 36 43 3 44 4 8 5 10 42 37 7 52 31 9 11 28 56 12 61 14 38 59 15 41 16 55 40 17 45 20 18 22 19 21 23 54 32 35 27 30 34 50 39 47 60 49 25 63 65 67 69 71 73 75 81 84 90 92 94 96 6 29 48 53 51 58
0 24
0 2
0 70
0 82
0 89
0 68
0 91
0 95
0 93
0 87
0 78
0 99
0 72
0 66
0 74
0 80
0 83
0 25
0 67
0 71
0 75
0 81
0 84
0 90
0 92
0 94
0 96
2 43
2 63
24 54
24 41
24 32
24 35
62 1
64 4
76 19
82 28
85 32
97 50
1 36
1 43
3 44
44 4
44 18
44 12
4 8
5 10
5 37
5 42
5 65
5 51
10 69
42 22
37 30
37 41
37 6
37 53
7 31
7 52
52 21
31 17
9 11
9 58
11 56
11 28
56 60
61 40
14 38
14 59
38 27
59 20
59 16
15 41
15 73
16 55
16 40
55 49
40 19
17 20
17 45
18 22
22 29
23 54
27 30
30 48
34 50
50 49
39 47
47 60