1 4 20 36 46 48 52 57 68 80 81 91 98 6 7 11 18 22 34 37 38 43 45 82 83 90 17 49 53 70 72 77 87 89 93 96 3 8 10 13 27 32 58 62 85 97 16 23 29 31 60 71 5 25 21 30 59 92 35 64 88 9 14 41 66 67 73 76 99 75 74 19 94 47 40 12 95 26 65 56 79 50
1 22
1 18
1 34
4 16
20 8
36 34
46 73
46 81
46 38
48 89
52 31
52 93
57 8
68 96
80 30
80 70
81 11
81 40
81 67
91 27
98 96
98 53
98 5
6 21
6 7
7 72
7 64
7 88
7 18
7 71
7 95
11 50
18 13
22 62
22 32
37 97
37 74
38 30
43 27
43 97
43 94
45 35
82 96
82 99
83 87
90 41
90 32
17 59
17 49
49 89
53 29
53 9
72 23
72 76
77 73
87 85
87 47
93 85
96 59
3 8
3 62
10 99
10 66
10 12
58 92
58 85
58 16
97 23
97 92
31 35
60 9
71 67
71 26
71 56
5 25
25 75
88 99
14 67
14 19
14 79
76 65