98 93 56 80 65 38 62 86 17 73 1 54 52 28 42 41 75 27 58 4 49 35 10 26 81 99 11 29 40 5 12 33 23 44 61 84 45 47 57 34 70 31 9 60 37 79 96 51 71 36 76 89 97 74 14 20 16 48 8 25 90 55 68 88 13 53 72 85 63 43 69 92 78 15 24 19
98 93
98 72
93 56
56 80
56 38
56 1
56 49
80 65
80 99
38 62
38 86
62 17
86 73
86 54
17 43
73 52
73 28
73 41
73 75
1 42
1 35
1 10
54 47
54 57
52 45
28 34
28 53
28 63
42 81
41 58
41 69
75 27
75 40
27 84
27 8
27 19
58 4
58 61
4 5
4 12
4 44
49 26
49 14
10 13
26 29
81 16
99 11
99 48
11 20
29 88
29 85
40 96
5 33
5 31
5 76
5 74
12 79
12 55
33 23
33 71
33 90
33 78
23 37
61 70
61 24
84 89
47 92
70 9
70 15
9 60
37 51
96 36
96 68
71 97
71 25