56 29 13 90 30 38 33 57 92 31 19 84 61 42 86 41 10 44 16 85 11 22 98 28 14 6 34 23 51 69 32 58 50 65 36 91 76 71 70 87 20 53 24 72 77 49 37 39 9 94 67 52 2 4 64 12 18 15 21 83 75 66 73 47 54 26 8 81 89 88 0 60 43 45 46 96 25 55 79 27 99
56 29
56 19
56 18
56 0
29 13
29 57
29 84
13 90
90 30
90 38
90 33
57 92
92 31
92 73
19 67
19 81
84 61
84 22
84 36
84 21
84 54
84 45
61 42
61 16
61 24
61 60
42 86
42 50
42 91
42 25
86 41
86 10
86 98
86 23
41 27
10 44
10 72
10 79
44 8
44 55
16 85
16 11
16 28
16 34
85 51
85 77
85 64
22 9
98 65
98 43
28 14
28 6
28 89
14 26
6 46
34 58
51 69
69 32
32 12
65 49
36 52
36 96
91 76
91 71
76 70
76 37
71 87
71 20
70 2
87 53
20 99
53 47
24 94
77 39
77 75
39 15
2 4
12 83
21 66
66 88