0 33 20 74 10 26 73 27 8 3 11 22 28 23 54 53 7 12 2 21 31 29 55 30 32 18 16 17 24 19 9 75 5 1 88 15 56 6 49 50 57 14 81 70 39 47 67 48 59 91 78 66 64 51 82 62 96 90 69 89 35 38 43 46 83 71 34 76 13 86 85 79 98 37 94 4
0 33
0 20
0 34
20 74
20 10
20 26
20 73
20 27
20 8
20 3
20 11
20 22
20 28
20 23
20 7
20 12
20 2
20 21
20 31
20 29
20 30
20 32
20 18
20 16
20 17
20 24
20 19
20 1
20 15
20 6
20 13
74 76
10 54
10 53
10 9
10 14
26 5
26 86
26 85
26 4
73 75
27 88
8 49
8 50
3 39
11 55
22 78
28 90
28 89
23 79
54 56
7 47
7 48
12 57
2 38
2 37
31 96
29 91
30 94
32 98
18 70
18 69
16 66
17 67
24 81
24 82
19 71
5 43
1 35
15 64
6 46
49 51
57 59
14 62
81 83