15 26 60 87 93 5 19 28 35 47 77 81 2 8 9 16 20 25 40 41 49 65 88 54 68 31 32 46 99 3 17 64 61 74 90 1 34 44 50 58 66 94 97 6 42 56 48 96 13 45 53 55 70 89 62 76 33 11 36 78 92 52 18 37 73 71 10 39 91 69 95 7 38 30 27
15 81
26 49
26 88
26 41
60 68
60 81
87 77
93 16
5 20
19 58
28 61
28 52
35 68
47 52
77 70
77 58
81 95
81 31
81 20
81 30
2 10
2 32
2 6
8 6
9 99
9 45
16 61
20 18
25 34
40 33
40 1
41 61
49 13
65 45
54 3
54 31
31 45
31 53
31 1
31 55
46 45
46 76
99 71
99 27
3 50
17 44
64 37
61 90
74 18
90 92
1 97
34 62
44 78
66 11
94 71
94 78
42 33
56 91
56 38
48 70
48 10
96 73
96 36
13 10
13 45
13 89
45 62
55 11
36 91
36 37
78 73
37 7
10 39
69 95