0 2 3 5 7 13 17 27 39 42 46 56 78 85 88 92 12 28 73 94 9 22 23 31 33 57 66 72 4 25 38 45 48 65 67 76 86 35 55 62 71 75 6 15 19 26 32 50 70 10 20 37 53 97 8 54 69 89 29 51 91 43 60 95 34 30 58 80 18 98 36 63 64 87 83 74 1 52 49 93 59 47 68 82 40 79
0 92
0 13
0 88
0 7
2 22
2 9
2 5
2 17
3 76
3 67
5 75
5 28
5 15
13 80
17 68
17 40
27 28
27 58
39 80
42 25
42 65
42 87
46 92
46 97
56 78
78 9
85 91
88 23
88 70
88 49
92 33
12 34
28 19
28 1
73 64
73 75
94 15
9 38
9 31
23 82
23 79
31 86
31 63
33 86
57 26
57 48
66 32
66 20
72 45
4 76
4 62
25 35
38 76
45 65
45 43
48 55
67 83
86 98
55 74
71 20
71 10
75 43
6 10
6 53
15 52
15 93
19 37
19 47
26 69
50 97
10 69
20 36
20 37
8 51
54 98
69 30
89 64
29 87
51 43
91 64
43 60
95 34
95 18
18 64
63 59