0 1 31 8 7 3 4 5 88 87 89 67 6 90 50 64 63 68 69 70 77 76 71 78 66 75 72 61 74 60 26 99 98 25 27 20 34 65 59 79 24 23 28 19 18 29 97 58 80 35 36 57 96 37 51 91 42 45 92 10 93 52 49 41 43 82 53 83 11 46 48 30 17 12 38 16 15 56 14 13 86 73 62 21 33
0 1
0 8
0 3
1 31
8 7
3 4
4 5
4 88
5 67
5 6
88 87
88 89
87 86
89 90
67 68
67 77
67 66
6 64
90 50
90 91
90 45
50 51
50 49
64 63
68 69
69 70
70 71
77 76
77 78
76 75
71 72
71 26
78 79
66 65
75 74
72 61
72 99
72 73
72 33
61 60
61 62
60 20
60 34
60 59
26 25
26 27
99 98
98 97
25 24
27 28
20 19
20 21
34 35
59 58
79 80
24 23
23 18
28 29
18 17
29 30
97 96
58 57
35 36
36 37
57 56
37 38
51 42
51 52
91 92
42 41
42 43
45 46
92 10
92 93
10 11
52 53
49 48
41 82
82 83
11 12
17 16
16 15
15 14
14 13