0 35 24 61 15 2 11 97 81 1 42 60 16 62 88 27 5 41 17 13 3 49 45 47 90 73 30 84 46 93 58 22 77 39 21 71 83 20 36 68 89 26 25 63 80 44 9 95 50 72 8 75 29 69 14 38 53 55 57 31 98 18 7 94 6 86 92 91 70 65 54 34 85 23 33 87 48 99 96
0 35
0 24
0 41
35 31
24 61
24 15
24 81
24 62
61 97
61 88
61 33
15 2
15 13
2 11
11 27
97 54
81 1
81 42
81 16
81 21
81 87
1 93
1 99
42 60
42 38
60 58
60 85
16 5
16 22
16 8
62 17
62 47
88 30
27 90
27 69
5 84
5 46
5 77
5 39
5 36
5 72
41 20
41 92
17 3
17 45
3 49
3 73
45 23
47 53
73 7
30 86
84 26
84 48
46 71
46 83
93 96
58 94
22 44
77 89
77 75
39 80
71 98
83 68
20 57
68 25
89 63
89 95
89 91
26 9
25 55
44 18
9 29
95 50
75 14
98 65
7 6
7 70
86 34