66 98 70 41 1 17 23 28 48 95 4 35 29 74 68 76 18 8 25 2 85 91 32 82 49 34 7 59 6 44 16 31 83 77 63 99 9 10 12 14 13 42 65 78 88 45 79 47 93 87 84 72 61 73 40 19 20 64 57 39 26 27 89 33 80 36 55 58 96 37 56 38 94 52 92 90 67 50 11 75 51 22 69 62
66 42
66 58
98 10
70 40
70 72
41 99
41 13
41 4
41 32
1 18
1 58
1 25
17 77
17 82
17 47
23 48
23 85
28 68
48 18
48 96
95 36
95 88
95 22
4 63
35 18
35 69
29 39
29 68
74 39
74 49
74 6
68 90
68 14
76 2
18 87
18 77
8 88
8 72
8 31
25 92
2 40
91 78
91 56
32 27
82 26
82 80
34 27
34 33
34 58
34 65
34 75
34 51
7 26
7 16
59 57
59 63
59 83
44 61
44 90
16 45
83 19
77 84
99 12
9 73
10 14
42 39
42 36
78 87
78 94
88 11
79 93
47 50
93 87
84 89
61 20
73 55
73 37
20 52
64 55
26 37
89 67
96 62
56 38