11 80 53 69 34 38 71 66 17 48 77 4 93 49 24 58 46 30 7 1 81 26 82 18 37 2 14 50 79 20 68 55 86 16 23 54 87 56 40 25 45 31 92 44 3 29 27 74 42 63 88 75 78 9 6 83 61 62 67 43 13 91 51 99 64 52 33 19 39 8 28 60 59 15 72 5
11 80
11 53
11 69
11 33
80 67
69 34
69 38
69 71
69 1
69 43
69 39
34 66
34 17
34 49
34 24
34 58
34 50
34 3
34 19
34 8
38 48
38 16
38 23
71 77
66 4
66 81
66 26
17 93
17 82
48 46
48 30
48 7
48 61
48 52
77 5
4 87
4 56
93 25
93 9
93 91
93 59
93 15
49 44
24 18
24 31
24 92
24 72
58 37
58 2
58 14
58 20
58 28
46 68
30 55
30 86
7 83
81 54
81 60
26 63
82 40
18 45
37 27
14 79
14 29
79 62
79 99
86 6
23 51
54 74
56 42
56 13
40 78
31 88
31 75
9 64