78 13 49 54 31 2 61 37 82 15 41 79 8 67 1 46 47 35 73 58 34 89 50 62 12 69 3 20 51 23 27 66 84 36 68 0 88 9 64 86 55 10 18 5 87 33 14 91 11 26 75 93 6 38 25 30 40 90 29 63 56 59 4 81 53 92 45 42
78 13
78 49
49 54
49 31
49 66
49 14
49 42
54 2
31 61
31 37
31 34
2 27
2 9
2 45
61 82
61 15
61 50
61 23
37 75
82 41
82 79
82 8
82 67
82 1
82 46
82 35
82 64
15 73
15 58
15 36
15 33
15 4
41 47
41 89
41 63
41 53
79 59
8 93
8 30
8 81
67 3
67 92
1 62
1 20
46 11
35 68
35 87
58 69
34 12
34 84
34 55
34 10
50 51
50 29
69 86
3 91
3 26
20 0
20 38
51 88
84 18
68 5
10 6
10 40
87 25
14 56
75 90