61 71 8 65 11 26 74 84 73 51 19 47 54 24 53 31 30 66 32 76 57 86 14 45 44 39 6 97 72 21 20 22 62 3 43 80 12 82 34 16 18 42 91 37 48 96 29 35 1 2 92 17 70 15 7 85 67 52 36 4 79 40 89 58 9 59 5 98 88 49
61 71
61 67
71 8
71 65
71 26
8 74
8 79
8 58
65 11
26 73
26 51
26 19
26 31
26 57
74 84
73 80
73 2
51 30
51 91
51 4
19 47
19 54
19 24
19 39
19 85
19 5
54 53
54 76
54 29
24 6
24 98
53 66
53 86
53 49
31 42
31 35
31 59
66 32
32 14
32 18
57 97
57 37
86 72
86 88
14 45
14 44
14 62
45 82
44 7
44 36
72 21
72 12
72 16
72 96
21 20
20 22
20 3
20 43
20 70
22 15
3 48
12 34
16 9
91 92
37 1
1 40
1 89
92 17
92 52