0 1 20 2 95 3 4 47 89 32 81 9 72 11 13 67 14 15 36 17 55 48 21 77 23 65 24 44 27 37 90 97 49 56 87 39 51 92 57 71 28 50 88 76 34 99 70 29 91 61 53 84 93 25 68 94 26 64 40 98 62 52 54 74 30 60 41 78 33 58 31 43 82 38 46 19 96 86 69 5
0 90
0 27
0 1
1 68
20 97
20 67
20 40
20 69
2 95
2 78
2 46
95 14
3 94
4 11
4 64
47 65
47 93
47 99
89 13
89 31
32 56
81 9
9 26
9 58
72 87
72 65
67 49
67 56
15 71
36 57
36 62
17 28
55 64
55 50
48 57
21 25
77 23
23 24
23 34
65 92
65 41
24 74
24 38
44 99
44 74
44 56
27 58
37 52
37 71
37 53
90 30
97 70
97 96
49 46
49 84
49 5
87 64
87 61
39 60
39 52
51 43
92 98
28 74
50 82
88 58
76 26
34 33
70 62
70 54
70 19
70 86
29 25
91 38
53 30
93 25
94 46
40 31
40 43
52 33