1 9 73 65 97 33 99 32 36 44 40 52 60 42 53 21 20 61 23 31 27 17 48 25 57 59 51 29 37 26 56 24 49 89 87 39 91 46 58 30 14 12 22 62 54 88 6 15 2 90 13 93 81 7 45 18 98 70 80 84 10 92 76 68 82 50 64 38 74 35 34 85 72 41 55 19 28 95 83 4 11
1 9
1 65
9 73
65 97
65 81
97 33
97 99
33 32
33 41
99 98
32 36
32 40
36 44
36 52
44 46
44 45
40 42
52 60
52 53
52 48
60 62
53 21
53 61
53 37
21 20
21 23
21 17
21 85
20 84
20 4
61 57
23 31
23 87
23 7
23 55
31 27
31 29
31 95
27 26
27 91
27 11
17 25
17 49
25 24
25 89
57 59
57 56
59 51
51 35
51 19
29 28
37 39
26 30
26 90
26 18
26 10
56 58
24 88
89 93
87 83
30 14
30 22
14 12
14 15
12 13
22 6
62 54
54 38
6 2
6 70
90 74
93 92
81 80
18 82
18 50
92 76
76 68
68 64
38 34
74 72