0 1 4 5 2 7 13 6 14 9 8 12 23 15 10 21 17 22 16 20 18 49 48 47 31 46 30 32 45 33 25 39 26 29 38 40 44 34 37 41 74 43 42 73 72 56 71 55 57 50 70 64 51 58 54 63 65 52 59 62 66 99 60 67 98 97 81 96 80 82 75 89 76 95 79 88 90 77 94 87 78 93 92 27 28 36 53 61
0 1
0 4
0 5
1 2
1 7
4 13
5 6
5 14
2 9
7 8
13 12
6 23
14 15
9 10
8 21
12 17
23 22
15 16
21 20
17 18
18 49
49 48
48 47
48 31
47 46
31 30
31 32
46 45
46 33
30 25
30 39
32 26
45 44
33 34
25 29
39 38
39 40
26 27
29 28
38 37
40 41
40 74
44 43
37 36
41 42
74 73
73 72
73 56
72 71
56 55
56 57
71 70
55 50
55 64
57 51
57 58
50 54
64 63
64 65
51 52
58 59
54 53
63 62
65 66
65 99
59 60
62 61
66 67
99 98
98 97
98 81
97 96
81 80
81 82
96 95
80 75
80 89
82 76
75 79
89 88
89 90
76 77
95 94
79 78
88 87
94 93
87 92