0 2 18 19 29 52 62 98 1 73 9 53 74 77 94 3 6 14 23 65 24 31 55 61 5 15 28 84 96 44 7 8 47 68 97 12 72 81 32 85 87 92 10 42 48 56 60 86 50 57 13 38 63 58 36 37 80 45 59 71 99 22 66 25 26 35 75 34 54 30 39 90 69 49 79 67 33 4 27 78 16 46 82 93
0 98
0 18
2 94
2 1
18 61
19 52
19 92
19 59
19 72
19 9
29 26
29 98
29 86
52 75
52 63
52 68
62 56
62 24
62 71
98 66
73 39
73 54
9 87
9 27
53 3
74 26
74 84
74 75
74 30
77 65
94 7
3 23
6 44
6 31
14 63
23 99
23 42
65 50
65 97
24 44
24 42
31 38
55 79
55 99
61 4
5 28
5 96
15 58
28 8
96 36
44 59
7 97
7 8
7 47
8 81
8 72
47 49
47 34
68 85
68 93
97 37
97 46
12 50
12 57
72 82
32 45
32 60
85 13
10 48
10 56
48 39
56 69
56 78
86 67
58 90
58 25
37 16
80 69
45 35
59 35
22 66
26 33
54 90