34 42 81 99 17 67 80 83 69 60 72 89 33 19 28 18 3 21 98 76 58 62 23 70 55 5 13 96 11 95 61 6 24 2 8 88 87 44 1 25 79 57 38 20 48 64 9 53 41 15 16 26 86 90 97 46 36 37 27 65 59 7 31 47 30 10 54 52 35 84 68 50 0 91 77 94 82 75 93 14 32
34 42
34 17
34 67
34 0
42 81
42 99
42 83
42 10
42 32
99 50
17 84
67 80
83 69
83 2
69 60
69 72
69 89
69 18
60 19
60 44
60 31
60 77
72 33
72 21
72 62
33 55
19 28
19 3
19 65
19 75
28 23
28 11
28 53
28 36
18 58
21 98
21 76
98 86
76 64
76 14
58 94
62 6
62 88
62 87
23 70
23 96
23 91
70 5
70 24
5 13
13 38
13 27
96 1
96 20
11 95
11 61
11 15
95 79
95 57
61 25
2 8
8 9
8 90
88 54
87 7
1 35
1 93
25 82
79 37
38 46
20 48
48 41
64 97
53 26
15 16
16 59
36 30
65 47
10 52
54 68