0 80 79 86 82 84 18 40 9 75 34 76 65 20 43 25 74 58 42 41 38 62 52 91 4 35 30 37 70 61 31 54 23 71 39 77 63 8 46 68 55 10 29 83 66 3 49 78 48 73 81 67 24 44 47 85 14 2 11 45 17 21 22 1 88 59 15 72 89 87 60 90 13 92 36 26
0 80
0 79
0 84
0 61
80 75
80 76
80 43
80 13
79 86
79 90
86 82
86 18
82 62
82 35
84 25
18 40
18 38
18 91
18 81
40 9
40 31
9 4
75 34
75 58
75 37
75 68
34 65
34 60
34 36
76 66
76 92
65 20
65 41
20 42
20 54
20 39
43 74
43 78
25 52
74 24
74 72
58 26
42 70
41 23
41 71
41 8
38 44
62 30
91 11
35 49
70 88
61 48
54 77
23 29
39 55
77 63
63 3
8 46
8 22
46 10
68 67
55 59
29 83
66 47
3 89
78 14
48 73
73 45
67 1
24 85
47 21
85 2
14 17
17 15
59 87