0 61 32 85 14 96 89 3 7 42 11 39 82 1 97 51 64 99 34 40 49 58 78 22 30 53 59 4 43 47 50 12 52 48 37 6 70 18 35 41 23 88 38 54 15 36 73 60 94 33 76 98 71 93 87 81 84 45 56 9 95 74 55 83 90 19 72 17 66 2 24 86 91 62 67 28 25 92
0 61
0 32
32 85
85 14
14 96
14 82
14 74
96 89
96 3
96 66
3 7
3 4
3 90
7 42
7 11
7 1
7 9
42 43
42 37
42 6
42 86
42 25
11 39
11 97
11 99
11 34
11 48
11 87
82 15
97 51
97 62
51 64
51 2
51 67
64 40
64 53
64 93
99 59
99 94
34 50
34 24
40 49
40 58
40 88
40 33
40 84
49 78
49 35
58 22
78 18
22 30
22 47
22 12
22 91
53 38
59 36
4 52
4 92
43 55
43 28
12 70
12 73
52 41
48 81
48 17
6 54
70 83
18 98
35 71
41 23
54 76
36 60
94 56
71 45
71 19
71 72
93 95