0 3 4 7 8 9 10 12 15 18 19 24 27 28 29 30 31 34 36 38 41 45 47 51 53 54 55 58 59 60 61 62 69 71 72 75 76 77 81 85 89 5 11 14 22 23 33 35 46 49 65 66 73 83 84 87 91 20 26 42 48 90 13 32 50 64 88 92 44 68 82 21 57 70 1 25 74
0 47
0 8
0 85
3 61
4 34
4 22
7 30
7 33
7 12
8 44
9 27
9 55
9 77
9 91
10 88
10 48
12 31
15 84
18 51
18 73
19 77
19 13
24 54
27 65
28 58
28 70
29 59
29 72
29 65
30 81
30 5
31 41
34 66
36 89
36 55
36 46
36 23
38 44
38 35
45 20
45 71
47 83
47 48
53 26
53 20
53 68
54 81
55 76
58 87
58 59
59 32
59 33
59 25
60 61
61 85
62 46
69 81
71 1
72 64
72 22
75 22
76 82
11 84
14 50
14 91
33 57
35 49
73 13
73 42
84 20
20 88
26 64
48 74
90 88
90 21
32 92