3 4 13 20 21 22 23 25 27 29 35 36 37 39 40 42 45 46 47 48 50 56 59 64 69 71 72 75 80 81 88 90 92 96 97 1 5 8 9 18 26 30 31 32 52 53 55 63 66 76 78 84 85 87 89 93 7 12 16 19 28 43 54 57 60 83 86 10 58 67 94 34 14 95 6 24 70 11 51 44 65 68
3 5
3 21
3 92
4 19
13 39
20 37
20 10
21 16
22 7
23 56
23 68
25 56
25 88
25 6
27 69
27 40
27 12
29 46
35 8
35 66
35 78
36 66
36 11
37 30
39 32
39 90
40 87
42 60
42 71
45 86
45 43
46 85
46 58
46 63
46 69
47 7
48 5
48 56
48 58
48 65
50 94
50 10
56 97
59 96
59 31
64 34
64 52
64 90
72 85
72 24
75 81
80 60
81 9
81 43
81 95
92 1
97 30
5 53
5 57
8 26
18 26
31 89
31 95
32 93
52 14
52 83
53 60
53 44
55 16
63 95
63 70
66 58
66 67
76 67
78 84
93 67
7 83
7 28
19 58
19 51
54 57