0 8 3 68 10 19 46 94 49 92 51 2 64 66 79 75 27 17 80 32 14 7 21 44 28 47 93 40 88 84 35 56 76 82 36 12 37 99 54 85 9 98 15 89 13 11 91 45 52 96 31 97 22 29 41 39 83 95 34 23 87 63 16 90 70 43 61 72 48 30 4 59 86 20 74 57 69 6 50 42 53
0 8
0 10
0 20
0 50
8 3
8 61
3 68
68 83
10 19
10 79
19 46
19 94
19 49
19 92
19 98
46 91
94 69
49 64
92 51
92 2
92 17
92 96
51 47
51 93
2 27
2 76
64 66
64 85
64 29
66 75
66 12
66 37
66 70
75 99
27 36
17 80
17 7
80 32
80 21
80 39
32 14
32 44
32 88
32 16
14 28
14 84
14 74
7 40
7 23
44 35
44 57
28 56
28 87
47 15
47 42
40 82
84 45
84 52
35 30
56 4
76 11
82 90
37 97
99 54
54 89
85 9
9 31
15 86
89 13
89 41
89 6
13 72
45 95
52 59
31 63
97 22
39 48
95 34
63 43
90 53