0 13 83 81 31 76 28 49 93 64 99 43 22 35 40 54 53 5 56 70 84 92 39 69 24 65 80 41 18 61 79 6 91 3 85 52 12 95 19 2 68 36 20 57 11 42 86 38 34 30 50 51 44 27 74 46 75 16 10 98 26 55 33 60 58 62 77 32 72 17 67 21 71 15 1 97 48 88 73 25 89 82
0 13
0 83
0 81
0 19
0 86
0 46
0 71
13 80
83 31
83 76
83 97
81 42
31 28
31 64
31 99
31 18
76 52
76 12
76 2
28 49
28 6
49 93
49 22
49 84
49 89
93 43
93 92
93 44
64 56
64 24
99 69
43 35
43 54
35 40
35 5
40 50
40 15
54 53
54 39
54 34
5 32
56 70
56 62
56 1
70 61
92 3
69 55
24 65
24 79
24 48
80 41
41 95
18 85
18 17
61 60
6 91
91 88
85 38
52 20
52 58
52 73
12 36
19 68
2 74
2 10
68 11
68 67
68 25
36 57
20 98
11 82
42 27
34 30
34 51
34 16
30 33
51 75
44 26
46 77
16 72
33 21