0 26 27 25 28 95 93 22 43 6 92 44 37 23 96 42 1 29 50 8 86 20 65 5 40 30 59 36 74 13 87 49 3 85 64 66 16 47 34 83 7 35 72 11 51 67 57 60 98 46 19 58 15 14 76 38 4 31 75 2 88 24 70 97 89 61 82 81 21 99 90 63 9 53 12 54 80 73 32 48
0 26
0 27
0 25
0 9
26 28
27 95
27 93
25 42
28 1
28 50
28 86
28 65
95 23
93 22
93 43
22 92
43 6
6 44
44 37
23 96
96 89
42 5
1 29
1 30
29 59
29 36
50 8
50 74
8 51
86 20
86 49
20 87
20 85
65 13
5 40
30 83
30 72
59 11
36 3
36 47
36 34
36 73
74 16
13 64
13 66
87 31
3 35
85 53
64 57
16 75
47 7
47 67
34 76
34 38
83 98
83 19
7 46
7 48
72 15
11 60
11 58
51 81
67 14
98 24
46 88
46 61
19 82
15 70
38 4
31 2
2 32
88 21
24 97
24 99
97 63
61 12
21 90
90 80
9 54