89 2 93 48 98 43 41 86 73 65 87 77 99 1 44 83 37 91 24 40 63 70 58 82 4 56 7 20 96 38 94 33 59 72 34 92 84 15 57 3 28 90 31 16 53 29 18 9 74 39 17 42 69 36 30 50 81 10 5 49 45 97 21 61 26 76 71 27 88 14 62 13 11 60 52 75 64
89 2
89 48
89 98
2 93
93 43
93 86
43 41
86 73
86 65
86 1
86 62
86 60
73 87
73 36
65 99
65 39
65 76
87 77
87 74
87 26
77 44
77 37
1 83
44 96
44 64
83 94
37 91
37 24
37 70
91 40
91 56
91 33
24 72
24 28
24 88
40 63
63 31
70 58
70 82
70 4
70 7
70 34
70 97
58 11
58 52
82 57
4 20
4 30
4 13
56 38
56 3
56 75
20 50
38 92
94 59
94 90
33 84
33 15
33 16
34 53
84 9
15 45
57 81
3 18
3 61
90 42
31 29
31 27
16 49
16 71
29 10
39 17
42 69
69 14
36 5
45 21