2 3 4 5 6 7 8 9 11 14 15 16 17 19 20 21 22 23 25 26 28 29 30 31 33 34 35 36 37 38 39 40 41 42 43 44 45 47 48 49 52 53 54 56 57 59 60 62 64 65 66 68 69 70 72 73 74 75 76 77 78 80 81 83 84 85 88 89 90 92 93 95 96 97 98 99 10 24 27 32 50 58 67 82 13
2 3
3 6
4 5
4 7
6 9
7 8
8 9
9 14
11 17
14 20
14 10
14 13
15 21
16 23
16 22
17 23
19 20
20 21
20 26
21 28
21 27
22 29
25 33
26 33
29 30
29 38
29 37
30 39
31 39
31 24
33 34
33 41
34 35
35 36
36 44
38 47
39 49
39 48
40 49
40 41
40 50
41 42
41 32
42 52
43 52
43 53
44 54
44 45
47 57
47 56
49 59
52 62
54 64
57 65
59 68
59 67
60 68
64 72
66 74
66 58
68 75
69 77
69 70
73 74
73 80
74 75
75 76
75 82
76 77
76 83
77 78
80 81
83 88
83 84
84 90
85 90
88 92
89 90
92 95
92 96
93 96
96 97
97 99
98 99