0 30 94 4 3 26 1 19 6 31 15 29 32 5 14 18 2 27 17 96 10 46 9 13 45 22 47 24 20 23 97 68 21 40 71 86 28 88 64 42 69 25 53 35 33 52 63 78 90 60 87 39 85 92 48 79 80 76 82 75 54 73 83 56 93 95 98 34 16 8 12
0 30
0 33
0 34
0 8
30 94
30 4
30 3
30 26
30 1
30 19
30 6
30 31
30 15
30 29
30 32
30 5
30 14
30 18
30 2
30 27
30 17
30 10
30 9
30 13
30 22
30 24
30 20
30 23
30 21
30 28
30 93
30 16
30 12
94 96
4 42
3 40
3 39
26 86
26 85
1 35
19 71
6 46
6 45
6 25
31 95
15 64
15 63
32 97
32 98
18 69
27 88
27 87
17 68
10 53
10 54
46 48
9 52
13 60
45 47
22 78
24 82
20 73
23 79
23 80
21 76
21 75
28 90
25 83
90 92
54 56