51 2 61 3 11 4 54 5 40 57 6 83 87 79 90 32 39 9 17 47 82 12 24 84 13 93 96 14 78 43 16 27 63 86 18 69 19 72 58 22 92 95 23 49 50 81 77 28 29 36 99 37 89 94 34 35 60 75 76 53 91 42 97 44 45 62 48 65 67 88 64 66 73 74 85 26 56 33 38 98 59 68 31
51 87
2 11
2 3
61 40
11 84
4 57
4 5
54 90
5 87
40 39
57 94
6 90
83 93
87 84
87 85
87 88
87 99
79 19
79 16
79 99
90 91
90 99
90 38
32 94
32 33
39 91
39 36
9 17
17 69
17 18
47 48
82 92
82 78
12 93
12 13
24 81
24 23
13 14
93 63
93 62
93 94
93 98
93 68
96 27
96 18
96 42
78 65
43 77
43 63
27 28
27 26
27 56
86 81
86 85
72 22
72 73
58 53
58 97
92 95
92 45
95 94
95 60
95 66
23 49
49 48
50 60
28 29
36 35
36 37
99 89
99 42
89 31
94 53
94 44
34 35
60 59
75 44
75 76
97 73
65 64
67 66
73 74