0 16 38 40 42 44 46 48 50 52 53 55 57 59 61 63 65 67 1 24 68 70 72 74 76 78 80 82 84 86 88 90 2 9 92 94 96 98 3 6 4 18 21 34 11 5 22 30 13 17 28 8 7 33 12 32 23 35 19 20 26 36 25 27 31 37 39 43 49 51 54 56 58 60 62 64 66 69 91 95 14 15
0 16
0 52
0 50
0 61
0 65
0 57
0 55
0 46
0 53
0 37
0 43
0 49
0 54
0 58
0 60
0 62
0 66
16 33
16 23
16 51
38 2
40 4
42 6
44 9
48 13
52 17
59 27
63 31
67 36
1 24
1 72
1 90
1 78
1 76
1 88
1 84
24 11
24 36
68 4
70 8
74 12
80 19
82 22
86 30
2 9
2 92
2 96
9 7
94 6
98 12
3 6
3 39
3 91
3 15
6 7
6 8
6 69
4 18
4 11
4 21
4 34
21 7
21 14
5 30
5 13
5 17
5 22
13 32
17 35
28 12
28 36
8 33
8 95
33 20
33 19
33 64
32 25
23 56
20 26
26 31
25 27