25 29 46 91 26 9 24 45 75 54 72 1 56 27 6 71 53 93 8 22 32 66 49 67 64 69 68 34 57 35 3 37 40 94 10 90 14 61 79 73 70 17 28 0 65 55 83 39 81 87 11 58 31 13 42 7 52 92 82 19 84 12 80 60 74 88 50 20 51 47 98 96 18 21 2 4 85 77 5 48 62 15 33 59 38 41 89 76 30 16 43 36 78 23
25 29
25 91
25 9
25 75
25 21
29 46
46 26
46 24
46 60
46 2
91 18
26 54
24 45
54 72
54 27
54 6
54 3
54 15
72 1
72 56
72 8
72 98
72 23
1 32
1 64
1 92
1 82
1 89
56 93
56 68
56 10
56 52
27 90
27 87
6 71
6 22
71 53
53 65
53 77
93 49
93 11
93 59
93 78
8 66
8 85
22 84
32 67
32 40
32 4
32 30
66 73
66 43
49 69
49 34
67 39
67 16
64 55
69 58
69 33
68 61
68 31
34 57
34 42
57 35
57 37
57 94
57 38
35 51
3 0
37 13
40 28
40 74
10 41
90 14
90 81
14 79
14 12
14 48
79 70
79 17
79 5
73 20
17 76
0 83
55 62
83 80
81 36
87 7
13 88
92 19
92 47
74 50
98 96