0 74 88 5 1 31 54 42 50 2 91 68 3 82 4 64 75 35 6 96 22 32 87 12 48 8 41 72 47 11 89 95 24 39 13 94 16 14 81 28 21 15 79 17 43 18 99 45 19 62 20 52 23 76 30 53 77 29 93 49 33 55 34 40 80 44 46 66 51 58 60 92 70 63 84 86 97 98 7 26 83 36 61 59 69
0 88
0 5
0 55
74 63
74 97
88 8
88 23
5 35
5 97
1 42
1 50
31 41
31 58
31 69
54 11
54 79
50 35
50 66
2 39
2 91
91 86
68 15
3 64
3 16
82 80
82 7
4 20
64 18
64 70
75 23
35 20
6 32
6 87
6 22
6 96
22 24
32 8
87 26
12 24
12 95
48 15
48 18
8 41
8 29
8 51
8 72
41 19
47 46
47 94
89 86
95 36
24 84
39 28
13 97
94 84
14 81
14 46
14 53
14 80
81 44
28 77
28 49
21 17
15 62
79 53
17 98
17 52
43 51
43 59
18 45
99 44
99 77
45 34
62 80
20 52
20 76
23 83
30 93
93 33
33 55
34 40
60 70
60 92
84 61