10 25 85 1 15 29 37 64 6 32 3 7 9 63 93 34 47 11 71 87 17 48 91 24 43 45 8 38 69 79 31 90 59 62 12 13 30 95 18 56 44 78 89 23 42 60 99 70 21 36 51 73 53 83 28 57 81 27 46 49 54 76 82 98 55 84 75 35 40 97 72 96 74 58 67 5 88 20 22 86 50 33 2
10 59
10 47
25 57
85 17
85 46
1 64
15 71
15 78
15 2
29 51
37 28
37 73
64 17
64 98
6 91
6 48
32 98
3 7
7 45
7 24
7 43
9 31
9 90
63 78
63 28
63 84
93 11
93 87
93 5
93 33
34 46
34 55
34 82
47 40
11 90
87 78
87 95
48 89
91 21
91 88
24 20
45 78
8 69
8 38
8 79
38 23
69 56
90 21
62 56
62 58
12 13
13 56
30 28
30 56
30 49
95 18
56 60
44 21
44 22
78 35
78 50
42 72
42 75
99 27
99 74
70 84
21 51
21 36
36 55
53 96
83 55
57 74
81 40
81 54
81 76
54 35
76 74
84 96
75 96
35 97
40 86
72 67