1 2 4 6 7 8 9 11 12 13 14 16 17 18 19 20 21 23 24 25 26 27 29 31 32 33 35 37 38 39 40 42 43 44 45 47 48 50 51 52 54 56 57 58 59 61 62 63 64 65 66 67 68 69 70 71 72 73 74 76 77 78 79 81 82 83 84 85 86 88 89 90 91 92 93 95 96 97 98 15 22 28 30 34 49 53 60 75 87 94 3
1 68
2 45
2 94
4 68
4 44
4 73
6 71
6 7
7 8
8 32
9 37
11 63
11 98
12 74
13 74
13 54
14 91
14 69
14 47
16 51
17 66
17 34
18 83
18 96
19 64
19 20
19 76
20 21
21 75
23 31
23 70
23 24
25 77
25 87
26 89
26 76
27 47
27 65
27 61
29 66
31 37
32 33
35 97
37 42
38 84
39 67
40 44
42 77
43 90
45 95
45 93
47 64
47 49
48 90
50 79
51 67
52 83
52 68
56 65
56 88
56 59
56 15
56 53
57 69
57 78
58 98
59 81
59 60
62 85
62 22
63 66
63 70
65 66
67 89
70 71
70 85
71 72
72 95
74 84
77 79
82 83
82 28
83 86
84 86
88 30
90 91
92 93
93 97
95 96
95 3