0 1 2 3 4 5 7 8 9 11 12 13 14 15 16 17 18 19 20 21 22 23 24 25 26 27 28 29 30 32 34 35 37 38 40 42 44 47 48 49 50 51 52 54 56 57 58 59 60 62 63 64 66 68 69 71 72 74 75 76 77 79 81 82 84 85 87 89 90 92 93 94 96 98 33 36 43 45 55 70 46 10 88 31
0 3
0 34
0 8
1 35
1 24
1 18
1 13
1 27
1 36
2 12
2 38
2 37
4 42
4 21
5 9
5 32
5 44
5 43
7 17
7 18
7 48
7 47
8 49
8 19
8 50
9 51
9 29
9 18
11 20
11 22
11 56
11 55
12 57
13 59
13 60
13 14
14 62
14 25
15 63
15 25
16 66
17 68
17 10
18 20
18 70
19 71
19 72
20 30
21 22
21 75
21 76
22 77
23 79
23 28
24 81
24 82
25 84
26 85
27 87
27 88
28 89
29 92
29 31
30 94
30 93
32 98
35 33
38 40
47 45
48 46
49 51
50 52
54 56
57 59
58 60
62 64
66 68
69 71
74 76
77 79
85 87
90 92
94 96