0 32 73 38 5 91 36 51 30 52 16 45 2 63 84 35 60 49 68 6 33 44 72 29 21 46 12 3 48 39 19 20 9 79 41 86 1 98 89 77 76 10 18 92 75 54 97 4 25 53 59 34 22 57 55 70 43 74 26 66 31 81 61 96 8 65 27 80 90 24 37 14 28 71 50 23 94
0 32
0 41
0 86
0 24
32 73
32 38
32 5
32 91
32 36
32 51
32 30
32 52
32 16
32 45
73 84
73 35
73 60
73 49
73 68
73 8
73 28
38 2
38 63
38 61
38 96
5 19
5 20
5 9
5 90
91 3
91 48
91 39
91 80
91 50
36 12
36 79
36 27
51 77
51 76
30 1
30 98
30 37
30 14
30 23
52 6
52 33
52 44
52 72
52 29
52 21
52 46
52 65
52 71
16 89
16 10
2 26
84 75
84 54
84 25
35 94
49 92
49 97
49 4
6 18
6 34
33 53
72 59
29 22
29 55
21 57
48 74
19 70
20 43
86 66
86 31
59 81