0 26 27 56 10 57 55 83 48 46 34 7 3 33 47 76 99 75 16 73 24 93 97 19 2 35 32 28 22 90 52 21 88 94 23 95 96 9 53 89 98 65 49 70 63 15 80 12 72 38 79 43 86 6 42 44 92 64 45 71 62 20 82 5 58 13 40 68 30 50 11 1 29 14 8 51 59 67 91 74 54 84 18 17 4
0 26
0 27
26 56
56 10
56 83
10 57
10 55
57 48
57 46
55 34
55 33
83 19
48 76
48 93
46 7
46 99
46 75
34 3
7 47
3 35
33 2
47 91
76 28
76 17
99 24
99 65
75 16
75 90
16 73
16 74
73 52
73 94
24 97
24 98
93 22
97 49
2 32
90 21
52 9
21 88
21 89
88 43
88 86
88 42
88 92
88 84
94 23
94 70
94 63
94 72
23 95
23 96
95 80
96 38
9 53
9 54
53 64
89 79
49 8
70 15
63 12
63 58
15 71
12 62
38 4
79 18
43 6
86 20
86 82
6 44
6 45
42 5
42 68
92 30
64 13
71 50
5 40
58 11
68 14
30 1
11 59
1 29
14 67
8 51