0 2 3 91 4 9 93 8 11 16 86 92 94 97 14 19 17 20 23 79 85 87 90 72 78 80 83 65 71 73 76 58 64 66 69 51 57 59 62 44 50 52 55 37 43 45 48 30 36 38 41 29 31 34 22 24 27 5 6 96 95 84 89 88 77 82 81 70 75 74 63 68 67 56 61 60 49 54 53
0 2
0 3
0 91
2 4
2 9
2 93
2 5
2 6
9 8
9 11
9 16
93 86
93 92
93 94
93 97
93 96
93 95
16 14
16 19
16 17
16 20
16 23
86 79
86 85
86 87
86 90
86 84
86 89
86 88
17 22
23 24
23 27
79 72
79 78
79 80
79 83
79 77
79 82
79 81
72 65
72 71
72 73
72 76
72 70
72 75
72 74
65 58
65 64
65 66
65 69
65 63
65 68
65 67
58 51
58 57
58 59
58 62
58 56
58 61
58 60
51 44
51 50
51 52
51 55
51 49
51 54
51 53
44 37
44 43
44 45
44 48
37 30
37 36
37 38
37 41
30 29
30 31
30 34