0 2 3 4 5 6 7 8 9 10 11 12 13 14 15 16 17 18 19 21 22 23 24 25 26 27 28 29 30 31 32 33 34 36 38 40 41 42 43 44 46 47 48 49 50 52 53 55 57 58 60 61 62 63 65 66 67 69 70 72 74 76 77 79 80 82 84 86 88 90 92 94 95 96 98 35 51 59 64 68 81 93 97 54 20
0 33
0 17
0 34
2 38
3 18
3 12
3 40
4 42
4 7
5 44
5 43
5 16
5 24
5 31
6 46
6 22
7 48
7 28
7 47
8 50
8 17
8 13
8 49
8 14
9 10
9 52
9 51
10 53
10 26
10 29
10 54
11 18
11 15
12 57
12 58
13 60
13 59
14 62
15 63
16 65
16 66
17 67
17 30
17 68
18 69
18 70
18 21
18 25
19 72
21 76
23 79
23 80
23 24
24 82
24 81
24 20
25 84
26 86
27 28
27 88
28 90
29 92
30 32
31 95
31 96
32 98
32 97
33 35
34 36
38 40
41 43
42 44
46 48
50 52
53 55
58 60
61 63
62 64
65 67
70 72
74 76
77 79
94 96
95 93