1 2 3 4 98 97 96 6 7 8 99 93 92 91 9 11 12 13 94 88 87 86 14 16 17 18 89 83 82 81 19 21 22 23 84 78 77 76 24 26 27 28 79 73 72 71 29 31 32 33 74 68 67 66 34 36 37 38 69 63 62 61 39 41 42 43 64 58 57 56 44 46 55 53 52 51 49 54 0 95 5 90 10 85 15 80 20 75
1 2
1 4
1 98
1 0
2 3
3 6
98 97
98 99
98 95
97 96
96 93
6 7
6 9
6 5
7 8
8 11
93 92
93 94
93 90
92 91
91 88
11 12
11 14
11 10
12 13
13 16
88 87
88 89
88 85
87 86
86 83
16 17
16 19
16 15
17 18
18 21
83 82
83 84
83 80
82 81
81 78
21 22
21 24
21 20
22 23
23 26
78 77
78 79
78 75
77 76
76 73
26 27
26 29
27 28
28 31
73 72
73 74
72 71
71 68
31 32
31 34
32 33
33 36
68 67
68 69
67 66
66 63
36 37
36 39
37 38
38 41
63 62
63 64
62 61
61 58
41 42
41 44
42 43
43 46
58 57
58 55
57 56
56 53
46 49
53 52
53 54
52 51