0 14 22 63 65 67 69 71 73 75 77 79 81 83 85 87 89 91 93 95 97 99 25 2 40 3 48 44 4 38 5 39 7 6 28 18 31 61 8 42 9 10 43 11 51 12 59 54 34 45 17 19 47 20 50 21 53 23 24 33 36 26 46 37 32 41 58 35 60 56 62 64 66 68 72 74 76 80 82 84 86 90 94 96 98 15 52 29
0 89
0 22
0 91
0 81
0 14
0 65
0 87
0 85
0 73
0 83
0 97
0 62
0 64
0 72
0 74
0 82
0 84
0 86
0 90
0 96
0 98
14 54
14 38
14 34
22 53
22 79
63 2
67 7
69 9
71 12
75 17
77 20
93 41
95 43
99 47
25 50
25 6
25 36
25 5
2 40
40 11
40 21
3 44
3 48
48 56
48 41
44 53
44 35
44 31
4 38
38 17
5 39
5 7
5 66
5 15
5 52
7 61
7 31
7 18
6 28
6 29
18 76
31 8
61 9
8 42
8 68
42 94
9 10
10 43
43 24
11 51
51 24
12 59
59 34
45 60
19 47
47 35
20 50
53 23
23 80
24 33
33 58
26 46
46 58
37 35
32 41
60 56