87 4 8 41 54 72 66 56 18 50 25 39 84 64 26 49 33 92 5 31 35 61 80 42 32 10 34 24 51 52 73 16 63 97 7 57 77 43 9 62 90 30 6 99 0 75 13 47 1 67 20 83 58 44 46 91 12 11 81 14 55 28 29 38 93 78 88 85 60 40 76 69 94 21 79 89 68 53 15 2 45 48 70 82
87 4
87 63
4 32
4 60
8 5
8 99
8 54
41 39
54 78
54 16
54 72
66 39
66 77
66 55
56 64
56 13
18 25
18 43
50 90
50 91
25 9
39 21
84 55
64 33
64 26
64 68
26 63
26 12
26 42
26 58
26 45
49 52
33 94
33 48
33 70
92 30
92 34
92 1
92 15
31 35
31 38
31 79
35 93
35 24
61 60
80 51
10 11
10 43
34 99
24 20
24 0
51 20
52 81
73 75
16 83
16 75
63 44
63 46
63 57
97 13
7 67
57 29
77 43
62 93
90 93
30 91
6 99
6 89
99 40
13 47
47 1
67 85
67 55
20 81
20 82
58 76
91 2
12 53
81 14
55 93
28 29
38 69
88 85