84 50 5 7 17 77 18 12 55 64 29 11 65 1 95 69 68 36 46 42 60 85 78 99 32 96 33 87 52 62 90 22 48 83 37 63 41 49 9 20 51 26 31 72 92 54 27 74 39 79 21 4 24 66 8 30 91 13 40 88 70 80 58 14 86 81 38 10 73 15 67 19 59 44 35 61
84 50
84 24
50 5
5 7
5 17
5 77
5 18
5 48
5 83
7 68
7 36
7 33
7 87
17 12
17 46
17 42
17 96
17 44
17 61
77 55
77 64
77 95
18 31
12 60
12 78
12 27
12 67
55 29
55 11
64 69
29 65
29 91
29 15
11 1
1 8
68 63
36 52
36 54
36 74
46 85
46 40
42 30
60 99
60 32
60 62
85 22
85 92
78 51
78 26
78 19
99 90
99 20
32 81
96 9
96 66
33 59
87 37
87 41
87 49
87 4
87 80
62 35
90 73
22 38
48 39
37 79
63 72
41 13
51 70
26 21
31 88
27 14
27 86
39 10
66 58