0 34 30 55 37 50 49 46 64 45 53 58 17 73 59 48 43 71 54 57 56 44 51 74 27 60 65 61 9 14 4 6 35 88 8 18 10 96 29 25 2 19 23 1 38 15 81 16 21 24 85 42 78 22 94 90 91 87 83 82 98 77 92 28 3 36 70 66 69 67 63 62 68 52 97 72 47 7 41
0 34
0 30
0 55
0 37
0 50
0 49
0 46
0 64
0 45
0 53
0 58
0 73
0 59
0 48
0 71
0 54
0 57
0 56
0 44
0 51
0 74
0 60
0 65
0 61
0 36
0 70
0 66
0 69
0 67
0 63
0 62
0 68
0 52
0 72
0 47
34 17
34 43
30 97
55 14
50 8
49 7
64 29
45 2
58 18
17 27
17 9
17 6
17 35
17 88
59 19
43 4
71 38
57 16
56 15
44 1
27 96
60 21
61 24
9 81
14 10
14 85
4 23
6 25
6 78
8 22
18 41
25 94
19 90
23 42
1 91
1 87
1 83
1 82
1 98
1 77
1 92
24 28
22 3