2 76 3 9 95 20 7 10 49 51 11 8 6 4 14 79 1 88 55 48 19 22 45 15 18 93 53 60 61 33 17 47 46 62 26 98 87 70 99 64 27 96 84 34 80 72 40 94 66 28 52 32 31 56 89 41 81 23 71 36 67 21 54 57 29 37 68 12 25 59 50 91 78 43 82 44 16 0 63 83 42 58 13 5 30
2 76
2 4
2 0
76 3
3 9
3 7
3 10
9 95
9 20
20 21
7 49
7 6
10 51
10 14
49 8
51 11
11 13
8 12
6 16
4 1
4 48
14 79
1 88
1 5
88 55
55 19
55 22
55 60
55 46
55 63
48 89
19 15
22 45
22 53
45 18
15 96
18 93
18 17
18 26
18 27
53 33
60 61
61 47
61 62
33 64
17 28
47 42
46 43
62 98
26 40
26 31
26 58
98 87
87 70
87 99
70 66
70 83
64 84
64 34
27 80
96 71
96 67
84 72
80 94
72 52
94 32
66 56
28 29
28 30
52 41
52 36
41 81
81 23
23 25
36 59
67 54
67 57
54 37
37 68
12 50
12 91
59 78
43 82
43 44