0 27 26 54 74 57 25 9 36 10 56 55 88 69 67 21 14 45 46 68 61 16 12 75 62 3 50 35 34 6 89 51 7 48 43 44 47 63 94 8 98 93 83 38 66 23 49 32 97 71 5 40 96 80 79 2 87 58 33 77 15 13 39 42 17 60 72 86 11 84 78 59 65 20 28 90 95 41 99 53
0 27
0 26
0 25
27 54
27 74
27 57
26 35
54 9
54 36
74 61
74 16
57 10
25 50
9 53
36 3
10 56
10 55
10 5
56 88
56 90
55 69
55 67
55 45
55 46
88 21
88 99
69 14
69 51
21 89
14 68
45 6
46 7
46 94
68 38
61 12
16 75
12 62
75 93
75 83
3 34
35 39
6 43
6 44
89 63
51 8
51 98
51 66
7 48
7 47
48 32
43 97
44 87
47 79
47 41
94 23
94 71
94 80
8 49
66 13
23 96
23 95
32 2
32 58
71 77
71 15
5 40
5 42
96 60
80 86
79 84
2 33
87 20
58 11
58 78
77 17
15 72
13 65
72 28
11 59