0 2 4 8 9 6 7 10 11 12 17 15 18 21 22 19 23 26 28 29 25 24 35 34 32 33 30 36 39 38 41 44 43 47 42 45 53 48 52 50 51 58 59 56 54 55 63 60 61 62 67 68 69 70 71 66 72 75 77 76 73 80 78 83 82 87 88 84 86 90 91 92 95 96 97 1 3 5 13 14 16 20 27 31 37 49 64
0 6
0 2
0 1
0 3
0 5
4 9
8 6
8 14
9 11
9 7
6 10
6 7
6 12
11 13
12 17
12 18
12 15
12 16
18 19
18 21
18 20
21 29
22 23
22 25
23 29
26 24
28 35
28 33
28 24
29 34
29 24
24 27
35 31
34 39
32 30
33 30
36 41
36 38
36 39
39 44
44 42
44 53
43 42
43 37
47 52
47 42
42 45
53 56
48 58
48 51
48 49
50 51
58 59
59 54
56 54
54 55
54 60
54 61
63 60
63 64
60 67
61 62
67 71
68 69
68 66
70 77
70 66
71 73
72 73
72 75
72 76
75 80
77 76
77 82
76 78
73 83
80 87
83 88
87 84
84 86
84 90
90 92
90 95
90 96
91 96
92 97