0 2 4 7 8 13 16 21 26 34 39 42 44 47 53 55 61 65 68 74 77 80 83 88 97 11 17 20 27 41 51 60 69 78 86 91 93 1 14 25 33 45 63 71 81 3 6 30 70 36 57 94 29 19 23 28 35 40 43 46 50 54 58 64 66 72 76 79 82 85 90 98 15
0 2
0 4
0 7
0 8
0 13
0 16
0 21
0 26
0 34
0 39
0 42
0 44
0 47
0 53
0 55
0 61
0 65
0 68
0 74
0 77
0 80
0 83
0 88
0 97
0 19
0 23
0 28
0 35
0 40
0 43
0 46
0 50
0 54
0 58
0 64
0 66
0 72
0 76
0 79
0 82
0 85
0 90
0 98
0 15
2 11
2 17
2 20
2 27
2 41
2 51
2 60
2 69
2 78
2 86
2 91
2 93
4 1
4 14
4 25
4 33
4 45
4 63
4 71
4 81
7 3
7 6
7 30
7 70
8 36
8 57
13 94
16 29