0 3 4 6 8 10 13 15 16 17 18 20 21 22 23 25 26 28 30 32 33 35 36 37 40 41 42 44 45 48 49 52 57 58 61 62 63 64 65 66 67 72 73 74 76 77 79 81 82 84 87 88 89 91 94 95 96 97 2 5 7 12 27 39 46 47 53 55 69 85 93 50 99 11 56 70 29 38 51 59 90 98 68 54
0 74
0 88
0 13
3 17
3 7
4 42
4 63
6 37
8 32
8 82
10 35
10 40
10 38
15 97
15 72
15 64
16 96
16 88
16 85
17 85
17 41
18 79
20 55
20 62
20 23
20 54
21 44
21 89
22 23
22 70
25 46
25 51
26 27
26 11
26 50
28 88
30 84
30 33
30 87
32 52
32 93
33 77
35 47
36 41
37 99
40 91
42 74
44 99
44 81
45 73
48 72
48 65
49 82
49 11
52 79
52 98
57 73
57 89
58 79
61 95
61 5
62 82
63 12
64 95
66 76
66 96
66 29
66 59
67 47
73 94
74 2
77 46
77 89
77 91
79 89
82 96
89 53
89 90
96 68
97 2
7 69
39 70
99 56