0 57 55 70 72 74 76 77 79 81 83 85 87 89 91 93 95 97 98 1 29 39 45 7 3 66 47 46 5 28 6 54 68 31 9 25 11 20 67 12 21 13 53 41 14 56 44 16 26 17 30 64 19 27 69 50 51 24 65 32 33 35 36 49 38 59 43 63 48 60 62 61 78 88 90 92 94 99 2 4 40 42 52 15 8
0 57
0 55
0 87
0 76
0 98
0 79
0 93
0 74
0 91
0 70
0 77
0 89
0 83
0 97
0 61
0 78
0 88
0 92
0 94
0 99
57 21
55 42
55 8
72 5
76 9
81 16
85 21
95 35
98 38
1 29
1 39
1 45
39 32
45 68
45 24
45 46
7 46
7 31
7 2
3 47
3 66
47 63
47 64
46 19
46 25
46 4
46 52
5 28
28 41
28 19
28 90
6 68
6 54
9 25
11 20
11 67
67 38
12 21
21 14
21 50
13 53
13 41
53 63
41 59
14 56
56 62
44 27
44 15
16 26
26 65
17 30
17 64
19 27
19 69
19 40
69 51
51 43
65 62
65 60
32 35
32 33
36 49
49 38
48 60