0 1 19 2 3 4 5 6 64 7 8 82 9 47 49 51 53 37 39 41 43 45 29 31 33 35 20 22 24 26 10 12 14 16 18 56 58 60 62 65 67 69 71 73 75 77 79 81 84 86 88 90 92 94 96 98 46 48 50 52 54 38 40 42 44 28 30 32 34 36
0 1
0 10
0 12
0 14
0 16
0 18
1 19
1 2
19 20
19 22
19 24
19 26
2 3
2 29
2 31
2 33
2 35
2 28
2 30
2 32
2 34
2 36
3 4
3 37
3 39
3 41
3 43
3 45
3 38
3 40
3 42
3 44
4 5
4 47
4 49
4 51
4 53
4 46
4 48
4 50
4 52
4 54
5 6
5 56
5 58
5 60
5 62
6 64
6 7
64 65
64 67
64 69
64 71
7 8
7 73
7 75
7 77
7 79
7 81
8 82
8 9
82 84
82 86
82 88
82 90
9 92
9 94
9 96
9 98