0 1 2 3 4 6 7 8 9 10 11 12 14 15 17 18 19 20 21 23 24 25 26 27 28 29 30 31 32 33 35 36 39 42 44 46 47 48 49 50 52 53 54 55 56 58 60 62 64 65 66 67 68 70 71 73 74 75 76 77 79 80 82 83 84 85 87 89 91 92 93 94 95 96 98 34 63 69 72 41 13
0 33
0 24
0 30
0 34
1 35
1 21
1 15
1 18
1 28
1 36
2 9
3 39
3 10
4 42
4 20
4 14
4 41
6 46
7 47
7 17
7 29
7 48
8 49
8 50
8 15
8 19
9 52
10 53
10 54
11 55
11 21
12 58
12 32
12 27
15 64
15 63
17 67
17 31
17 26
17 68
18 70
18 23
18 69
19 71
20 73
21 75
21 27
21 76
23 79
23 80
23 13
24 82
25 83
25 84
26 85
29 91
29 92
30 93
30 94
31 95
32 98
33 35
42 44
46 48
50 52
53 55
54 56
58 60
62 64
65 67
66 68
70 72
73 75
74 76
77 79
82 84
85 87
89 91
93 95
94 96