0 11 6 25 27 1 8 28 29 30 2 14 24 31 33 3 17 34 35 4 21 23 37 38 5 18 40 41 42 12 43 44 45 7 16 10 46 48 15 13 19 49 50 51 9 22 52 54 55 56 20 58 60 61 63 64 65 67 68 69 71 72 74 75 77 78 79 81 82 83 84 85 86 88 89 90 91 92 94 95 97 98 99 57 59 80 87 93
0 25
0 27
11 60
11 58
11 59
6 44
6 45
6 43
25 52
27 83
1 30
1 29
1 28
8 51
8 50
8 49
28 79
29 82
30 99
2 31
2 33
14 68
14 67
14 69
24 97
24 99
24 98
33 55
3 34
3 35
17 78
17 77
35 69
4 38
4 37
21 88
21 90
21 89
23 95
23 94
38 49
38 71
5 41
5 40
5 42
18 81
18 79
18 80
40 68
41 85
42 60
12 61
12 63
43 46
45 89
7 48
7 46
16 75
16 74
10 56
10 55
15 72
15 71
13 65
13 64
19 84
19 83
19 82
50 86
51 90
9 54
9 52
22 92
22 91
22 93
56 78
20 85
20 86
60 94
63 85
64 98
69 78
74 89
74 57
81 88
86 87
89 92