0 44 15 53 9 64 57 60 24 82 71 92 74 4 89 98 7 94 84 79 81 91 90 88 83 58 80 78 95 96 50 97 30 14 40 17 21 1 13 29 18 10 49 3 73 27 6 36 5 70 28 25 48 32 45 20 38 61 65 67 63 46 55 68 22 54 31 72 39 41 34 47 86 76 37 77 42 75 85 93 99 56
0 44
0 92
0 74
0 4
0 89
0 98
0 7
0 94
0 84
0 79
0 81
0 91
0 90
0 88
0 83
0 80
0 78
0 95
0 96
0 97
0 86
0 76
0 77
0 75
0 85
0 93
0 99
44 15
44 53
15 9
15 64
15 60
53 50
53 14
9 82
9 71
64 57
64 47
57 24
24 55
92 21
74 1
4 58
4 30
4 37
89 17
98 29
7 42
79 6
91 20
90 18
83 10
78 5
95 25
50 40
50 3
97 28
30 27
14 73
40 13
40 36
17 49
17 70
17 32
21 65
1 45
13 67
29 61
10 48
3 63
73 46
27 54
5 38
28 56
25 68
38 22
63 31
55 41
22 72
22 39
72 34