0 21 25 27 1 6 28 29 30 2 15 20 31 32 3 10 34 35 36 4 13 9 38 39 5 8 41 42 17 44 45 7 11 46 48 49 50 51 53 54 12 55 56 57 59 60 62 63 22 23 64 65 24 67 68 18 70 71 16 73 74 76 77 19 79 80 81 82 83 84 85 87 88 89 90 91 93 94 95 96 97 99 26 37 43 66 92
0 27
0 25
0 26
21 89
21 88
21 90
25 89
27 32
1 28
1 29
6 45
6 44
6 43
28 48
28 39
29 96
30 94
2 32
2 31
15 70
15 71
20 85
20 87
31 77
3 36
3 35
3 34
10 55
10 57
35 81
36 39
4 38
4 39
4 37
13 64
13 65
13 66
9 53
9 54
5 41
5 42
8 49
8 50
8 51
42 65
42 62
17 77
17 76
44 82
45 56
7 46
7 48
11 60
11 59
49 67
50 80
54 73
12 62
12 63
55 93
56 93
59 95
22 91
22 93
22 92
23 94
23 96
23 95
64 79
24 99
24 97
68 71
18 81
18 80
18 79
71 95
16 73
16 74
73 82
19 82
19 84
81 91
83 99
83 88
85 95
90 93