0 21 42 34 27 41 45 47 38 4 35 39 30 31 26 40 46 32 37 10 44 23 96 11 61 18 15 20 8 19 87 2 7 25 98 1 22 17 6 12 16 3 13 5 91 14 74 57 79 77 75 82 66 69 50 51 95 58 94 48 56 64 97 85 90 43 29 28 36 33 81 67 9
0 21
0 42
0 34
0 27
0 41
0 45
0 47
0 38
0 4
0 35
0 39
0 30
0 31
0 26
0 40
0 46
0 32
0 37
0 44
0 43
0 29
0 28
0 36
0 33
21 23
21 96
21 61
21 81
42 20
27 2
41 19
47 25
38 15
4 10
4 67
4 9
35 11
39 17
30 6
31 7
26 1
32 8
10 87
23 18
23 98
96 3
11 13
11 74
18 22
15 12
15 16
15 91
15 57
20 95
19 14
19 94
2 79
2 77
2 75
2 82
2 66
2 69
7 51
1 48
1 64
22 5
22 97
6 50
16 58
3 85
3 90
13 56