0 94 24 53 27 67 18 91 22 57 3 39 33 55 38 10 77 98 51 85 72 64 21 58 63 76 23 61 73 42 5 13 54 8 37 48 41 66 16 56 2 95 79 86 83 9 14 69 28 75 46 65 93 80 50 71 89 11 97 82 49 45 84 70 26 43 32 68 4 34 90 17 20 36 31 19
0 94
0 39
0 33
0 55
0 4
94 24
94 22
94 57
94 3
94 86
94 49
94 20
24 53
24 27
24 67
24 76
53 18
53 91
53 14
67 32
67 36
18 89
18 11
18 68
22 98
22 51
22 64
22 21
22 34
57 85
57 72
57 93
57 90
3 77
3 63
3 54
39 38
39 10
39 42
39 5
33 37
55 58
55 75
38 65
38 26
10 13
10 8
10 66
98 31
51 61
51 73
85 41
85 79
85 19
72 23
72 69
64 2
21 48
21 17
58 16
76 46
23 9
73 95
42 56
13 80
54 83
37 70
41 28
16 97
2 84
95 50
69 71
69 43
28 82
93 45