0 6 55 54 60 58 56 50 51 53 57 59 61 69 52 70 73 71 67 44 68 62 63 65 76 8 78 72 75 48 47 12 23 5 2 3 1 11 15 77 30 4 35 79 17 13 19 28 36 26 18 34 21 46 49 14 43 37 45 27 33 41 42 74 66 64 9 10 29
0 6
0 3
0 1
0 17
6 55
6 8
6 9
55 54
55 50
54 60
54 58
54 61
60 67
58 56
58 59
56 53
56 57
56 73
50 51
51 75
53 52
53 74
57 70
59 68
59 62
61 69
69 71
52 44
70 76
71 72
71 66
67 78
44 43
44 45
68 63
62 65
62 64
65 12
76 23
8 11
78 79
72 48
75 15
48 47
12 5
23 21
5 2
5 13
2 77
3 4
1 26
15 14
15 10
77 30
30 35
30 19
30 34
30 29
35 36
79 18
17 46
13 28
28 27
36 37
18 41
34 33
46 49
43 42