0 1 2 4 5 6 8 9 10 11 12 13 14 15 16 17 18 19 20 21 23 24 25 26 27 29 30 31 32 33 35 37 38 39 41 43 44 45 46 48 49 50 51 53 55 57 58 60 61 63 64 66 69 71 72 73 75 77 78 79 80 82 83 84 86 87 88 90 91 92 94 96 98 36 40 42 47 52 59 93 95 7
0 33
0 17
1 35
1 6
1 17
1 36
2 37
2 4
2 30
2 38
4 14
4 27
4 10
4 8
4 42
5 20
5 18
5 43
5 44
6 10
6 45
6 11
6 46
6 7
8 49
8 50
8 24
9 51
11 55
11 32
12 31
12 58
12 57
12 20
13 18
13 60
14 61
14 19
15 64
15 26
16 66
16 17
18 29
19 72
19 71
20 73
21 29
21 75
23 31
23 80
23 79
24 82
25 83
25 84
26 86
27 88
27 87
27 31
29 91
29 92
30 94
30 93
31 96
31 95
32 98
37 39
38 40
41 43
45 47
46 48
49 51
50 52
53 55
57 59
61 63
69 71
77 79
78 80
82 84
86 88
90 92