0 1 2 72 71 66 73 48 47 38 39 24 70 99 8 44 98 25 59 40 45 88 92 67 11 91 14 49 13 76 77 75 32 12 26 37 65 22 41 74 35 97 21 15 55 93 43 60 9 83 82 62 68 86 57 53 84 50 10 16 7 52 27 56 51 96 28 29 6 95 89 58 34 20 33 23 36 46
0 1
0 53
1 2
1 72
2 50
72 71
72 8
72 44
71 66
71 73
71 70
71 59
71 45
66 48
66 99
66 67
66 65
73 38
73 24
73 74
73 89
48 47
48 49
48 20
47 88
47 46
38 39
38 32
38 37
39 40
39 11
24 25
24 23
70 92
70 34
99 98
99 55
8 9
8 7
98 97
59 14
59 60
59 58
40 41
40 57
92 91
92 93
67 22
67 68
11 12
11 26
14 13
14 15
49 76
76 77
76 75
32 86
32 33
26 27
37 36
22 21
41 35
97 96
15 16
55 56
93 43
9 83
9 82
9 10
83 62
83 84
50 52
7 6
52 51
27 28
96 95
28 29