47 53 67 75 92 17 20 78 69 46 40 83 30 13 29 93 88 84 4 36 43 33 42 52 90 81 10 57 59 1 77 54 48 50 19 85 26 39 24 95 51 44 11 91 6 9 71 97 5 73 12 99 35 27 89 49 18 23 45 25 34 80 8 76 7 72 64 63 38 62 41 22 3 55 87 65 98 74 60 2
47 53
47 20
47 78
53 67
67 75
67 92
67 22
75 76
92 17
92 63
20 12
20 38
78 69
78 10
69 46
69 50
46 40
46 83
46 13
46 29
46 90
46 98
40 30
40 57
40 1
83 81
83 48
83 18
13 3
29 93
29 88
29 4
29 42
29 9
93 84
93 33
93 54
88 52
84 77
84 89
84 87
84 74
4 36
4 43
4 60
36 24
43 59
33 35
42 91
52 95
81 85
81 8
81 55
10 45
59 44
1 19
1 2
77 39
54 73
54 99
48 71
48 5
48 23
19 62
19 65
85 26
26 51
39 11
39 97
24 27
95 6
95 41
51 34
44 80
91 49
97 25
27 72
49 64
25 7