0 7 1 32 34 36 38 40 42 43 45 47 49 51 53 55 57 3 59 61 63 65 67 69 71 73 75 2 26 4 77 79 80 82 84 86 88 90 92 94 96 9 19 10 98 27 5 14 6 29 15 13 11 28 23 16 24 17 18 30 21 25 31 37 39 41 44 46 48 50 52 54 58 62 64 66 68 72 74 83
0 7
0 34
0 1
0 43
0 42
0 32
0 51
0 40
0 49
0 55
0 37
0 41
0 44
0 46
0 48
0 50
0 52
0 54
7 29
7 36
1 3
1 67
1 71
1 69
1 61
1 63
1 31
1 58
1 62
1 64
1 66
1 68
1 72
1 74
38 9
43 15
45 17
47 19
53 26
57 30
3 10
3 19
3 77
3 98
3 59
3 9
65 15
73 25
75 27
2 4
2 26
2 84
2 96
2 80
2 79
26 94
4 27
4 5
79 6
82 10
86 16
88 18
90 21
92 23
9 13
19 5
10 11
10 39
5 14
15 23
11 28
11 83
28 21
28 17
28 25
16 24
24 30
17 18
18 30