0 1 3 98 96 94 2 99 5 7 4 92 97 9 11 6 8 10 12 95 14 90 88 86 13 15 93 84 82 91 16 17 89 80 18 20 22 24 26 28 30 32 19 34 78 76 87 85 21 23 36 25 74 83 81 79 27 29 31 72 38 33 40 77 70 35 42 68 37 44 46 66 64 75 48 62 60 73 71 39 58 56 69 41 67 65 43 63 45 47 61 59 57 55 53 49 50
0 1
0 98
0 2
1 3
1 99
3 5
98 96
96 94
94 92
2 4
99 97
5 7
7 9
4 6
92 90
97 95
9 11
11 13
6 8
8 10
10 12
12 14
95 93
14 16
90 88
88 86
86 84
13 15
15 17
93 91
84 82
82 80
91 89
16 18
17 19
89 87
80 78
18 20
20 22
22 24
24 26
26 28
28 30
30 32
32 34
19 21
34 36
78 76
76 74
87 85
85 83
21 23
23 25
36 38
25 27
74 72
83 81
81 79
79 77
27 29
29 31
31 33
72 70
38 40
33 35
40 42
77 75
70 68
35 37
42 44
68 66
37 39
44 46
46 48
66 64
64 62
75 73
48 50
62 60
60 58
73 71
71 69
39 41
58 56
69 67
41 43
67 65
65 63
43 45
63 61
45 47
47 49
61 59
59 57
57 55
55 53