0 28 93 37 23 51 10 91 94 15 40 14 73 89 38 75 30 32 62 80 95 76 85 77 16 43 13 59 36 26 83 20 82 2 72 58 6 92 54 86 11 45 22 69 53 41 9 97 61 18 21 71 47 84 35 12 60 49 98 67 33 96 42 88 48 34 44 24 27 52 64 55 50 8 46 1 68 74 31 78 90 81
0 28
0 93
0 37
0 23
28 51
93 10
93 91
93 94
37 15
37 40
37 14
37 73
23 89
23 38
23 75
23 30
23 32
23 62
23 80
23 95
23 76
23 85
23 77
23 16
23 43
23 13
23 59
23 36
23 26
23 83
23 20
23 82
23 2
23 72
23 58
23 6
23 92
23 54
23 86
23 11
23 45
23 22
23 69
23 53
23 41
23 9
23 60
23 49
23 98
23 67
23 33
23 96
23 42
23 88
23 48
23 34
23 44
23 24
23 27
23 52
23 64
23 55
23 50
23 8
23 46
23 1
23 68
23 74
23 31
23 78
23 90
23 81
89 97
62 61
80 18
85 21
16 71
36 47
36 84
72 35
84 12