0 2 13 57 18 21 64 28 69 4 1 41 3 43 52 72 24 9 17 27 29 40 68 44 70 61 26 67 31 60 8 62 35 38 39 22 34 33 42 54 30 65 58 16 6 45 20 71 7 47 23 32 19 46 55 15 25 66 51 11 63 5
0 2
0 18
0 21
0 41
0 43
0 40
0 35
2 13
2 57
2 70
13 46
57 64
18 4
18 3
21 31
21 39
21 22
21 33
21 66
64 28
64 1
64 61
64 26
28 69
28 51
28 11
69 38
69 30
4 16
4 25
41 52
41 72
41 15
3 45
43 68
43 6
52 27
52 29
52 8
52 34
52 55
72 24
72 9
24 17
24 62
17 60
40 58
68 44
70 63
26 67
67 42
31 5
8 65
35 20
39 54
22 7
42 23
65 71
6 47
6 32
32 19