0 33 34 21 7 29 27 18 17 12 35 3 14 10 13 20 2 30 4 8 23 22 16 25 28 31 24 11 36 6 1 9 5 32 60 52 91 47 84 40 19 87 53 65 69 70 42 74 92 50 61 76 90 95 94 81 62 38 45 56 97 78 55 71 98 58 88 67 26 15
0 33
0 34
0 21
0 7
0 29
0 27
0 18
0 17
0 12
0 3
0 14
0 10
0 13
0 20
0 2
0 30
0 4
0 8
0 23
0 22
0 16
0 25
0 28
0 31
0 24
0 11
0 6
0 9
0 5
0 32
0 26
0 15
33 35
34 36
21 76
7 47
29 91
29 92
27 87
27 88
18 19
18 69
18 70
17 67
12 58
35 1
3 40
14 61
14 62
10 53
13 60
20 74
30 94
4 42
8 50
22 78
16 65
25 84
28 90
31 95
24 81
11 56
11 55
9 52
32 97
32 98
47 45
40 38
69 71