0 31 49 21 68 19 79 44 77 73 54 52 29 91 18 5 16 65 84 83 46 50 58 67 56 25 61 86 90 88 64 2 23 1 9 72 81 11 7 76 62 20 92 63 53 15 82 28 36 39 22 51 47 45 42 43 32 37 55 8 12 35 75 17 24 40 34 38 57 60 33 74 87 70 10 48 78 66 13
0 31
0 49
0 84
31 21
49 46
49 50
21 68
21 19
21 44
21 43
68 73
68 54
68 48
19 79
79 24
79 33
44 77
44 65
77 61
77 60
73 52
73 29
73 18
73 57
54 16
54 23
52 91
91 35
18 5
18 58
5 67
16 83
16 37
16 87
65 56
65 25
65 11
65 45
65 74
84 82
83 86
83 90
83 88
83 2
83 78
46 20
46 8
67 9
56 72
56 51
25 63
25 53
61 92
86 64
86 1
90 66
64 70
2 76
1 40
9 7
72 81
72 15
81 10
7 13
76 62
62 22
20 38
92 39
92 42
63 28
63 36
15 47
15 32
28 34
51 55
37 12
12 17
35 75