38 34 41 1 4 33 97 53 64 23 93 83 71 26 91 84 89 67 57 87 99 72 28 98 22 56 29 6 25 54 17 86 13 79 61 11 62 74 96 9 85 68 66 48 81 95 94 42 49 32 92 24 5 60 76 20 37 18 51 77 15 16 19 52 59 3 58 7 90 36 39 10 80 75 55 63 88 2 12
38 34
38 41
41 1
41 4
41 90
4 33
33 97
33 53
33 71
33 67
33 42
97 64
97 93
97 83
97 24
53 23
53 12
64 57
23 91
23 79
23 16
23 88
93 26
93 84
93 18
93 2
83 92
71 89
71 85
71 95
71 36
26 87
26 17
91 98
91 61
91 39
84 68
84 63
89 25
89 96
89 19
67 6
67 54
67 10
87 99
87 28
87 56
87 29
87 58
87 55
99 72
99 62
72 22
22 86
56 9
56 80
6 75
25 13
25 52
86 66
13 11
79 51
11 74
62 7
96 94
9 32
9 37
9 15
68 48
48 81
48 76
95 49
95 60
95 59
92 20
24 5
18 77
52 3