2 3 4 5 58 6 7 57 59 56 8 10 12 14 16 18 20 22 24 26 27 55 62 64 66 68 70 72 74 76 78 80 82 84 86 88 54 33 35 37 39 41 43 45 47 49 51 53 28 89 32 90 99 91 98 92 97 29 93 94 30 60 9 11 13 15 17 19 21 23 25 61 63 65 67 69 71 73 75 77 79 81 83 85 87 34 36 38 40 42 44 46 48 50 52 1
2 3
2 1
3 4
4 5
4 58
5 6
58 57
58 59
58 8
58 10
58 12
58 14
58 16
58 18
58 20
58 22
58 24
58 26
58 27
58 9
58 11
58 13
58 15
58 17
58 19
58 21
58 23
58 25
6 7
57 56
57 62
57 64
57 66
57 68
57 70
57 72
57 74
57 76
57 78
57 80
57 82
57 84
57 86
57 88
57 61
57 63
57 65
57 67
57 69
57 71
57 73
57 75
57 77
57 79
57 81
57 83
57 85
57 87
59 60
56 55
56 33
56 35
56 37
56 39
56 41
56 43
56 45
56 47
56 49
56 51
56 53
56 34
56 36
56 38
56 40
56 42
56 44
56 46
56 48
56 50
56 52
27 28
55 54
88 89
33 32
28 29
89 90
89 99
90 91
99 98
91 92
98 97
92 93
29 30
93 94