61 6 37 9 15 71 30 42 57 93 58 79 19 17 55 23 25 69 73 14 77 36 21 74 32 50 1 46 39 90 13 27 16 87 5 7 82 47 54 75 29 44 76 33 8 84 22 34 18 4 11 72 67 64 43 63 35 78 20 70 66 48 26 53 62 28 40 3 86 38 91 94 65 68 92 31 85 12 81 41 45 52 83 59
61 19
61 3
6 46
6 79
6 42
6 47
37 44
9 71
9 44
15 82
15 69
71 32
71 7
30 75
30 93
30 58
57 28
58 74
79 39
19 25
19 17
55 84
23 16
23 1
23 11
23 86
25 73
73 82
73 33
14 77
77 32
36 22
36 75
36 40
36 31
21 48
32 75
50 29
1 48
1 87
46 38
46 40
46 94
39 53
39 64
39 43
39 54
90 67
90 87
90 85
13 62
13 66
13 70
27 29
16 3
87 5
5 83
82 35
29 86
76 63
76 52
8 62
8 84
8 41
22 92
22 12
22 59
34 3
18 26
4 40
4 72
72 28
67 91
67 62
67 63
67 26
64 66
64 45
43 78
43 65
78 68
20 91
70 81