0 49 45 65 16 2 4 54 75 61 48 50 85 84 73 44 46 64 66 26 93 87 68 3 5 55 74 76 12 1 51 62 21 33 36 7 78 89 86 15 25 28 47 35 69 43 77 37 11 34 8 41 82 13 30 90 18 39 72 59 81 9 22 70 31 58 10 29 38 88 6 94 60 53 24 56
0 49
0 26
49 45
49 4
49 48
49 50
45 65
45 16
45 44
45 46
65 2
65 64
65 66
16 15
16 53
2 93
2 88
4 54
4 61
4 87
4 3
4 5
54 75
54 55
54 94
75 68
75 74
75 76
61 62
48 24
50 85
50 84
85 25
84 73
73 28
73 72
44 11
64 82
64 6
66 41
87 86
87 56
68 69
3 51
5 1
5 78
55 89
74 21
76 12
12 8
12 13
51 60
62 36
62 35
21 33
21 22
36 7
36 43
89 77
86 47
15 90
15 39
28 29
47 37
35 58
37 38
11 34
11 18
11 10
8 30
30 59
18 81
81 9
22 70
70 31