0 61 63 66 68 70 72 74 76 78 80 82 84 86 88 90 92 94 96 98 1 12 8 2 22 51 15 3 36 4 33 14 5 57 20 6 54 7 27 56 53 9 47 21 10 24 13 17 64 16 23 38 18 49 19 37 32 44 25 30 42 59 26 45 29 31 39 43 58 48 52 60 65 67 69 71 75 77 79 81 85 89 91 95 97 99 55 50
0 61
0 66
0 74
0 63
0 76
0 84
0 92
0 88
0 96
0 65
0 67
0 71
0 75
0 77
0 81
0 85
0 91
0 95
0 97
61 3
61 26
63 10
63 25
68 4
70 6
72 10
78 16
80 18
82 20
86 27
90 31
94 37
98 42
1 8
1 12
8 51
2 22
2 51
2 15
15 64
3 36
36 31
36 18
4 14
4 33
33 25
33 19
14 17
5 20
5 57
5 69
20 44
20 25
20 32
6 54
54 59
7 27
7 53
7 56
56 50
53 9
9 21
9 47
21 30
24 13
24 49
17 23
17 79
64 60
64 38
64 39
16 23
16 38
23 42
18 49
19 37
44 99
25 59
30 59
30 89
59 29
59 55
26 45
45 48
43 58
43 48
58 52