0 68 13 42 61 40 63 77 79 97 86 35 90 75 74 89 93 94 78 95 82 83 92 91 85 84 99 87 54 28 6 51 15 39 8 18 44 32 27 16 38 1 56 22 3 9 17 67 19 52 36 37 31 60 59 70 64 47 66 11 41 30 25 46 20 71 58 4 62 65 34 33 69 45 98 96 73 80 76 81 10 21 88 2 72
0 68
0 77
0 79
0 97
0 86
0 35
0 90
0 75
0 74
0 89
0 93
0 94
0 78
0 95
0 82
0 83
0 92
0 91
0 85
0 84
0 99
0 87
0 98
0 96
0 73
0 80
0 76
0 81
0 88
68 13
68 42
68 61
68 63
13 39
13 45
42 40
61 51
63 15
77 8
79 10
86 21
35 54
90 28
75 6
74 3
89 27
94 36
78 9
95 38
83 17
84 18
99 44
87 22
28 56
6 67
6 59
15 16
15 1
39 19
39 52
8 32
18 70
16 60
38 37
56 66
22 31
3 11
9 64
17 47
19 71
36 41
59 58
70 30
70 25
70 2
64 20
47 65
41 62
30 46
46 4
58 72
4 34
65 69
34 33