76 73 66 63 82 91 42 35 58 41 86 88 95 67 90 46 62 56 44 53 78 40 69 28 51 71 54 37 19 99 39 2 12 11 33 3 9 97 7 32 10 70 77 52 45 50 57 92 96 0 93 14 23 87 16 24 49 83 26 59 80 84 31 38 1 20 89 4 74 68 18 48 27 61 36 60 64 13 29 85 30 65 55 72
76 68
73 69
73 14
66 95
66 56
66 45
66 72
63 50
82 48
91 42
91 78
42 95
42 35
42 37
35 80
58 4
58 67
58 19
41 95
41 18
86 78
86 2
86 12
88 56
95 90
95 51
95 60
90 27
46 53
62 32
62 61
44 37
44 48
53 49
78 26
78 83
40 99
69 7
28 31
71 33
71 30
54 84
54 52
37 97
37 33
19 70
99 33
99 74
39 74
2 96
11 1
11 0
3 77
3 38
9 93
97 65
97 55
7 89
7 57
32 87
32 59
32 68
10 24
70 49
70 24
77 52
52 87
52 85
45 16
45 89
50 23
92 74
96 20
96 64
93 1
23 26
87 36
24 80
49 1
59 74
80 13
31 68
74 29