0 27 25 26 70 15 42 5 40 41 84 56 44 89 28 6 31 10 1 72 55 92 21 88 71 19 29 51 8 66 13 64 45 2 49 90 57 39 47 65 38 4 7 54 33 52 97 76 62 69 67 78 34 32 9 81 24 48 60 35 79 80 86 20 61 58 12 14 99 98 87 16 75 96 73 43 30 83 77
0 27
0 25
0 26
27 70
27 42
27 84
25 56
25 44
25 89
25 31
26 28
70 15
15 72
15 71
42 5
5 40
5 41
40 60
40 35
41 47
84 19
84 39
84 54
56 10
56 92
44 6
44 51
44 66
89 21
89 77
28 1
6 45
6 16
6 43
31 2
10 55
10 57
1 29
1 30
92 34
21 88
21 90
88 38
71 67
71 78
19 83
29 80
51 8
8 49
66 13
66 76
13 64
13 65
64 62
64 69
45 97
2 33
2 32
49 52
90 61
47 7
47 79
65 81
38 4
7 48
33 86
52 9
97 24
62 12
67 14
34 58
24 99
48 98
79 96
86 20
20 87
16 75
16 73