2 3 19 4 5 21 6 7 8 24 10 11 13 25 36 38 14 15 39 40 16 17 26 18 23 27 22 29 31 30 43 44 45 35 37 42 46 52 47 48 49 50 54 51 55 56 57 58 59 60 63 61 64 69 66 68 75 67 70 71 79 80 78 72 74 77 81 82 83 87 73 84 85 86 88 95 92 93 1 20 9 28 41 62 32
2 3
2 1
3 4
19 18
4 21
4 5
4 20
5 60
5 7
5 6
5 8
21 23
7 58
8 9
24 25
24 23
10 13
11 36
13 25
36 40
36 37
38 35
38 52
14 15
14 40
15 16
39 47
39 48
16 17
17 27
26 27
26 29
26 18
26 28
18 23
23 22
27 31
29 44
29 43
31 30
30 32
43 42
45 42
35 37
35 46
42 41
46 47
48 49
49 50
50 51
54 55
51 93
55 58
56 57
57 58
58 62
59 63
59 61
60 61
63 64
64 69
69 75
66 67
66 68
75 84
75 88
67 72
70 71
70 79
79 78
79 80
79 95
80 77
78 72
72 73
74 83
74 87
77 81
81 82
82 83
87 85
73 84
84 86
95 92