80 0 1 3 7 9 12 17 19 21 23 25 32 34 36 39 42 44 46 48 51 54 56 58 60 63 65 69 72 77 97 95 90 88 82 93 96 84 78 16 13 5 2 71 66 10 27 28 76 92 29 6 8 11 14 18 20 22 24 26 33 35 37 41 43 45 47 50 52 55 57 59 61 64 67 70 75 79 87 94 86 83 89 98 91 85
80 0
80 1
80 3
80 7
80 9
80 12
80 17
80 19
80 21
80 23
80 25
80 32
80 34
80 36
80 39
80 42
80 44
80 46
80 48
80 51
80 54
80 56
80 58
80 60
80 63
80 65
80 69
80 72
80 77
80 97
80 95
80 90
80 88
80 82
80 93
80 96
80 84
80 6
80 8
80 11
80 14
80 18
80 20
80 22
80 24
80 26
80 33
80 35
80 37
80 41
80 43
80 45
80 47
80 50
80 52
80 55
80 57
80 59
80 61
80 64
80 67
80 70
80 75
80 79
80 87
80 94
80 86
80 83
80 89
80 98
80 91
80 85
0 78
0 16
0 13
0 5
0 2
0 71
0 66
0 10
0 27
1 28
1 76
1 92
3 29