1 2 3 4 18 6 5 7 8 10 12 13 11 14 15 16 19 20 21 22 23 30 29 25 28 24 27 32 31 54 33 35 36 37 38 40 39 48 42 43 45 44 46 47 50 52 51 53 56 57 58 59 61 60 74 62 73 70 76 63 67 68 65 55 26 34 75 64 17
1 2
2 3
3 18
3 4
4 6
18 17
6 5
6 8
6 7
7 11
8 12
8 10
10 14
12 13
11 16
14 15
16 19
19 20
20 21
21 22
22 23
22 30
23 25
30 29
30 31
29 32
25 24
25 28
28 26
27 32
32 33
31 54
54 56
33 35
33 36
33 34
36 37
37 38
38 40
40 39
39 42
48 50
48 47
42 45
43 44
43 46
45 47
46 50
50 52
52 51
51 53
56 57
57 58
57 55
58 61
58 59
59 75
61 60
60 74
60 73
62 73
62 76
70 76
70 67
76 68
76 63
76 64
68 65