0 1 3 4 5 6 8 9 10 11 13 14 15 17 16 18 19 20 21 23 24 25 26 27 28 29 31 33 34 36 37 38 39 40 41 43 44 46 47 48 49 51 52 54 55 56 57 59 60 61 63 64 65 66 68 69 71 72 74 76 78 77 80 82 84 85 86 88 90 92 94 96 98 2 7 12 22 32 35 58 62 97 99 45 53 67
0 3
0 1
1 63
1 2
3 4
3 21
3 31
4 9
5 16
6 24
6 8
6 9
6 10
6 7
6 22
8 38
10 11
13 14
13 34
14 17
14 77
14 15
15 88
15 29
15 32
17 18
17 36
16 18
16 47
16 61
16 12
18 19
19 20
20 43
23 48
23 25
23 46
23 26
24 85
24 27
25 64
26 45
27 28
28 62
33 41
33 90
33 78
33 40
33 58
33 99
36 55
37 48
38 51
39 82
39 54
40 44
43 52
43 59
44 54
44 96
44 57
46 49
46 60
46 65
47 53
52 56
55 71
56 74
56 69
60 63
61 35
63 67
64 68
65 98
65 72
66 78
66 80
66 84
72 76
78 94
78 97
77 86
77 84
84 85
84 92