0 27 25 43 6 44 73 99 77 24 94 17 98 23 58 95 11 96 60 56 67 86 46 54 79 14 9 7 48 65 59 69 31 68 18 53 87 47 81 20 85 42 13 92 80 64 51 40 55 72 63 8 50 15 93 28 66 5 10 61 84 34 1 88 3 35 70 71 91 57 29 41 82 83 39 38 45 52 78 74
0 27
0 25
25 43
43 6
43 73
6 44
6 45
44 99
44 77
44 94
99 24
77 17
77 56
24 98
94 23
94 58
17 78
23 95
23 96
58 11
58 65
95 67
95 86
95 46
95 79
11 60
11 59
96 54
60 42
56 38
67 14
67 48
67 31
67 92
86 20
46 7
54 9
54 87
79 18
14 69
14 68
9 53
9 52
7 47
65 13
65 34
59 93
59 84
31 40
68 64
18 81
18 80
53 55
53 74
87 72
87 63
81 28
20 85
85 51
42 5
13 66
80 88
51 8
51 91
55 10
55 61
72 15
72 71
8 50
15 70
93 39
28 1
5 41
10 57
61 82
34 3
1 29
3 35
70 83