2 3 4 5 6 8 7 9 11 12 10 14 15 17 18 20 19 21 23 24 25 26 27 29 30 32 31 33 35 36 38 37 39 41 42 43 44 45 47 48 50 49 51 53 54 56 55 57 59 60 61 62 63 65 66 68 67 69 71 72 74 73 75 77 78 79 80 81 83 84 85 86 87 89 90 91 92 93 95 96 97 34 40 46 52 58 64 70 76 98
2 3
3 4
3 5
5 6
6 8
8 7
8 9
9 11
9 10
11 12
12 14
14 15
15 17
17 18
18 20
18 19
20 21
21 23
23 24
24 25
24 26
26 27
27 29
29 30
30 32
30 31
32 33
33 35
33 34
35 36
36 38
36 37
38 39
39 41
39 40
41 42
42 43
42 44
44 45
45 47
45 46
47 48
48 50
48 49
50 51
51 53
51 52
53 54
54 56
54 55
56 57
57 59
57 58
59 60
60 61
60 62
62 63
63 65
63 64
65 66
66 68
66 67
68 69
69 71
69 70
71 72
72 74
74 73
74 75
75 77
75 76
77 78
78 79
78 80
80 81
81 83
83 84
84 85
84 86
86 87
87 89
89 90
90 91
90 92
92 93
93 95
95 96
96 97
96 98