72 88 34 71 31 26 79 51 46 15 3 83 75 2 96 70 47 23 49 29 93 61 73 54 53 56 58 67 44 40 20 80 10 90 68 5 11 39 50 57 87 24 42 55 25 43 41 64 99 7 37 27 92 35 8 74 59 22 14 21 95 69 85 91 9 48 38 36 30 84 97 82 12 89 45 1
72 88
88 34
88 71
88 26
34 31
34 5
34 11
34 37
71 79
71 47
31 46
31 59
31 12
26 73
79 51
79 3
79 39
79 30
79 97
51 54
51 68
46 15
15 38
3 83
3 49
3 93
83 75
83 90
75 2
75 29
75 92
2 96
2 41
96 70
96 74
70 23
23 61
23 1
29 7
93 27
73 84
54 53
54 56
54 80
56 58
56 44
56 36
56 89
58 67
58 40
58 87
67 20
44 10
44 35
40 25
20 82
20 45
10 57
10 64
68 50
68 42
68 85
5 95
50 99
57 24
57 69
87 55
87 43
24 8
37 22
37 21
74 91
74 48
22 14
14 9