0 26 25 76 45 17 6 43 30 67 1 28 69 75 55 98 24 78 88 14 97 10 77 16 74 73 84 96 36 3 62 12 58 63 23 94 61 11 19 70 59 95 68 21 51 53 80 79 57 56 9 90 15 38 41 48 18 8 54 86 46 4 7 39 42 50 81 20 47 66 37 87 13 32 33 2 64 27 29 99 82 83 89 44
0 26
0 25
0 27
26 55
26 98
25 76
25 45
25 69
25 88
76 17
76 75
45 6
45 30
45 67
17 78
17 77
6 43
6 44
30 1
67 14
1 28
1 29
69 36
75 16
75 84
75 96
75 58
55 10
55 53
98 24
24 97
24 99
78 80
78 79
78 83
88 21
10 57
10 56
77 51
16 74
16 73
74 62
73 94
84 19
96 23
96 70
36 3
36 38
62 12
12 63
12 61
58 11
63 68
23 95
61 41
11 59
19 82
70 15
21 90
21 89
51 8
53 9
53 48
80 18
80 42
56 46
9 54
90 86
90 66
38 4
48 7
18 81
8 50
54 37
86 20
4 39
7 47
81 32
20 87
47 33
66 13
13 64
33 2