0 28 29 50 57 74 81 84 1 26 69 2 3 11 18 34 40 58 85 5 9 32 43 61 66 25 73 88 97 98 6 42 90 7 12 65 8 22 27 86 31 35 60 10 41 82 19 53 94 13 38 63 79 37 46 59 68 45 17 51 78 96 80 21 95 23 62 71 47 48 75 77 93 99 76 54 56 4 16 91 70 52
0 57
0 84
28 41
28 84
28 91
29 17
50 76
50 63
57 21
74 7
74 75
81 40
81 7
81 85
84 90
1 26
1 69
26 68
69 59
69 77
2 3
2 11
3 58
11 19
18 80
18 73
34 9
40 58
40 16
58 31
58 78
85 32
5 25
5 97
5 4
9 31
43 10
43 96
61 98
61 59
66 79
25 27
25 53
25 94
73 12
73 95
88 27
88 22
97 93
98 54
6 42
42 13
90 96
7 12
7 65
8 22
27 47
27 38
86 62
86 53
31 41
35 75
60 68
60 37
60 52
10 82
41 37
13 38
79 95
37 70
46 77
45 78
17 78
51 23
51 76
78 23
78 47
95 48
23 71
77 56
99 56