0 26 27 34 3 35 36 43 40 68 14 69 67 5 87 89 99 41 21 77 88 20 83 55 10 57 62 48 24 75 7 92 19 84 86 85 58 95 65 46 12 47 16 59 50 32 97 98 22 11 91 6 79 74 23 52 73 8 18 2 63 72 93 49 51 15 44 33 28 71 45 1 38 37 90 56 82 94
0 26
0 27
26 44
27 34
27 72
34 3
34 43
3 35
3 36
35 40
35 68
43 6
40 5
40 41
68 14
68 87
68 89
14 69
14 67
14 15
69 77
69 92
67 99
67 90
87 20
87 83
87 75
89 21
89 55
89 62
89 48
99 24
21 88
88 65
88 50
88 32
20 86
20 85
83 19
83 58
83 95
55 10
10 57
10 56
62 12
48 7
48 79
24 98
75 16
75 59
7 46
7 47
92 22
19 84
19 82
84 97
86 52
58 11
95 23
65 91
12 63
47 28
16 74
16 73
50 8
32 2
22 93
6 45
79 18
23 94
8 49
8 51
2 33
49 37
15 71
28 1
45 38