0 34 38 36 68 70 72 74 76 78 80 82 84 86 88 90 92 93 95 96 98 1 30 2 67 3 43 4 37 48 5 39 7 8 20 9 66 14 10 11 41 55 12 47 23 28 15 27 59 60 17 22 18 46 21 35 57 26 63 54 44 31 33 42 51 40 64 61 62 52 56 32 69 71 77 79 87 89 91 94 99 6 13 16 53 65 58 25
0 36
0 98
0 38
0 92
0 95
0 70
0 72
0 90
0 34
0 84
0 74
0 32
0 69
0 71
0 77
0 79
0 87
0 89
0 91
0 94
0 99
34 53
38 7
38 64
38 65
38 25
36 42
36 18
36 31
36 51
36 93
36 6
68 1
76 11
78 14
80 17
82 20
86 26
88 31
92 35
95 39
96 40
1 30
30 2
30 44
2 67
67 33
3 43
43 21
4 37
4 48
37 28
37 40
48 8
48 62
5 39
39 55
39 14
8 20
20 46
9 14
9 66
66 59
14 13
10 11
11 55
11 41
12 28
12 23
12 47
23 26
28 54
15 27
15 59
59 57
60 51
60 16
17 22
22 57
21 35
35 33
57 52
57 62
26 63
54 56
44 61
64 58