84 56 38 20 18 1 77 70 30 98 42 31 88 72 9 37 68 74 3 39 60 43 35 62 65 34 90 99 91 53 80 41 85 54 67 69 7 19 93 12 8 87 63 47 92 81 55 57 48 44 23 89 73 15 64 27 66 82 95 94 33 16 22 75 4 5 24 29 17 50 36 14 46 21 59 49 51 13
84 56
84 14
56 38
56 39
56 65
56 47
38 20
38 1
38 70
38 55
38 57
20 18
20 77
20 98
20 60
20 80
18 31
18 99
18 23
1 30
1 43
1 19
1 93
77 81
70 72
70 87
30 85
98 42
98 51
42 3
42 22
42 49
31 88
31 9
31 68
31 63
88 37
72 90
9 62
37 89
37 13
68 74
68 5
74 53
3 44
60 21
43 35
62 34
65 24
34 91
91 27
53 54
53 12
80 41
80 73
80 59
41 69
85 16
54 67
67 36
69 7
69 8
19 33
93 92
8 15
87 17
63 50
47 94
55 48
57 82
89 66
15 64
82 95
95 29
94 46
16 4
22 75