0 33 34 23 9 28 31 14 24 17 1 2 20 32 10 13 26 5 19 15 21 12 30 7 89 80 16 61 29 59 8 3 6 25 51 82 11 38 43 68 97 27 60 44 85 48 73 90 75 76 63 65 92 50 64 94 71 56 45 93 41 39 66 87 35 36 62 81 96 72 22 18 4
0 33
0 34
0 23
0 9
0 28
0 31
0 14
0 24
0 17
0 1
0 2
0 20
0 32
0 10
0 13
0 26
0 5
0 19
0 15
0 21
0 12
0 30
0 7
0 16
0 8
0 3
0 6
0 11
0 22
0 18
33 35
23 80
9 51
28 89
28 29
28 27
28 90
31 96
31 4
14 61
14 62
24 25
24 82
24 81
17 68
1 36
2 38
20 73
32 97
13 59
13 60
26 85
5 43
5 44
19 71
19 72
15 64
21 75
21 76
30 94
30 93
7 48
16 65
16 66
61 63
29 92
8 50
3 39
6 45
11 56
43 41
85 87