3 2 7 8 12 5 17 13 18 11 21 22 15 16 10 20 23 24 26 27 25 28 30 35 34 36 41 39 40 45 29 47 49 37 42 46 33 38 48 50 51 53 57 61 56 52 60 58 62 66 69 70 73 75 63 68 67 72 71 78 82 77 83 87 92 86 85 88 80 91 90 94 95 98 89 31 44 43 32 65 59 81 4 96 74
3 2
3 7
7 8
7 12
7 11
7 4
8 5
12 17
12 13
17 21
17 22
13 18
11 15
11 16
11 10
22 24
16 20
20 23
23 26
24 27
26 25
27 28
27 30
28 31
30 35
30 34
30 29
35 36
35 40
34 39
34 33
34 38
36 41
41 37
39 42
40 45
45 47
45 44
47 49
49 51
42 46
46 48
46 43
33 32
48 50
50 53
53 57
53 52
57 61
57 56
57 58
57 62
61 60
61 66
61 65
60 59
62 63
62 67
66 69
66 70
69 73
73 75
75 78
63 68
67 72
67 71
72 74
78 82
78 77
82 83
82 87
82 86
82 81
83 80
87 92
87 88
92 96
86 85
86 91
86 90
88 89
91 94
91 95
94 98