0 2 4 6 8 10 12 14 16 18 20 22 24 26 28 30 32 34 36 38 40 42 44 46 48 50 52 54 56 58 60 62 64 66 68 70 72 74 76 78 80 82 84 86 88 90 92 94 96 98 3 5 7 11 15 23 27 31 33 35 41 45 47 53 55 61 63 65 69 81 95
0 60
0 62
0 64
0 6
0 4
0 84
0 10
0 42
0 8
0 36
0 68
0 74
0 24
0 20
0 28
0 48
0 32
0 38
0 94
0 50
0 76
0 2
0 26
0 80
0 88
0 34
0 14
0 92
0 40
0 82
0 16
0 70
0 56
0 12
0 30
0 72
0 96
0 22
0 90
0 46
0 66
0 52
0 18
0 54
0 58
0 98
0 44
0 78
0 86
0 3
0 5
0 7
0 11
0 15
0 23
0 27
0 31
0 33
0 35
0 41
0 45
0 47
0 53
0 55
0 61
0 63
0 65
0 69
0 81
0 95