1 98 5 49 25 81 61 42 67 60 24 4 84 90 23 66 34 86 83 15 92 47 58 57 37 53 91 11 96 43 41 9 70 0 50 40 13 97 52 85 93 46 32 51 68 55 80 95 48 22 73 87 17 28 19 26 14 69 7 59 94 77 6 45 29 3 31 78 76 21 35 33 88 72 39 8 10 12 27
1 98
1 50
1 39
98 5
98 84
98 13
98 76
5 49
5 92
5 58
49 25
49 42
49 43
49 29
25 81
25 61
25 21
81 67
81 4
81 33
61 24
61 59
42 7
67 60
67 26
24 19
24 94
4 85
4 93
4 46
84 90
84 72
90 23
90 66
90 8
23 83
66 34
66 47
34 86
34 40
34 88
83 15
15 53
47 37
47 91
47 27
58 57
58 96
58 41
58 9
57 3
37 11
53 10
91 95
43 70
9 0
50 52
40 32
40 48
13 97
52 14
93 69
32 51
32 68
32 73
32 12
51 55
68 80
68 17
55 45
80 22
80 28
22 78
73 87
17 6
26 77
69 31
45 35