46 85 39 77 87 20 81 50 65 47 64 4 3 48 67 30 29 41 22 86 57 53 97 83 35 63 84 44 92 89 34 61 90 62 43 24 95 73 75 13 31 7 10 8 2 94 88 0 5 14 36 33 11 16 66 58 32 19 68 93 6 74 25 9 82 60 37 69 49 23 70 55 72 1 99 45 28 78 98 18 17 51 76
46 41
46 60
46 44
46 65
85 53
39 11
39 50
39 25
77 89
77 20
87 20
87 83
20 0
81 55
81 84
50 99
47 3
47 61
47 2
47 32
47 34
64 69
4 0
3 37
3 8
48 72
48 63
67 11
67 90
30 70
30 60
30 36
29 75
29 73
41 22
22 69
86 68
86 55
57 13
53 8
97 70
83 73
83 78
35 7
63 94
84 60
92 2
92 28
61 18
90 49
62 24
43 2
24 95
24 19
95 93
75 5
75 6
75 72
75 33
13 82
13 19
31 66
7 37
10 58
10 51
2 72
2 1
94 58
88 0
5 16
5 74
14 49
16 66
16 23
16 93
16 76
93 9
93 17
25 69
37 49
23 98
72 45