0 57 8 91 60 99 68 35 53 3 61 25 80 96 9 92 77 81 39 14 23 16 63 88 26 42 22 97 71 44 90 56 45 67 37 98 2 30 50 69 11 95 4 18 66 34 65 21 17 51 58 38 79 55 40 82 52 10 83 41 12 94 43 28 49 78 31 76 89 24 32 29 48 62 59 70 19 20 74 5 64 6 46
0 51
0 99
57 30
57 51
8 31
8 12
91 4
60 45
60 19
68 89
68 49
68 96
35 88
35 52
53 79
3 52
3 69
3 50
61 49
25 56
25 30
25 29
25 18
25 14
25 23
80 10
80 26
96 38
9 95
92 10
92 79
77 62
77 56
81 43
81 66
39 42
39 21
14 41
14 69
14 46
16 29
16 48
63 11
63 90
42 56
42 64
42 6
22 71
22 11
97 44
44 55
44 67
56 4
45 48
37 31
37 28
98 59
2 32
2 43
30 66
50 82
11 51
95 10
66 89
34 43
65 79
21 83
17 55
17 58
58 28
58 49
79 70
55 94
40 24
82 76
83 59
28 78
28 70
78 20
31 5
24 62
29 74