52 6 63 12 61 16 22 27 76 15 30 62 96 14 7 87 39 46 45 86 44 94 57 23 83 38 68 19 28 5 13 41 10 59 91 11 71 17 21 99 48 34 65 25 53 4 3 36 95 93 35 26 47 24 58 1 66 0 70 55 32 51 40 43 78 54 50 64 56 84 88 29 98 77 73 9 49 75 37 85 42 20 33 80 69 97
52 49
52 94
6 95
6 24
63 68
63 12
12 99
61 93
16 4
16 36
16 73
22 15
22 5
27 76
27 35
76 28
76 45
15 88
15 68
30 39
62 96
96 14
96 86
96 44
14 21
7 70
7 40
87 0
87 78
87 66
39 84
39 34
46 84
45 1
44 57
94 21
23 98
23 28
83 88
38 56
38 41
38 51
19 71
13 53
10 1
10 0
10 77
10 97
59 1
59 29
59 85
91 11
11 40
71 78
17 9
21 78
99 48
34 65
65 25
25 53
4 75
3 36
36 95
93 51
93 70
93 42
35 26
47 24
58 98
1 51
66 20
0 37
55 32
32 51
51 33
40 43
54 50
50 64
64 56
56 84
84 80
88 29
77 73
77 69
9 49