0 14 4 22 27 15 75 60 40 42 45 50 8 56 58 66 57 43 55 67 64 41 47 44 48 46 52 63 94 37 30 10 7 16 84 79 12 9 6 28 17 26 24 96 1 34 36 3 13 2 11 87 95 69 97 82 78 89 91 71 72 83 92 99 38 59 39 49 53 70 62 61 65 51 54
0 14
0 60
0 40
0 42
0 45
0 50
0 8
0 56
0 58
0 66
0 57
0 43
0 55
0 67
0 64
0 41
0 47
0 44
0 48
0 46
0 52
0 63
0 38
0 59
0 39
0 49
0 53
0 62
0 61
0 65
0 51
0 54
14 4
14 22
14 27
14 75
4 15
4 94
4 70
22 79
27 84
75 1
60 30
42 7
45 10
50 17
8 37
8 96
58 28
66 36
57 26
55 24
64 34
41 6
47 12
44 9
46 11
30 87
10 16
7 95
16 3
12 99
9 97
26 13
24 2
1 69
1 82
1 78
1 89
1 91
1 71
1 72
1 83
1 92