1 2 4 5 6 7 8 10 11 12 13 14 16 17 19 20 21 22 23 24 25 26 27 28 29 30 32 33 34 36 39 40 41 42 43 44 45 46 49 50 51 52 54 56 57 59 61 62 64 65 66 68 69 70 72 73 74 75 76 77 79 80 81 82 83 84 85 87 88 89 91 92 93 94 96 97 0 9 55 67 90 98 58
1 43
2 80
2 44
4 22
4 64
5 77
5 51
6 51
6 85
7 74
8 62
8 40
10 56
10 19
10 90
11 33
11 55
12 45
12 43
12 77
13 33
14 62
14 20
14 59
16 41
17 91
17 61
19 80
20 89
20 36
20 49
21 24
22 52
23 81
23 34
24 62
25 57
25 84
25 32
26 33
26 98
27 62
27 67
28 30
29 39
29 40
30 54
32 68
33 46
40 72
41 79
41 88
42 52
42 65
43 81
44 76
45 96
46 91
46 84
46 59
50 83
50 87
52 70
54 82
56 73
62 94
64 81
64 92
66 94
66 93
68 81
69 80
69 75
72 74
73 91
73 97
79 82
82 87
84 0
87 91
89 58
91 9