0 87 59 51 77 38 70 63 64 18 54 48 80 79 35 28 30 36 81 90 45 12 69 86 1 96 55 2 32 65 60 57 41 47 46 49 9 14 8 67 83 37 25 40 78 44 26 71 68 29 50 66 17 95 15 42 56 53 72 27 31 92 3 11 4 20 97 93 89 76 19 98 6 75 52 21
0 87
0 59
0 51
0 77
0 38
0 70
0 63
0 64
0 18
87 17
87 15
87 42
87 80
87 66
87 56
87 68
87 53
87 69
87 72
87 31
87 97
87 93
87 89
87 76
87 19
87 98
87 6
87 75
87 52
59 54
59 48
59 79
59 27
51 35
51 28
51 30
51 36
51 81
51 90
51 45
51 21
77 12
77 86
77 1
77 92
77 3
77 11
38 96
38 55
38 2
38 32
38 4
38 20
70 65
70 60
70 57
63 41
63 47
64 46
64 49
64 9
18 14
18 8
54 78
54 44
48 83
48 25
79 29
79 50
28 37
30 67
81 95
90 71
86 40
55 26