93 19 21 36 81 71 22 83 54 57 26 96 12 90 82 99 15 56 86 42 61 11 13 27 51 37 23 50 28 16 84 97 52 34 20 65 91 8 59 80 75 92 31 41 73 63 70 29 98 64 35 5 78 74 66 60 38 39 44 77 47 46 10 40 9 0 87 24 76 62 43 89 7 3 4 2 45 67 49 95
93 19
93 74
93 95
19 21
19 36
19 67
21 22
21 83
21 38
21 47
36 81
36 71
36 54
36 96
36 65
81 26
81 84
81 87
81 7
71 13
71 27
71 51
71 37
83 91
83 41
54 57
54 77
57 5
26 50
26 97
26 52
96 12
96 90
12 82
12 8
12 63
90 45
82 99
82 86
82 11
99 15
15 56
56 80
86 42
42 61
42 59
61 75
13 92
13 29
27 23
27 28
27 66
51 20
51 9
37 64
37 4
23 16
23 70
28 34
16 49
84 3
52 46
34 31
20 73
65 62
8 43
59 2
80 0
92 89
41 39
70 78
29 98
98 35
98 24
64 40
5 60
5 44
44 76
77 10