0 2 5 54 56 71 78 87 1 63 66 70 94 7 10 55 62 85 84 43 20 38 92 16 98 99 23 52 72 9 19 27 44 76 81 11 36 40 34 75 83 13 51 61 97 14 22 41 67 47 96 18 60 17 21 28 53 68 82 90 42 95 73 79 80 25 49 26 74 31 45 33 93 91 57 64 3 8 12 46 86 32 35 15
0 56
2 62
2 55
2 85
5 38
5 20
54 55
54 18
54 75
56 26
56 27
56 32
71 78
71 57
78 47
78 61
87 72
1 94
63 11
63 53
63 49
66 53
70 72
70 91
94 79
94 42
7 92
7 3
10 81
55 98
62 80
84 91
43 98
43 73
43 21
38 13
92 76
92 33
16 67
98 40
99 90
23 19
23 25
23 8
52 57
9 27
9 76
9 19
19 96
19 95
27 22
27 74
27 41
44 60
44 51
76 75
81 25
81 31
11 36
36 45
34 42
34 90
75 12
83 49
13 61
51 14
61 25
97 82
14 41
22 79
67 82
96 82
96 15
60 91
17 28
17 46
21 68
28 74
82 86
82 35
80 64
31 45
93 91