0 6 7 12 2 13 18 26 33 32 31 24 38 30 44 36 37 43 95 96 39 20 46 47 91 92 14 97 15 9 8 87 21 4 22 17 16 29 3 34 35 41 52 50 56 63 51 11 10 54 5 58 40 57 84 83 80 88 75 60 61 62 98 94 64 93 90 86 68 65 66 74 78 82 81 77 76 69 73 59 70 1 19 25 42 48 27 23 28 53 49 45 55 79 67
0 6
0 7
0 1
6 12
7 2
12 13
12 18
12 19
13 26
13 20
26 33
26 32
26 31
33 27
32 38
31 24
24 30
24 25
38 44
38 39
30 36
44 95
36 37
36 43
36 42
95 96
96 91
39 46
20 14
20 15
46 47
46 45
47 48
91 92
91 87
92 97
14 9
14 8
15 21
9 4
87 84
87 55
21 22
4 3
22 17
22 29
22 23
17 16
16 11
29 34
29 35
29 50
29 51
34 41
35 28
41 52
41 40
50 56
56 63
56 53
63 60
51 54
11 10
10 5
54 58
54 49
58 57
58 75
84 83
83 80
80 88
80 79
60 61
60 59
61 62
61 64
62 98
98 94
98 74
94 93
64 68
64 67
93 90
90 86
86 82
68 65
68 69
65 66
74 78
82 81
81 77
77 76
76 73
69 70