0 1 2 4 5 6 7 9 10 11 12 14 15 16 17 18 19 20 21 22 23 24 25 26 27 28 29 30 31 32 33 34 36 37 39 41 43 44 45 46 47 48 50 51 52 54 55 56 57 59 62 64 66 67 68 69 71 72 73 75 77 79 80 81 83 85 86 88 89 90 92 93 94 96 98 35 38 42 53 61 63 70 78 82 84 91 95 13
0 34
0 33
0 7
0 23
0 18
1 22
1 15
1 27
1 35
2 37
2 5
2 38
4 22
4 20
4 13
5 44
5 19
5 43
6 45
6 30
6 46
7 47
9 51
9 52
9 25
10 14
10 54
10 53
11 55
11 56
11 16
12 57
12 19
12 15
14 62
14 26
14 18
14 31
14 61
15 29
15 64
15 63
16 66
17 21
17 67
18 69
18 70
19 71
19 72
19 24
20 73
21 75
23 80
23 79
24 28
24 25
24 81
24 82
25 83
25 84
26 85
26 32
27 88
28 89
29 92
30 93
30 94
31 95
32 98
34 36
37 39
41 43
44 42
45 47
46 48
50 52
54 56
57 59
66 68
69 71
73 75
77 79
80 78
86 88
89 91
90 92
94 96