1 53 2 3 52 4 66 70 6 39 7 29 8 10 11 75 68 13 14 38 85 16 73 17 63 18 19 20 81 22 40 23 35 58 26 62 28 86 30 71 32 33 49 88 74 37 51 41 42 43 76 46 0 47 48 67 50 54 79 56 59 89 60 64 72 77 80 84 5 9 12 44 57 82 78 24 25
1 86
1 43
53 28
53 8
2 75
2 0
2 9
3 72
3 0
3 52
4 41
4 17
66 22
70 10
70 47
70 8
70 86
70 5
6 0
39 58
39 42
7 75
7 58
7 29
29 60
8 76
10 19
10 0
11 0
68 46
13 16
13 30
14 79
14 88
38 62
85 28
73 41
73 19
63 62
63 23
18 72
18 30
18 49
19 56
20 81
20 50
81 62
22 26
40 77
40 51
35 74
35 24
58 25
26 50
62 32
86 37
30 71
71 79
33 49
33 78
74 59
74 46
51 80
51 67
41 80
41 50
43 46
76 64
76 44
0 12
47 82
48 67
54 84
54 79
59 89
72 57