50 42 33 44 8 2 37 40 32 3 29 45 35 25 22 7 17 18 49 34 99 57 80 59 52 73 91 92 97 76 86 81 68 93 56 53 51 71 75 63 54 77 38 26 64 41 61 16 47 43 69 48 13 27 21 10 20 5 11 1 39 12 36 88 85 96 67 60 79 95 94 89 83 66 70 78
50 42
50 33
50 44
50 8
50 2
50 37
50 40
50 32
50 3
50 29
50 45
50 35
50 25
50 22
50 7
50 17
50 18
50 49
50 34
50 99
50 38
50 26
50 41
50 16
50 47
50 43
50 48
50 13
50 27
50 21
50 10
50 20
50 5
50 11
50 1
50 39
50 12
50 36
99 57
99 80
99 59
99 52
99 73
99 91
99 92
99 97
99 76
99 86
99 81
99 68
99 93
99 56
99 53
99 51
99 71
99 75
99 63
99 54
99 77
99 64
99 61
99 69
99 88
99 85
99 96
99 67
99 60
99 79
99 95
99 94
99 89
99 83
99 66
99 70
99 78