6 50 17 66 51 37 74 7 33 47 54 39 13 8 40 71 92 35 70 49 60 77 53 79 0 56 10 38 36 76 62 59 96 43 1 45 44 67 72 25 2 84 29 89 85 12 80 78 46 9 28 55 91 73 42 48 57 99 41 20 98 69 86 27 83 11 52 82 75 3 87 65 64 90 63 24 26 21
6 50
6 17
17 66
17 83
17 21
66 51
66 74
51 37
51 47
51 60
51 46
37 7
37 8
37 10
37 11
37 82
74 33
74 71
74 70
7 54
7 36
7 76
7 28
7 3
7 26
33 69
33 87
33 65
47 13
47 56
47 80
54 39
54 67
39 92
39 53
39 43
13 96
8 40
71 35
71 20
92 73
92 24
35 49
35 38
35 64
70 63
60 77
77 1
77 45
77 29
53 79
53 0
53 90
79 62
79 59
0 2
0 9
0 86
36 91
76 89
62 25
62 12
59 72
1 44
1 48
45 75
44 41
67 85
67 99
72 84
25 55
85 27
80 78
91 42
73 52
48 57
20 98