0 5 9 14 17 11 10 15 20 25 37 34 32 33 40 47 41 54 50 59 53 60 62 68 69 71 76 79 72 74 86 87 84 85 97 99 1 12 21 52 90 36 45 3 7 88 82 80 4 30 78 16 43 81 38 49 18 22 24 48 61 55 19 39 73 44 65 93 29 27 77 46 64 51 58 6 23 26 56 89 94 13 8 35 95 92
0 99
0 47
0 37
0 14
0 6
5 81
9 1
9 43
14 69
14 17
17 29
11 39
11 12
10 87
15 62
15 19
20 24
25 27
37 36
37 33
37 23
34 30
34 3
32 59
33 86
40 60
40 43
47 64
47 59
47 22
41 45
54 52
54 81
54 24
54 84
50 82
50 55
53 46
53 19
62 88
62 58
62 68
62 13
68 93
69 65
71 76
71 45
71 78
79 85
79 95
72 38
72 74
74 73
74 44
74 16
87 85
87 89
84 61
85 88
85 44
85 26
97 82
99 92
12 90
21 88
21 8
52 51
45 48
3 80
7 18
7 48
7 4
7 56
88 81
88 94
82 80
80 43
78 77
38 39
49 58
22 24
48 55
48 64
48 35
65 27