0 37 50 52 54 56 58 60 62 64 66 68 70 72 74 76 78 80 82 1 29 5 84 86 88 90 92 94 96 98 99 2 42 44 40 3 33 26 4 36 23 47 6 7 34 8 20 9 10 43 11 12 14 18 24 17 15 39 22 16 46 19 27 35 48 25 28 30 53 63 71 77 32 85 87 89 91 93 95 97 38 31
0 74
0 37
0 60
0 78
0 64
0 76
0 68
0 82
0 72
0 70
37 14
50 4
52 7
54 10
56 12
58 14
62 19
66 24
80 43
1 5
1 29
1 96
1 99
1 86
1 94
1 92
1 32
1 85
1 87
1 89
1 93
1 95
5 47
84 2
88 6
90 8
98 18
99 20
2 44
2 42
2 40
44 26
40 30
40 10
40 77
3 33
3 26
4 23
4 36
36 6
36 12
23 16
47 11
47 28
47 25
7 34
34 39
8 20
8 53
8 38
20 35
20 27
20 19
20 63
9 10
9 43
9 91
43 35
14 17
14 18
14 24
17 19
17 97
17 31
15 22
39 28
22 48
16 46
46 30
35 48
30 71