14 79 54 51 40 22 95 23 96 67 18 75 50 98 72 25 45 11 70 88 58 90 5 17 86 36 53 87 52 73 20 66 4 10 61 7 84 46 94 93 0 83 12 26 21 64 65 60 35 47 16 63 43 76 33 85 1 34 19 31 15 38 78 62 24 74 92 32 71 69 42 56 44 80 59 91 57 48 6 27 77 13 82 41
14 54
79 53
54 31
54 63
51 59
40 46
40 87
40 67
22 10
95 56
23 50
96 66
96 25
96 84
96 34
67 60
18 43
18 69
75 76
75 90
50 58
50 92
50 74
98 83
72 25
72 82
25 77
45 12
11 78
70 44
70 53
88 56
58 5
58 86
90 78
5 42
17 94
86 34
86 43
36 65
36 80
53 4
53 12
87 76
52 24
73 4
73 46
20 38
20 41
66 35
4 7
10 42
10 63
61 80
61 33
84 16
94 85
93 43
93 32
0 26
83 76
26 1
21 38
21 27
64 44
65 69
35 19
35 6
47 56
76 19
85 69
1 59
1 34
34 38
31 15
38 48
62 91
24 74
74 71
92 57
42 56
42 13
59 91