1 0 35 39 43 46 48 78 36 38 45 23 24 27 42 44 47 63 65 91 37 60 98 12 49 61 50 77 88 10 89 25 28 76 41 53 94 66 62 64 81 85 54 7 83 90 92 95 19 82 6 8 93 96 13 17 52 69 11 72 99 55 87 71 56 51 80 73 74 26 5 34
1 0
1 35
0 39
0 43
0 46
0 48
0 78
39 36
39 38
39 45
43 23
43 24
43 27
43 42
43 44
43 47
43 63
43 65
43 91
43 80
46 37
46 60
46 98
46 34
48 12
48 49
48 61
78 50
78 77
78 88
36 87
23 10
23 89
24 25
27 28
27 76
27 26
42 41
42 53
42 94
47 66
47 73
63 62
63 64
63 81
63 85
63 74
65 54
65 5
91 7
91 83
91 90
91 92
91 95
60 71
61 56
50 51
10 11
89 72
28 13
41 17
53 52
94 69
66 99
64 19
81 82
85 6
54 55
7 8
92 93
95 96