0 26 27 52 36 62 12 61 53 9 58 11 59 60 29 86 20 46 42 5 1 85 28 7 30 47 87 38 65 32 4 77 17 76 37 64 97 24 88 40 93 74 13 41 95 99 44 43 57 48 92 80 6 22 10 21 16 91 23 72 73 45 18 90 94 15 82 51 89 70 35 49 71 8 81 78 98 34 66 2 63 39 19
0 26
0 27
26 52
27 36
27 62
62 12
62 53
12 61
12 63
61 58
53 9
58 11
58 86
58 46
58 42
11 59
11 60
59 29
59 47
60 65
29 1
29 38
29 32
86 20
20 85
20 87
46 7
42 5
42 88
5 40
5 41
1 28
1 30
28 93
28 43
7 48
30 74
47 92
47 80
38 4
38 77
38 97
32 57
32 2
4 37
4 39
77 17
77 64
77 98
17 76
17 78
76 95
37 44
64 13
64 72
64 34
97 24
97 91
24 99
88 21
93 22
74 16
74 90
13 66
95 23
44 6
44 49
57 10
57 35
92 82
92 51
80 18
6 45
21 89
16 73
23 94
72 15
18 81
15 70
15 71
82 19
51 8