82 56 8 11 34 29 30 46 3 94 86 10 33 48 63 26 55 45 79 44 83 20 97 76 90 22 9 27 92 21 80 54 58 13 71 28 5 50 1 41 6 53 93 39 49 19 47 16 38 95 70 64 52 77 35 17 23 37 84 75 40 36 72 32 88 4 89 12 81 69 0 25 65 14 2 99 66
82 56
82 0
56 8
56 89
8 11
8 34
8 29
8 46
11 30
11 94
34 45
30 3
30 26
30 39
46 86
46 32
3 10
3 33
3 63
3 76
3 4
94 55
10 48
10 44
10 92
10 1
10 41
33 20
33 97
33 27
48 50
63 83
63 9
63 13
63 37
26 90
55 79
44 5
44 49
44 14
83 22
83 58
83 25
97 66
76 21
76 80
76 35
90 6
90 53
22 54
27 28
92 65
21 71
21 77
80 19
80 47
54 93
54 40
58 2
13 23
71 52
71 99
28 16
1 38
1 95
1 81
41 88
6 70
53 75
93 64
49 17
16 84
52 12
35 36
17 72
75 69