49 78 17 96 29 15 79 50 21 1 43 72 36 98 62 63 38 86 58 46 66 11 24 84 75 85 42 97 93 6 33 39 81 3 70 16 88 55 28 71 4 2 89 56 87 44 77 23 31 34 19 10 65 80 61 27 35 53 52 37 74 94 64 45 12 99 76 54 0 82 18 67 48 9 60 41 26 68 95 73 91
49 78
49 96
49 29
49 11
78 17
78 74
17 15
17 67
29 79
29 50
29 21
29 48
79 72
79 63
79 58
79 46
21 1
21 43
1 62
43 86
72 36
36 98
36 9
98 66
62 38
63 24
63 84
63 75
63 81
63 71
63 89
63 54
86 37
58 34
58 60
46 10
46 64
46 91
66 27
24 85
24 42
24 97
24 33
84 93
84 70
84 23
85 6
42 87
97 39
93 88
6 55
6 80
33 3
33 28
33 52
39 2
81 16
81 4
81 41
3 56
3 26
88 31
88 76
55 77
55 61
28 44
28 68
28 95
4 19
2 73
89 12
87 35
77 18
31 53
10 65
80 99
80 82
61 94
64 45
99 0