0 1 2 3 4 5 6 7 8 9 11 12 13 14 15 16 17 18 20 21 22 23 25 26 27 29 30 31 32 33 35 36 37 38 40 41 42 44 45 47 49 50 51 53 55 56 57 59 61 63 64 65 66 68 69 70 72 73 75 76 78 80 81 83 84 86 88 90 91 92 94 96 97 10 43 52 79 85 87 93 48 28
0 12
0 25
0 11
1 5
1 35
1 17
1 36
2 38
2 26
2 37
3 40
3 32
4 41
4 20
4 9
4 10
5 44
5 14
5 6
5 28
6 31
7 47
7 11
7 48
8 49
8 18
8 50
9 51
9 22
9 52
11 56
11 55
12 27
12 57
13 59
13 20
14 26
14 61
15 63
15 64
15 21
16 65
16 66
17 68
18 70
18 69
18 29
20 25
20 73
21 76
23 27
23 26
23 80
23 79
25 84
25 83
25 30
26 86
26 85
27 88
27 87
29 92
29 91
30 93
31 96
32 97
33 35
38 40
41 43
42 44
45 47
49 51
53 55
61 63
66 68
70 72
73 75
78 80
81 83
90 92
94 96