0 23 26 27 1 8 19 16 28 30 2 31 32 33 3 5 35 36 4 20 38 39 12 18 40 42 6 14 44 45 7 24 46 47 48 49 50 9 21 52 53 10 13 15 55 56 57 11 17 58 60 61 62 64 65 66 68 69 22 70 72 73 74 75 77 78 79 80 81 83 84 86 87 88 89 91 92 94 95 97 98 99 34 43 59 63 85
0 27
0 26
23 95
23 94
26 47
27 68
1 28
1 30
8 50
8 49
19 84
16 75
16 74
16 73
30 74
2 32
2 31
2 33
31 75
31 98
32 83
3 36
3 35
3 34
5 40
5 42
35 44
35 99
4 38
4 39
20 86
20 87
20 85
39 48
12 61
12 62
12 63
18 79
18 80
18 81
40 69
6 44
6 45
6 43
14 69
14 68
45 94
7 46
7 47
7 48
24 98
24 97
24 99
46 86
49 66
9 53
9 52
21 89
21 88
53 57
10 55
10 57
10 56
13 66
13 64
13 65
15 70
15 72
55 89
56 97
11 60
11 58
11 59
17 77
17 78
58 98
61 81
62 97
65 69
69 84
22 91
22 92
72 80
75 92
77 94
79 87