0 11 7 43 45 47 49 51 53 55 57 59 61 63 65 67 69 71 73 1 17 22 75 77 79 81 83 85 87 89 91 93 95 97 99 2 25 3 13 28 4 29 32 27 5 37 6 20 8 15 12 9 40 10 30 14 16 39 34 19 21 23 24 26 35 41 54 58 74 78 86 88 90 92 96 36 31 38
0 11
0 7
0 55
0 63
0 67
0 57
0 73
0 47
0 53
0 51
0 49
0 54
11 30
7 1
43 2
45 4
59 23
61 25
65 29
69 35
71 37
1 22
1 17
1 83
1 79
1 85
1 75
1 87
1 91
1 99
1 97
1 81
1 95
1 74
1 86
1 88
1 90
1 92
1 96
17 38
22 21
22 58
77 10
89 25
93 30
2 25
25 6
3 28
3 13
13 10
28 26
4 32
4 27
4 29
32 31
27 19
27 9
5 37
37 6
6 20
20 23
20 15
8 15
8 12
12 9
12 78
9 40
9 36
40 26
40 34
40 41
40 14
16 34
16 39
39 35
19 21
21 24