0 26 27 73 96 77 17 76 78 89 48 63 69 14 80 87 18 21 67 81 71 12 64 7 88 23 58 20 79 65 41 13 5 66 43 28 6 15 82 68 42 62 61 32 44 1 52 50 95 94 8 72 11 85 75 16 74 19 51 84 49 39 59 9 38 56 60 10 36 57 54 98 35 53 24 25 90 46 2
0 26
0 27
0 24
0 25
26 96
26 77
27 73
73 98
96 23
77 17
77 63
77 69
17 76
17 78
76 48
76 80
78 89
78 87
89 21
48 7
48 32
63 12
63 64
63 50
69 14
69 71
69 82
14 67
14 68
80 18
80 65
80 41
87 58
87 20
87 79
18 81
21 88
21 90
67 61
81 43
81 28
71 15
12 62
7 46
88 75
23 95
23 94
58 11
20 85
65 13
65 84
41 5
13 66
5 42
43 6
43 52
28 1
6 44
15 72
82 19
42 38
32 2
52 9
50 8
94 35
8 51
8 49
11 59
75 16
75 39
75 56
75 36
16 74
74 60
84 54
9 53
56 10
10 57