0 2 4 5 1 3 23 24 7 17 16 10 12 6 18 21 19 22 9 8 13 20 30 32 29 34 31 44 42 38 39 41 46 45 36 26 27 33 48 49 28 47 37 69 93 70 92 52 89 64 95 71 72 94 74 75 76 91 88 98 60 53 51 87 86 97 99 61 54 63 67 57 82 58 83 66 84 81 80 50 15 68 73 96 85 90 65 55
0 9
0 26
2 3
2 4
2 13
4 1
5 1
5 12
5 73
1 16
1 7
1 39
3 20
3 22
23 30
23 89
23 24
23 51
23 90
24 86
7 32
7 96
17 67
17 44
16 18
16 53
10 32
10 92
12 9
6 18
6 67
21 19
21 13
8 33
8 91
13 45
20 82
30 29
32 29
32 52
34 92
34 27
34 31
34 68
44 61
42 87
38 39
39 63
39 15
41 47
41 84
46 48
36 74
36 72
27 37
33 72
48 49
49 28
28 74
47 81
69 95
69 93
93 70
70 92
92 71
92 64
52 94
89 88
71 72
74 75
75 76
88 85
98 60
98 97
60 61
53 50
87 86
97 99
54 63
54 55
63 84
63 65
67 57
57 58
58 83
83 66
81 80