86 84 74 12 13 83 82 18 52 96 95 28 72 90 68 45 48 71 2 62 85 70 6 23 31 63 37 66 65 56 17 88 29 69 42 11 53 27 59 34 14 19 64 7 47 20 76 21 89 91 60 92 75 99 22 36 61 97 41 58 46 67 39 26 51 49 8 33 32 73 35 9 15 30 87 98 57 3 77
86 84
86 83
84 74
84 8
74 12
74 13
83 82
83 18
83 52
82 28
18 96
18 90
52 68
52 36
96 95
95 72
95 45
95 3
72 71
72 62
72 92
90 48
90 73
45 2
71 70
71 6
71 46
62 85
62 99
85 97
70 23
70 63
70 69
6 7
23 31
23 22
31 37
63 66
63 11
63 41
37 42
37 9
37 98
66 65
66 17
66 29
65 56
65 27
56 88
56 53
56 59
56 15
17 34
88 19
88 89
88 30
88 87
69 14
69 57
42 77
11 58
27 47
27 61
59 60
14 91
19 64
19 20
19 76
47 49
20 21
76 26
21 75
89 67
91 33
97 35
46 51
67 39
8 32