54 69 64 90 35 27 96 11 52 49 55 23 97 50 14 78 36 40 17 60 83 86 0 74 44 61 65 48 43 82 79 84 68 92 67 24 25 10 42 19 95 91 75 80 33 15 62 59 85 37 56 38 77 4 89 13 70 46 22 87 66 28 29 58 3 16 73 8 5 53 39 47 41 76 9 81 93 72 6 31 1 57 34 2 26
54 69
54 64
54 90
54 55
54 50
54 86
54 15
69 49
69 23
69 97
69 95
64 78
64 48
64 25
90 35
90 27
90 11
90 52
90 14
90 36
90 40
90 1
35 9
27 96
27 41
96 17
96 60
96 91
96 75
96 85
11 83
52 92
55 24
23 42
23 19
23 76
97 81
50 67
14 10
78 0
36 72
17 80
17 57
86 38
0 74
0 44
74 61
44 43
44 79
44 4
61 65
61 87
65 82
65 93
65 2
48 89
48 6
82 68
79 84
84 22
68 28
24 31
10 34
10 26
42 77
42 16
91 56
75 33
75 62
75 59
75 37
75 3
80 13
59 29
85 66
85 58
37 73
4 46
13 70
87 39
66 5
28 53
58 47
3 8