8 4 10 5 16 9 23 12 24 27 21 29 30 6 33 34 36 2 37 3 39 15 40 1 20 42 26 43 44 0 45 46 17 47 31 49 50 51 52 53 54 55 25 57 58 60 61 62 64 65 66 67 28 38 68 11 69 70 72 73 74 14 75 76 78 79 80 81 82 83 86 87 88 89 90 91 92 93 94 95 97 98 99 13 77 35 96 7
8 4
8 67
8 10
4 45
10 51
10 89
5 83
16 90
16 9
23 33
23 12
12 43
24 76
27 21
27 72
21 30
21 94
29 69
29 58
30 37
6 64
33 54
33 50
34 97
34 7
36 2
36 83
2 68
37 3
3 92
3 53
39 93
39 15
15 90
15 49
40 91
40 80
40 1
20 60
42 26
42 55
42 57
26 62
43 75
44 68
44 95
44 0
0 53
0 98
45 82
46 17
17 52
47 94
47 31
50 72
51 87
52 70
55 25
25 65
58 92
60 80
61 98
61 76
62 64
64 79
66 74
66 96
67 38
67 28
28 70
38 73
68 11
11 87
11 88
73 91
74 14
14 80
14 86
78 90
79 81
81 89
81 35
86 99
87 97
89 77
93 99
95 13