28 21 76 78 84 61 65 36 45 58 20 70 59 86 4 3 41 44 51 23 18 16 90 94 72 68 2 81 46 30 74 31 11 69 40 7 47 71 83 73 97 67 5 99 91 17 55 32 33 43 15 29 56 35 27 13 42 14 24 26 64 37 19 25 66 82 34 57 62 80 85 79 77 39 8 95 38 60 10 0
28 21
28 0
21 76
21 61
21 37
76 78
76 65
78 84
65 36
65 58
65 59
65 77
36 45
36 86
45 20
45 51
58 57
20 70
20 4
20 41
20 69
20 29
70 3
70 31
70 11
70 40
59 35
59 34
86 44
4 23
4 16
4 56
4 60
3 18
3 7
41 90
41 72
41 81
41 71
23 94
18 99
16 55
16 33
16 15
94 95
72 68
72 2
68 46
68 30
68 39
2 73
2 10
81 83
46 8
30 74
74 97
31 5
31 13
69 47
69 67
7 91
7 43
7 79
47 17
83 26
97 62
67 25
67 38
5 14
55 32
33 42
43 80
15 82
29 19
35 27
27 24
26 64
25 66
62 85