36 1 74 68 21 10 23 73 48 98 83 61 65 50 28 79 25 55 12 42 33 4 54 9 72 11 90 89 46 96 39 30 93 22 59 20 17 81 67 95 97 49 91 64 19 40 87 78 16 51 8 75 18 43 37 45 38 58 82 63 32 88 66 24 2 3 29 92 41 14 26 44 69 71 27 77 80 56 76
36 1
1 74
74 68
74 83
68 21
68 88
21 10
21 48
21 98
21 72
10 23
10 73
10 61
10 96
10 14
23 50
73 44
48 28
48 79
83 30
61 65
61 26
50 25
28 55
28 12
28 33
28 81
28 91
55 67
12 42
12 4
12 89
12 95
12 45
12 69
42 54
42 90
42 19
42 71
33 43
4 9
4 97
4 51
54 76
9 11
9 82
72 2
11 39
90 78
89 46
89 22
89 75
89 56
96 92
39 93
39 17
93 59
93 64
59 20
59 27
59 77
20 32
81 3
67 49
67 87
97 58
49 40
49 80
19 66
78 16
16 8
51 18
75 38
75 24
75 41
43 37
45 63
2 29