0 61 55 81 93 86 12 11 78 44 75 64 59 94 67 24 74 39 35 37 51 21 16 77 69 96 2 57 98 19 15 42 56 27 54 91 63 72 22 85 62 8 20 4 73 28 95 31 3 1 50 71 65 53 9 25 41 97 23 26 92 90 47 80 99 36 83 5 45 13 38 76 89 29 18 46 68 88 7
0 61
0 55
0 81
0 80
0 99
61 93
61 86
61 12
61 11
61 78
61 44
61 75
61 64
93 59
93 94
93 67
93 36
93 83
93 68
86 24
86 74
86 39
86 5
86 45
12 35
12 37
12 51
12 21
12 16
12 77
12 13
11 69
11 96
11 38
11 76
78 2
78 57
78 89
44 98
44 19
44 15
44 42
44 56
44 88
75 27
75 54
75 91
75 63
75 72
75 22
75 85
75 29
64 62
64 8
64 18
64 46
94 23
35 71
37 65
51 53
21 9
16 25
16 41
77 97
98 26
19 92
42 90
56 47
27 20
54 4
91 73
91 28
91 95
91 31
63 3
72 1
72 7
22 50