0 5 6 7 8 14 18 19 46 47 53 61 72 76 1 9 10 12 13 30 33 34 40 45 49 56 70 84 2 15 27 35 36 48 51 59 79 85 97 3 99 4 37 78 11 25 29 41 73 92 21 22 23 26 71 74 83 20 52 44 60 93 32 57 68 80 66 87 96 90 95 43 65 39 17 64 82 88
0 46
0 18
5 48
5 1
5 25
6 14
6 26
6 17
6 64
7 1
7 2
7 10
7 76
8 25
8 93
8 36
8 13
8 82
14 22
14 44
14 47
18 71
19 35
46 61
46 37
47 23
47 21
47 83
53 57
61 78
72 34
72 90
1 84
1 49
1 65
9 23
9 59
9 68
10 29
12 59
12 43
13 21
13 15
30 84
30 70
30 73
33 44
40 23
45 29
45 97
49 99
56 21
2 35
2 85
2 39
15 11
15 87
15 20
27 41
27 48
51 99
59 90
79 21
3 99
4 78
11 92
11 32
11 80
41 95
41 52
21 66
22 96
23 88
71 66
74 32
60 87
57 90