0 1 2 3 4 5 6 7 8 9 10 12 13 14 15 16 17 18 19 21 22 23 24 25 26 27 28 30 31 32 33 34 35 36 38 39 40 43 45 46 48 49 50 52 54 56 57 58 59 61 62 63 64 66 67 68 69 71 72 74 76 77 78 79 80 82 83 85 86 88 90 92 93 95 96 98 47 60 75 87 94 89 11
0 33
0 34
0 5
0 27
0 6
1 36
1 15
2 5
2 38
2 17
3 16
3 8
3 39
4 32
5 21
5 43
6 30
6 46
6 24
6 45
7 48
7 10
8 50
8 15
8 49
9 17
9 32
10 25
10 28
10 54
12 57
12 58
12 30
12 28
13 59
13 22
14 61
14 62
15 63
16 66
17 67
18 69
18 32
19 71
19 72
21 76
21 75
22 77
23 79
23 80
23 11
24 82
25 83
26 86
26 85
27 88
27 87
28 90
28 89
30 93
30 94
31 95
31 96
32 98
33 35
34 36
38 40
45 47
50 52
54 56
57 59
58 60
61 63
62 64
66 68
69 71
74 76
77 79
78 80
86 88
90 92
93 95