0 9 10 11 17 20 21 22 24 29 30 34 35 38 41 43 45 46 47 54 55 59 63 69 81 82 87 90 93 94 1 4 5 16 18 23 28 33 37 44 50 56 64 66 68 75 86 91 92 2 8 13 14 15 31 32 61 71 72 83 84 3 39 42 48 51 53 60 74 76 78 97 73 80 95 67 89 7 85 62 19 77
0 81
9 10
9 47
9 24
9 7
10 54
10 31
11 14
11 63
17 22
17 4
17 35
17 37
20 48
20 83
21 28
21 91
21 64
21 80
22 63
22 86
29 44
29 18
30 67
30 8
34 47
35 72
38 23
38 75
41 1
41 82
43 47
43 48
45 33
45 94
46 90
46 87
54 63
55 42
59 61
59 93
69 68
81 50
81 61
82 50
87 39
87 62
90 51
90 16
90 28
94 51
4 74
4 76
5 73
5 33
5 84
16 68
23 15
23 72
44 74
56 86
66 75
68 61
68 2
86 3
92 13
92 80
2 71
14 32
15 39
32 78
61 89
72 53
83 95
42 97
42 77
51 60
53 67
53 85
74 97
74 19