0 1 3 7 6 8 32 35 38 34 16 43 37 21 17 30 58 59 57 28 60 56 72 53 80 74 44 61 69 22 64 68 42 33 66 76 77 40 41 90 52 93 71 45 78 15 89 27 97 10 12 13 9 91 96 87 51 36 2 67 85 20 31 4 23 65 39 63 24 50 48 47 49 82 73 81 84 75 29 79 62 46 86 11 98 54
0 1
0 7
1 3
7 6
7 8
8 32
8 16
32 35
35 38
35 34
38 50
38 48
16 43
16 37
16 21
43 17
43 30
37 33
21 15
21 29
17 9
30 58
30 80
30 44
58 59
58 57
58 74
59 60
57 28
57 56
28 22
60 72
60 61
60 69
60 64
56 53
56 62
72 76
80 52
80 78
74 71
74 79
44 42
61 27
69 68
69 90
64 66
42 40
42 46
33 11
66 89
66 91
76 77
77 93
77 86
40 41
40 36
41 45
90 97
90 98
93 96
71 67
78 87
15 10
15 12
27 20
10 13
13 51
13 4
9 2
87 85
36 39
2 31
67 65
20 23
23 24
65 63
63 54
48 47
48 49
47 82
49 73
82 81
81 84
84 75