0 3 7 1 8 5 9 10 12 4 14 15 16 17 18 20 22 23 24 25 27 29 30 31 33 34 35 36 37 38 40 41 42 43 44 45 46 47 48 49 51 53 54 56 57 58 59 60 61 63 64 65 66 68 69 70 72 73 74 75 76 77 78 79 80 81 83 84 85 88 90 91 92 93 94 96 97 99 2 11 13 19 26 32 39 52 55 95
0 53
3 79
3 68
7 69
7 25
1 75
1 41
8 5
8 14
5 43
5 76
9 45
10 97
10 77
12 18
12 55
4 47
14 99
15 42
15 27
16 94
16 88
16 33
17 84
18 23
18 93
20 41
22 73
22 65
22 61
23 34
23 59
24 34
24 57
24 13
27 34
29 46
29 90
29 40
30 76
31 94
31 34
31 2
34 19
35 65
35 91
36 91
36 63
36 11
37 94
37 91
38 46
38 81
38 66
40 68
40 45
42 58
43 77
44 74
44 48
47 94
49 75
49 57
49 51
49 95
53 70
53 90
54 91
56 64
56 68
58 92
59 79
59 60
61 74
63 80
64 83
69 99
72 77
72 39
77 80
78 97
79 84
79 26
79 32
81 85
93 52
96 97