0 11 10 12 14 16 18 20 30 57 59 51 53 55 2 9 60 40 70 22 24 26 28 3 31 33 34 36 38 72 74 76 78 61 68 71 67 64 80 8 4 7 41 47 49 44 46 99 81 83 85 87 89 92 94 96 6 1 13 15 17 19 58 52 54 56 21 23 25 27 29 32 35 37 39 73 75 77 79 62 69 63 66 65
0 11
0 10
0 12
0 14
0 16
0 18
0 20
0 30
0 1
0 13
0 15
0 17
0 19
10 9
12 57
12 59
12 51
12 53
12 55
12 58
12 52
12 54
12 56
20 60
30 40
30 70
57 2
2 22
2 24
2 26
2 28
2 3
2 21
2 23
2 25
2 27
2 29
9 8
60 80
3 31
3 33
3 34
3 36
3 38
3 4
3 32
3 35
3 37
3 39
33 72
33 74
33 76
33 78
33 61
33 68
33 71
33 67
33 64
33 73
33 75
33 77
33 79
33 62
33 69
33 63
33 66
33 65
80 7
4 41
4 47
4 49
4 44
4 46
7 99
7 81
7 83
7 85
7 87
7 89
7 92
7 94
7 96
7 6