0 30 4 75 48 29 83 84 71 98 32 97 87 67 88 90 68 69 92 86 89 82 79 81 66 95 76 73 80 39 63 20 78 85 72 12 49 57 38 21 18 46 34 5 36 26 61 33 17 8 47 42 3 9 13 62 55 25 24 31 60 22 11 10 58 15 53 59 1 51 40 56 99 91 70 93 37 96 77 74 94 7 2 6
0 30
0 4
0 75
0 83
0 84
0 71
0 98
0 97
0 87
0 67
0 88
0 90
0 68
0 69
0 92
0 86
0 89
0 82
0 79
0 81
0 66
0 95
0 76
0 73
0 80
0 78
0 85
0 72
0 40
0 99
0 91
0 70
0 93
0 96
0 77
0 74
0 94
30 32
4 48
4 29
75 20
48 63
48 56
71 12
98 47
97 46
87 34
67 5
90 37
68 7
69 8
92 39
86 33
89 36
79 25
66 3
95 42
76 21
80 26
39 49
39 57
63 18
63 9
20 38
78 24
72 13
57 61
57 2
38 11
18 17
46 22
36 62
61 31
33 15
8 58
42 60
42 10
9 55
31 6
60 53
22 1
11 59
59 51