1 2 3 4 5 12 13 6 14 7 15 8 16 9 17 11 18 24 25 23 26 19 22 27 21 28 34 35 33 36 29 32 37 31 38 44 45 39 43 46 42 47 41 48 49 54 55 53 56 51 52 58 57 59 64 65 63 66 61 68 67 69 74 75 71 78 76 77 79 81 88 84 85 86 82 89 91 98 92 99 95 96 0 10 20 30 40
1 2
1 11
1 0
2 3
2 12
3 4
3 13
4 5
4 14
5 6
5 15
12 22
13 23
6 7
6 16
14 24
7 8
7 17
15 25
8 9
8 18
16 26
17 27
11 21
11 10
18 19
18 28
24 34
25 35
23 33
26 36
22 32
27 37
21 31
21 20
28 29
28 38
34 44
35 45
33 43
36 46
32 42
37 47
31 41
31 30
38 39
38 48
44 54
45 55
43 53
46 56
42 52
47 57
41 51
41 40
48 49
48 58
54 64
55 65
53 63
56 66
51 61
58 59
58 68
57 67
64 74
65 75
66 76
61 71
68 69
68 78
67 77
74 84
75 85
71 81
78 79
78 88
76 86
81 82
81 91
88 89
88 98
85 95
86 96
91 92
98 99