0 35 42 13 65 67 69 71 73 75 77 79 81 83 85 86 88 90 92 94 96 98 1 18 2 11 3 30 4 9 33 6 61 50 7 54 8 10 39 28 12 64 14 47 51 15 16 58 17 44 57 36 20 26 21 22 24 25 29 52 31 43 45 32 56 55 53 59 60 46 66 68 70 74 76 78 80 82 87 91 93 97 99 63 62 49 48
0 13
0 42
0 94
0 81
0 35
0 96
0 90
0 85
0 88
0 77
0 67
0 75
0 46
0 66
0 68
0 74
0 78
0 80
0 82
0 87
0 91
0 97
0 99
35 53
35 92
42 50
42 98
42 62
13 12
65 1
69 6
71 10
73 14
79 21
83 25
86 28
1 18
18 57
18 39
18 36
18 76
2 11
2 3
11 28
3 30
30 7
30 43
30 17
30 24
4 9
9 50
9 70
33 8
33 55
6 61
6 50
61 59
61 36
61 58
7 54
8 10
10 39
28 26
12 64
64 15
14 47
14 51
51 29
16 58
16 48
58 25
58 22
17 44
44 32
44 21
36 93
20 26
25 63
29 31
29 52
31 45
43 59
45 60
45 55
32 56
32 49