0 1 50 48 47 92 10 95 57 46 52 3 56 54 2 88 72 55 73 74 11 14 43 81 8 45 89 85 75 65 78 26 36 37 29 27 16 82 21 30 80 67 62 68 40 69 84 63 83 70 9 59 41 49 99 98 97 53 60 7 96 93 94 6 4 51 38 22 5 23 24 61 64 31 58 39 35 25 15 28 32
0 1
0 50
0 48
0 47
0 92
0 10
0 95
0 57
0 52
0 56
0 54
0 88
0 72
0 55
0 73
0 74
0 11
0 81
0 8
0 89
0 85
0 75
0 65
0 78
0 26
0 36
0 37
0 29
0 27
0 16
0 82
0 21
0 30
0 80
0 67
0 62
0 68
0 69
0 84
0 63
0 83
0 70
0 9
0 59
0 49
0 99
0 98
0 97
0 53
0 60
0 7
0 96
0 93
0 94
0 6
0 4
0 51
0 38
0 22
0 5
0 23
0 24
0 61
0 31
0 58
0 39
0 35
0 25
0 15
0 28
0 32
1 46
1 3
1 2
1 14
1 64
11 43
8 45
30 40
40 41