4 70 52 54 66 7 0 63 11 76 35 61 71 31 91 2 22 9 24 55 85 53 37 45 87 21 38 74 33 46 88 8 67 68 27 47 25 59 39 72 78 92 49 12 82 43 3 73 62 84 17 51 86 32 14 79 34 60 28 44 65 56 15 81 23 40 30 80 20 75 57 89 10 69 83 26
4 76
4 79
4 8
4 51
70 82
70 91
52 45
52 54
54 61
66 92
7 24
7 88
0 76
0 62
63 37
63 17
11 68
11 55
11 47
11 10
76 38
76 35
76 30
61 71
71 81
31 38
31 92
31 84
31 68
31 40
91 39
91 24
91 43
91 65
91 69
2 49
22 74
22 25
9 82
24 72
24 81
24 57
85 27
53 84
53 44
37 56
87 74
21 38
21 15
38 46
38 60
74 23
74 28
33 23
46 49
8 89
67 72
68 12
68 20
27 78
47 34
25 59
25 62
59 80
39 14
78 80
78 56
49 75
12 32
82 3
43 83
73 28
86 44
65 15
15 26