22 76 80 62 32 61 30 97 36 91 54 84 87 55 0 65 46 21 5 40 58 6 59 50 39 11 90 93 37 4 42 95 64 43 83 56 86 67 33 79 48 71 19 7 14 15 98 12 57 20 45 74 25 28 24 8 35 81 99 82 52 17 85 13 44 60 26 49 10 78 77 75 94 69
22 76
22 80
22 62
22 32
22 61
22 30
22 97
22 36
22 91
22 54
22 84
22 87
22 45
22 74
22 25
22 28
87 55
87 0
87 65
87 46
87 21
87 5
87 40
87 58
87 6
87 59
87 50
87 39
87 11
87 90
87 93
87 37
87 4
87 42
87 95
87 64
87 43
87 83
87 56
87 86
87 67
87 33
87 79
87 48
87 71
87 19
87 7
87 14
87 15
87 98
87 12
87 57
87 24
87 8
87 35
87 81
87 99
87 82
87 52
87 17
87 85
87 13
87 44
87 60
87 26
87 49
87 10
87 78
87 77
87 75
87 94
87 69
79 20