1 2 3 4 6 7 8 10 11 12 13 14 16 17 19 20 21 23 24 25 26 27 28 29 31 32 33 35 36 37 39 40 41 42 43 44 45 46 47 49 50 52 53 55 57 58 59 60 62 63 65 67 68 70 71 72 74 75 76 78 79 80 81 83 84 85 87 88 89 90 92 0 9 18 22 30 38 61 64 69 73 77 86 91 66
1 25
1 53
1 23
1 27
2 75
2 29
3 4
3 71
3 20
6 21
6 10
7 80
7 20
8 28
10 87
11 36
11 40
11 90
12 57
12 79
13 42
14 19
14 25
14 70
16 59
16 52
17 46
17 18
19 60
19 30
20 46
20 73
23 50
24 75
24 32
24 55
26 36
26 42
26 49
28 71
29 89
29 69
31 81
31 74
31 0
32 81
33 46
35 74
35 79
36 85
37 43
39 59
40 72
41 63
41 62
42 75
43 79
44 78
44 92
45 63
45 79
46 85
46 67
47 85
47 52
47 88
50 84
52 68
58 70
60 75
65 89
67 38
67 77
68 76
71 78
75 9
81 64
83 88
83 86
83 91
83 66
87 88
87 22
88 61