80 82 89 92 11 29 33 70 2 37 3 61 63 4 21 71 5 53 59 79 95 6 8 66 64 99 35 9 16 62 69 10 81 23 24 41 12 22 25 28 43 14 74 48 98 18 31 17 40 42 50 57 19 34 47 20 36 39 45 55 90 27 85 96 30 54 49 38 77 88 93 84 44 72 75 76 94 91 87 0 1 78 52 83 13 68 15 67 51 58
80 57
82 96
82 0
89 54
89 27
92 3
11 61
29 39
29 66
29 6
29 15
33 3
33 70
70 40
70 41
70 1
2 37
37 16
37 49
37 51
61 8
61 12
63 6
63 16
4 21
21 99
71 8
71 78
5 79
5 59
53 38
53 9
79 44
95 81
95 77
8 35
8 83
66 74
66 43
66 20
64 69
64 75
99 25
99 12
35 24
35 41
9 62
9 69
9 16
16 25
16 67
62 14
62 58
10 81
23 24
41 42
22 90
22 50
28 17
43 13
74 52
48 98
48 31
98 40
18 57
17 40
50 85
57 94
19 34
34 54
47 30
47 93
20 36
36 68
39 96
45 84
45 76
55 94
90 54
27 96
85 91
85 94
38 77
38 93
38 88
88 84
93 72
44 72
75 87