0 1 10 2 20 3 30 4 40 5 14 6 7 8 9 19 29 39 15 49 13 16 12 11 21 17 18 28 31 50 59 38 24 41 69 60 25 23 79 70 89 58 99 98 97 68 96 78 88 95 87 22 86 26 51 80 90 91 92 32 61 93 42 71 47 81 82 52 83 62 57 34 72 67 73 35 33 77 74 36 43 46 75 56 64 66 54 55 48 27
0 1
0 10
1 2
10 20
2 3
20 30
3 4
30 40
4 5
4 14
40 50
5 6
5 15
14 13
14 25
6 7
7 8
8 9
9 19
19 29
29 39
39 49
15 16
15 24
49 59
13 12
16 17
12 11
11 21
21 31
17 18
18 28
28 38
31 41
50 60
59 69
59 58
38 48
24 23
24 34
41 51
41 52
69 79
60 70
25 26
25 35
23 22
79 89
70 80
89 99
58 68
58 47
99 98
98 97
97 96
68 78
96 95
78 88
88 87
87 86
22 32
26 27
51 61
80 90
90 91
91 92
92 93
32 42
61 71
71 81
47 57
81 82
82 83
52 62
62 72
57 67
34 33
34 54
72 73
67 77
73 74
35 36
33 43
74 75
74 64
36 46
46 56
46 55
56 66