0 78 63 26 59 5 80 33 27 43 49 53 84 2 54 82 91 69 86 60 15 47 28 57 17 88 61 48 29 77 90 66 22 55 64 74 7 44 31 40 32 25 71 85 50 23 81 13 58 75 76 79 65 39 89 46 94 73 95 70 35 34 21 11 52 24 56 6 8 37 3 36 12 20 83
0 78
78 63
78 26
78 27
78 53
78 20
63 5
63 43
63 11
26 59
5 80
80 33
80 8
33 46
27 79
43 49
49 84
53 65
84 2
84 54
84 82
84 69
84 86
84 94
2 61
2 29
2 35
2 83
54 91
54 60
54 28
82 15
82 66
91 64
91 7
69 47
69 77
69 50
69 24
69 37
86 57
86 17
86 95
60 74
60 31
60 36
15 90
47 23
28 48
17 88
88 52
48 40
29 85
77 55
77 81
90 22
90 58
22 25
55 44
55 3
55 12
31 32
40 71
32 13
25 73
50 75
50 89
23 39
58 70
75 76
65 34
89 21
46 6
21 56