0 1 69 2 3 4 5 6 7 68 67 8 9 66 65 10 11 12 13 64 63 62 14 15 47 45 50 48 16 44 43 42 51 17 52 18 41 19 20 53 54 40 39 21 22 55 56 57 23 38 24 37 58 25 36 35 26 27 34 33 28 29 32 31 49 46 61
0 1
0 69
1 2
69 68
2 3
3 4
4 5
5 6
6 7
7 8
68 67
67 66
8 9
9 10
66 65
65 64
10 11
11 12
12 13
13 14
64 63
63 62
62 61
14 15
15 47
15 45
15 50
15 48
15 16
15 49
15 46
45 44
50 51
16 17
44 43
43 42
42 41
51 52
17 18
52 53
18 19
41 40
19 20
20 21
53 54
54 55
40 39
39 38
21 22
22 23
55 56
56 57
57 58
23 24
38 37
24 25
37 36
25 26
36 35
35 34
26 27
27 28
34 33
33 32
28 29
32 31