0 16 69 71 73 75 77 79 81 83 85 87 89 91 93 95 97 98 31 2 17 54 3 11 4 44 6 41 7 19 57 28 8 25 34 52 9 39 12 46 13 27 51 14 33 15 35 32 20 21 59 66 22 37 23 24 63 60 26 64 40 67 61 42 38 58 56 49 45 50 47 72 74 78 82 84 88 90 92 55 18 53 43 29
0 16
0 91
0 98
0 89
0 81
0 71
0 83
0 75
0 97
0 73
0 72
0 74
0 78
0 82
0 84
0 88
0 92
16 15
16 35
69 2
77 11
79 14
85 26
87 28
93 37
95 40
98 47
31 14
31 26
2 54
2 17
54 32
54 4
3 11
11 19
44 19
44 49
6 41
41 63
41 34
7 28
7 19
7 57
7 55
57 66
28 67
28 29
8 52
8 25
8 34
25 60
34 61
52 37
52 35
9 39
39 56
39 40
12 46
46 42
13 27
13 51
27 40
51 32
14 33
33 20
32 23
32 90
32 18
32 53
21 66
21 59
59 58
22 37
22 23
37 42
37 43
24 63
26 64
64 38
67 50
38 58
49 47
45 50