0 15 7 51 1 72 79 23 26 29 58 53 4 83 44 66 19 48 59 46 47 67 82 88 30 80 31 63 92 25 3 33 16 17 2 10 28 14 20 45 12 62 99 77 32 69 11 93 13 91 57 68 6 34 95 86 41 74 52 27 70 90 55 35 61 96 76 60 85 39 24 89 18 43 9 42 97 84
0 15
0 7
0 39
15 51
15 1
15 72
15 26
15 24
7 76
51 29
51 58
51 82
72 79
79 23
29 83
29 42
58 53
58 4
58 44
53 33
53 20
4 19
83 45
83 35
44 66
44 92
44 84
66 47
66 14
19 48
19 46
19 2
48 59
48 88
48 12
59 67
59 32
59 18
46 80
46 63
46 17
46 91
46 74
47 25
47 97
67 77
67 43
88 30
80 31
80 16
31 96
63 3
92 28
92 95
92 89
25 90
3 10
33 11
33 85
33 9
16 55
17 69
10 27
14 93
14 57
14 52
45 62
62 99
32 13
32 41
93 61
57 68
57 6
57 34
34 86
95 70
55 60