0 1 2 98 96 97 88 74 72 64 4 18 16 15 19 21 20 7 44 45 25 10 3 27 6 8 39 28 14 70 71 23 24 38 13 40 47 42 46 48 34 49 33 36 35 32 30 9 68 67 79 81 82 85 83 84 99 86 53 63 89 65 92 91 75 60 76 62 57 55 56 58 77 59 54 73 17 26 5 11 22 12 37 41 43 29 31 80 95 50
0 1
0 2
1 98
1 4
2 18
2 68
98 96
96 97
97 88
88 74
88 89
74 72
74 64
72 73
64 63
64 65
18 16
18 19
18 21
18 17
16 15
15 7
15 14
19 44
21 20
21 22
20 25
20 3
7 6
7 8
7 39
7 5
44 45
25 10
25 27
25 28
25 26
10 9
10 12
27 70
8 11
39 40
14 23
14 24
14 13
70 71
70 53
71 79
24 38
38 47
38 37
40 42
47 46
42 34
42 41
42 43
46 48
34 49
34 33
34 36
33 35
35 32
32 30
32 29
32 31
68 67
79 81
79 82
79 75
79 80
82 85
85 83
83 84
84 99
84 86
84 92
99 95
63 62
89 57
92 91
75 60
75 76
75 77
60 59
57 55
57 56
57 58
55 50
59 54