0 5 10 17 19 27 33 37 46 49 50 1 2 3 4 6 7 9 12 13 14 20 21 23 29 48 53 62 76 99 24 30 56 67 84 26 92 70 80 96 35 44 73 94 43 61 32 55 31 72 89 93 71 91 87 74 90 78 79 8 15 28 34 47 11 22 51 57 66 77 38
0 5
0 10
0 17
0 19
0 27
0 33
0 37
0 46
0 49
0 50
0 8
0 15
0 28
0 34
0 47
5 1
5 2
5 3
5 4
5 6
5 7
5 9
5 12
5 13
5 14
5 20
5 21
5 23
5 29
5 48
5 53
5 62
5 76
5 99
5 11
5 22
5 51
5 57
5 66
5 77
5 38
19 90
27 78
49 79
1 24
1 30
1 56
1 67
1 84
2 26
2 92
3 70
3 80
4 96
6 35
6 44
6 73
6 94
7 43
7 61
9 32
9 55
12 31
12 72
12 89
13 93
14 71
20 91
29 87
48 74