0 24 41 59 38 81 20 49 45 9 89 30 42 62 50 94 4 57 12 85 11 23 37 87 60 48 92 53 10 83 7 16 27 39 19 69 43 33 68 64 78 95 75 98 72 3 96 28 52 79 97 6 66 25 93 55 70 84 71 99 80 15 21 67 29 82 5 32 8 36 61 86 35 77 63 40 1
0 24
0 41
24 59
41 80
41 36
59 38
59 20
59 49
59 9
59 15
38 81
38 61
81 30
81 42
20 45
20 4
20 11
20 43
20 86
49 84
45 50
45 94
45 87
45 78
9 89
9 62
50 57
50 37
50 16
50 27
50 79
94 12
94 85
94 23
4 48
4 39
57 28
57 52
12 64
12 35
85 60
85 63
11 69
23 10
23 95
23 75
37 92
37 7
60 53
48 82
92 83
92 40
53 97
10 33
10 68
10 3
10 77
83 19
16 32
16 8
16 1
39 98
39 6
69 66
43 93
33 72
64 70
75 96
75 71
98 29
52 5
79 25
79 67
97 21
6 55
55 99