79 94 75 35 39 17 34 91 98 24 30 53 36 46 54 89 68 11 12 93 48 49 60 15 6 62 90 67 38 40 65 14 42 81 44 41 96 58 50 33 28 99 83 97 84 51 19 70 73 86 31 32 85 88 59 4 52 26 29 69 92 80 56 63 8 55 66 72 95 0 23 20 1 9 45 10 5
79 94
79 53
79 12
79 93
79 99
79 32
79 0
79 45
94 75
94 39
94 17
94 89
94 90
75 35
75 23
35 46
35 54
35 44
35 58
35 10
39 34
39 98
39 24
39 60
17 29
34 91
34 49
34 15
34 20
91 59
98 51
24 30
53 36
36 41
46 68
46 11
46 6
46 84
46 92
46 1
54 67
89 40
89 65
89 19
89 73
11 62
11 14
11 55
12 97
93 48
48 33
48 83
49 5
60 8
67 38
67 42
67 31
38 69
40 28
65 81
65 70
65 4
42 9
81 96
96 50
33 86
28 80
97 85
97 95
51 56
86 88
32 66
59 26
4 52
29 63
8 72