0 73 90 23 38 39 21 83 78 75 44 14 57 19 50 22 3 98 84 13 40 27 64 33 59 55 92 17 81 52 66 74 70 88 95 20 26 4 63 10 2 56 94 6 25 62 69 96 54 43 45 61 89 9 37 60 49 48 29 51 65 32 18 16 7 77 85 1 34 42 72 58 8 82 47 24 86 28 46
0 73
0 23
0 38
0 14
0 13
73 90
90 2
23 39
23 21
23 44
38 57
38 3
38 8
39 83
39 58
21 19
83 78
83 16
83 72
78 75
75 50
14 84
57 77
50 22
3 98
3 63
84 10
13 40
13 27
13 64
40 66
27 81
64 33
64 28
33 59
33 92
59 55
59 54
59 34
55 17
55 52
55 88
55 95
55 26
55 4
55 56
55 6
92 25
92 61
17 74
17 47
81 70
81 89
81 82
81 24
74 18
70 45
88 7
88 85
95 20
26 94
26 49
63 1
2 29
2 42
56 62
56 69
94 51
94 86
94 46
25 48
69 96
69 32
54 43
43 60
89 9
9 37
37 65