0 5 13 30 61 73 88 91 98 1 3 25 26 28 31 35 63 65 2 14 29 39 51 84 97 10 17 40 45 52 76 4 46 58 22 32 48 57 6 9 11 55 74 82 92 7 19 21 41 34 64 87 90 94 20 24 60 79 68 72 47 70 49 50 37 77 93 96 27 83 36 53 66 85 33 86 67 18 71 69 80
0 29
5 22
5 32
5 20
5 60
13 51
13 37
13 40
30 45
30 49
61 32
61 57
61 80
73 88
73 29
73 65
91 60
91 3
98 41
98 36
1 63
1 57
3 29
25 76
25 46
26 31
26 93
28 20
28 2
28 39
28 90
31 11
31 68
35 41
35 49
63 47
14 27
14 51
14 83
29 94
29 33
39 79
84 17
97 33
10 76
10 96
17 37
40 72
45 7
45 34
45 67
52 53
52 68
52 77
76 7
4 53
46 66
58 83
32 64
48 90
6 83
6 74
6 24
9 24
11 69
55 33
82 7
82 71
92 7
92 21
7 18
19 93
21 50
21 53
87 85
94 70
60 50
68 27
47 85
53 86