65 4 56 52 76 17 60 27 74 91 95 72 79 66 57 15 22 69 89 41 64 20 24 55 40 43 54 10 21 92 62 88 33 38 49 32 36 14 44 71 83 96 61 93 23 87 19 29 34 53 98 68 73 37 7 90 25 13 70 16 78 1 97 9 42 81 46 39 28 47 51 0 2 26 84 67 6 99 31 18 30 11 86 8
65 78
65 36
65 34
4 10
56 87
56 13
52 14
52 87
76 22
17 95
17 53
60 1
60 43
27 78
27 55
74 96
74 92
91 22
95 97
95 33
72 88
72 32
79 97
66 33
57 67
57 44
57 1
57 2
15 51
22 43
69 88
69 7
89 70
89 71
41 81
64 37
64 51
64 73
20 28
20 40
24 36
55 19
55 39
40 10
43 81
54 46
54 98
21 47
92 51
62 47
62 6
62 18
33 61
33 19
33 11
38 49
38 0
49 93
32 23
32 25
32 31
36 0
36 99
44 61
71 47
83 42
61 68
61 84
93 26
93 28
87 28
19 86
29 26
53 42
98 42
73 25
90 9
25 28
25 8
70 39
70 9
16 47
84 30