55 63 36 14 99 53 67 26 72 32 37 11 5 33 87 27 10 34 73 19 35 13 47 69 74 56 9 4 43 96 81 16 3 20 48 82 1 95 52 98 75 7 54 21 58 92 94 29 24 64 40 17 62 90 51 49 70 30 22 12 39 91 80 50 78 88 18 42 84 60 46 2 57 41 76 25 6 89 61 31 85
55 63
55 36
55 14
55 99
55 22
55 85
14 53
99 90
53 67
53 72
53 32
53 78
67 26
67 94
67 17
32 37
32 11
32 5
32 27
32 73
32 13
32 47
32 64
32 42
32 60
32 41
37 33
37 35
37 88
37 89
11 87
11 16
11 7
11 29
33 10
33 56
33 9
33 2
87 69
87 18
10 34
10 74
10 96
10 49
10 84
34 19
73 48
73 76
73 31
19 4
19 3
19 21
13 46
69 43
69 50
69 25
69 61
56 98
56 75
56 92
9 81
9 82
9 58
9 51
96 91
96 80
96 57
3 20
3 1
3 95
3 70
3 39
20 52
82 30
1 6
52 54
54 62
94 24
29 12
24 40