0 26 25 48 7 59 46 47 70 11 88 69 40 33 53 92 22 63 21 2 31 68 32 15 44 52 9 72 14 27 60 12 61 64 66 62 54 99 75 71 84 80 79 87 13 16 1 51 35 74 39 93 8 4 56 38 49 50 81 96 28 18 24 85 20 23 10 78 3 29 76 36 91 89 58 6 5 90
0 26
0 25
0 27
26 48
25 75
25 84
25 51
25 35
48 7
48 59
48 70
48 92
48 63
48 44
7 46
7 47
7 1
59 11
46 88
46 69
46 53
47 40
47 33
47 68
70 15
70 52
11 60
11 58
88 21
69 14
40 5
33 2
33 64
53 66
92 22
22 93
22 91
63 12
21 89
21 90
2 31
2 32
31 96
68 79
32 99
32 87
15 72
15 71
44 6
52 9
52 80
9 54
27 39
12 61
12 62
64 13
64 81
99 24
99 85
75 16
75 56
79 18
87 20
16 74
1 28
1 29
51 8
35 3
39 4
93 78
8 49
8 50
4 38
56 10
56 76
96 23
3 36