0 6 29 13 26 2 9 28 88 75 15 84 86 85 78 73 76 53 82 79 77 72 87 74 80 97 19 99 25 20 50 11 69 38 93 23 7 3 1 21 8 4 12 14 24 46 39 36 40 22 43 37 52 10 64 31 54 94 70 57 61 55 62 96 81 33 91 89 49 47 59 56 44 83 90
0 6
0 46
0 39
0 40
0 43
0 37
0 52
0 44
6 29
6 11
6 93
6 36
6 56
29 13
29 50
29 69
13 26
13 2
13 9
13 97
13 81
26 47
2 28
2 88
2 75
2 15
2 84
2 86
2 85
2 78
2 73
2 76
2 53
2 82
2 79
2 77
2 72
2 87
2 74
2 80
2 33
2 91
2 89
2 83
2 90
9 38
9 59
28 49
88 25
15 99
84 19
86 21
85 20
73 4
76 7
53 1
82 14
77 8
87 23
80 12
97 3
19 24
20 64
11 22
23 10
7 94
3 96
1 31
1 70
1 57
1 61
1 55
1 62
4 54