0 43 1 84 77 11 76 55 18 49 53 97 65 41 42 33 58 92 63 40 48 62 3 13 68 99 4 23 59 21 6 78 36 25 34 61 17 32 35 87 90 57 75 88 44 70 29 81 67 91 39 15 85 45 19 20 22 71 10 94 47 73 95 14 80 7 74 69 79 60 8 83 52 51 98 37 12 66 16 93 31 2 89 56 38 54 26
0 84
0 11
43 36
43 25
1 13
84 29
84 89
77 51
77 70
11 95
76 4
55 42
18 81
18 83
18 66
49 42
49 19
49 70
49 31
53 87
53 39
53 98
97 52
65 85
41 14
41 59
41 38
42 59
42 81
42 45
33 94
58 17
58 23
92 29
63 78
63 20
40 74
40 19
40 32
48 8
48 71
62 34
3 90
3 44
3 10
13 25
13 88
13 67
68 37
99 83
4 15
4 47
59 12
59 56
21 10
6 75
6 47
78 51
34 95
34 10
61 69
61 74
17 80
32 57
35 14
35 80
35 93
87 88
87 16
87 2
87 54
57 94
88 29
70 85
70 26
81 79
67 22
91 52
91 7
15 37
15 20
85 7
22 79
73 8
7 8
60 37