1 2 42 41 11 33 18 19 94 48 50 76 27 53 69 57 75 45 44 52 51 95 5 55 16 28 61 17 99 6 29 67 88 35 31 10 7 21 59 8 74 49 4 58 82 9 12 26 46 25 13 92 80 30 62 38 32 77 22 78 40 24 64 15 90 98 97 65 72 73 54 43 34 60 68 83 36 87
1 2
2 42
42 41
42 33
41 11
41 40
33 18
18 19
18 48
19 94
19 8
94 53
94 59
48 50
48 76
48 69
48 55
48 88
50 27
50 51
50 49
50 92
76 57
76 75
76 52
76 74
76 77
27 16
27 28
27 61
27 99
27 26
27 64
53 54
53 83
69 95
69 43
57 45
57 58
45 44
52 35
51 82
51 13
95 5
5 6
5 4
55 21
16 17
16 15
28 29
28 67
61 62
17 7
99 10
29 32
67 68
35 31
35 72
35 34
35 60
35 36
31 12
31 30
59 90
8 9
74 73
4 80
4 87
82 46
26 25
25 22
25 24
92 78
30 38
22 98
64 65
98 97