9 10 11 23 24 77 50 72 71 68 58 7 75 64 40 25 41 35 74 87 12 31 55 48 59 45 32 6 46 60 34 61 86 63 85 49 62 51 5 47 53 22 57 44 4 18 13 26 42 56 66 78 33 17 43 1 2 16 14 3 15 0 76 36 73 67 28 69 70 84 81
9 10
9 84
10 11
10 66
11 23
11 77
11 75
11 25
11 12
11 34
23 24
23 72
23 7
23 64
23 22
24 50
24 68
24 40
24 87
77 78
77 76
50 74
50 86
50 49
72 71
72 45
72 18
72 73
72 67
71 58
71 70
68 28
68 69
58 35
58 31
58 6
58 57
64 63
40 41
25 26
41 36
35 55
35 48
87 61
31 32
31 51
55 56
48 59
48 47
48 53
59 60
59 42
45 46
45 44
45 13
6 5
34 33
61 62
86 85
62 81
5 4
44 43
18 17
13 1
13 14
78 16
1 2
1 0
2 3
16 15