1 3 4 6 7 8 9 10 12 13 15 16 17 18 21 22 23 25 26 28 29 30 32 34 35 36 38 39 40 41 42 43 45 46 47 48 49 50 51 53 54 56 57 59 60 62 63 64 66 67 68 69 70 71 72 73 76 77 78 79 80 81 82 83 84 85 87 88 89 91 92 94 95 96 98 24 58 65 75 86 97 20
1 7
3 50
3 88
4 40
6 29
7 47
7 35
8 62
8 10
8 38
8 17
9 84
9 47
10 36
12 72
13 54
13 43
15 46
15 81
15 70
16 46
18 49
18 70
18 60
21 22
21 26
22 30
22 82
22 34
23 59
23 70
23 78
23 28
25 83
25 47
29 56
30 35
32 54
36 51
38 98
39 98
40 76
41 91
41 45
42 47
42 24
43 69
47 80
47 78
47 50
48 49
48 58
50 56
50 76
50 65
53 87
57 82
59 63
59 86
62 87
62 97
63 79
63 73
63 85
64 96
66 85
66 67
68 91
68 80
69 96
70 20
71 84
71 72
73 77
78 75
79 87
79 94
82 95
83 89
92 95
96 98