39 84 3 38 43 23 25 57 70 44 76 20 60 74 78 98 52 1 67 13 92 8 45 9 62 89 36 77 96 12 65 5 86 47 93 0 41 11 37 51 54 71 27 79 50 53 59 83 72 24 28 91 17 46 58 18 94 85 6 97 88 95 26 66 61 7 99 55 32 29 48 64 4 68 16 73 87 49 75
39 89
39 88
84 66
84 48
3 67
3 70
3 99
3 38
3 41
3 8
38 45
38 53
43 52
23 11
23 25
23 64
57 83
57 9
70 97
44 8
76 93
20 26
60 74
60 27
60 89
74 78
74 96
98 91
52 36
1 41
67 24
67 95
67 73
13 61
13 85
92 50
92 32
8 6
45 17
45 0
9 72
62 32
62 29
36 27
77 71
96 71
96 16
12 86
12 24
65 93
65 86
5 95
86 83
47 99
11 79
11 37
11 7
11 27
37 61
51 54
54 58
27 6
79 4
79 49
79 75
59 58
72 46
28 18
91 55
91 99
91 87
58 61
58 68
18 4
94 97
6 32
88 26
66 7