2 3 4 5 6 8 9 10 11 12 14 15 16 17 18 20 21 22 23 24 26 27 28 29 30 32 33 34 35 36 38 39 40 41 42 44 45 46 47 48 50 51 52 53 54 56 57 58 59 60 62 63 64 65 66 68 69 70 71 72 74 75 76 77 78 80 81 82 83 84 86 87 88 89 90 92 93 94 95 96 98 99 31 37 43 49 55 61 67 73
2 3
3 4
3 5
5 6
6 8
8 9
9 10
9 11
11 12
12 14
14 15
15 16
15 17
17 18
18 20
20 21
21 22
21 23
23 24
24 26
26 27
27 28
27 29
29 30
30 32
30 31
32 33
33 34
33 35
35 36
36 38
36 37
38 39
39 40
39 41
41 42
42 44
42 43
44 45
45 46
45 47
47 48
48 50
48 49
50 51
51 52
51 53
53 54
54 56
54 55
56 57
57 58
57 59
59 60
60 62
60 61
62 63
63 64
63 65
65 66
66 68
66 67
68 69
69 70
69 71
71 72
72 74
72 73
74 75
75 76
75 77
77 78
78 80
80 81
81 82
81 83
83 84
84 86
86 87
87 88
87 89
89 90
90 92
92 93
93 94
93 95
95 96
96 98
98 99