51 52 53 54 55 56 57 59 64 65 66 67 70 72 74 76 82 85 86 87 91 99 1 68 69 75 77 83 90 92 97 62 63 71 78 88 98 73 4 6 94 96 8 84 10 11 13 15 17 19 21 22 24 26 28 29 30 31 33 34 35 37 38 40 42 44 45 46 48 49 95 61 7 12 36 43 47
51 35
51 96
51 44
51 11
51 28
51 77
51 54
51 12
52 28
53 90
53 94
53 65
53 31
53 61
54 26
55 72
55 17
55 13
56 74
57 19
57 66
57 6
57 36
59 29
59 48
64 84
64 87
64 98
65 45
66 69
66 24
67 46
70 22
70 29
72 82
72 83
72 90
72 1
74 68
74 82
76 35
76 42
82 95
85 15
85 21
85 84
85 44
85 7
86 4
87 22
91 90
99 8
99 37
68 69
68 84
69 62
69 33
75 4
75 88
75 73
83 34
92 15
97 62
62 43
62 47
63 22
63 46
71 35
71 38
78 48
88 49
73 34
73 30
94 40
96 10
96 37