80 58 14 7 11 20 86 94 42 12 47 36 50 82 59 63 81 64 74 39 48 5 41 19 89 30 3 28 87 23 9 37 97 67 33 27 61 10 16 54 60 65 52 8 51 70 68 78 71 88 35 13 66 21 72 15 98 4 95 25 17 49 2 96 79 53 69 75 22 62 84 57 46 45 90 55 92 44 6 56 18 77 29 31
80 58
80 94
80 82
58 3
58 10
58 18
14 61
14 42
14 71
14 84
7 19
7 11
20 8
86 94
86 57
86 37
94 27
42 39
42 33
42 96
42 72
42 45
12 51
12 30
47 50
36 16
36 56
50 75
50 53
50 68
82 54
82 44
59 89
59 60
63 39
81 19
81 64
64 98
64 22
74 98
74 75
48 13
48 5
41 4
41 21
41 17
19 30
89 71
3 28
28 8
28 92
87 23
23 97
23 46
9 88
9 37
37 21
37 97
37 55
97 49
67 13
67 33
27 65
61 10
10 69
16 54
54 25
60 2
65 52
8 79
51 66
51 29
70 68
78 71
71 22
35 49
35 62
13 95
66 77
72 90
15 46
96 6
53 31