0 12 5 31 57 58 32 28 22 23 25 11 26 15 30 16 27 3 2 6 18 24 1 10 44 96 19 8 20 21 9 13 7 98 88 79 17 90 37 60 97 59 51 33 76 52 64 93 78 82 56 73 35 65 36 70 46 54 47 68 71 74 72 67 95 43 42 77 39 4 14 29
0 12
0 33
12 5
12 31
12 57
12 58
12 32
12 28
12 22
12 23
12 25
12 11
12 26
12 15
12 30
12 16
12 27
12 3
12 2
12 6
12 18
12 24
12 1
12 8
12 20
12 21
12 9
12 13
12 7
12 17
12 4
12 14
12 29
5 44
5 43
31 96
31 19
31 95
57 59
58 60
32 10
32 98
32 97
28 90
22 78
22 77
23 79
11 56
15 64
30 93
16 65
27 88
3 39
2 37
6 46
18 70
24 82
1 35
1 36
10 54
44 42
19 71
19 72
20 73
20 74
21 76
9 51
9 52
7 47
17 68
65 67