0 34 19 4 8 33 23 28 7 11 35 12 5 43 22 47 49 27 72 90 14 6 24 20 30 9 71 32 26 16 42 31 2 10 15 13 41 97 58 57 3 92 79 61 82 77 73 66 51 46 69 52 87 93 37 53 59 74 60 63 96 86 94 85 36 1 29 48 18 89 25 21 17
0 34
0 19
0 4
0 8
0 33
0 23
0 28
0 7
0 11
0 12
0 5
0 22
0 27
0 14
0 24
0 20
0 26
0 16
0 31
0 10
0 15
0 13
0 3
0 1
0 29
0 18
0 25
0 21
0 17
34 36
19 72
19 6
19 30
19 9
19 71
19 32
19 2
4 42
4 41
8 49
33 35
23 79
28 90
28 89
7 47
7 48
12 58
12 57
5 43
27 87
90 92
14 61
6 46
24 82
20 73
20 74
30 93
30 94
9 51
9 52
71 69
32 97
26 86
26 85
16 66
31 96
2 37
10 53
15 63
13 59
58 60
79 77