0 50 57 54 56 6 40 47 10 8 1 70 80 83 55 58 30 89 20 22 23 26 33 25 32 88 12 84 90 15 38 3 60 98 49 74 17 27 42 39 43 77 65 28 34 16 35 78 76 85 63 93 68 67 61 5 52 59 4 48 14 7 71 72 81 41 53 51 19 31 44 21 86 79 2 95 94
0 50
0 6
0 40
0 10
0 8
0 1
0 70
0 80
0 30
0 20
0 90
0 3
0 60
0 5
0 4
0 7
0 2
50 57
50 54
50 56
50 55
50 58
50 52
50 59
50 53
50 51
40 47
40 49
40 42
40 43
40 48
40 41
40 44
10 12
10 15
10 17
10 16
10 14
10 19
70 74
70 77
70 78
70 76
70 71
70 72
70 79
80 83
80 89
80 88
80 84
80 85
80 81
80 86
30 33
30 32
30 38
30 39
30 34
30 35
30 31
20 22
20 23
20 26
20 25
20 27
20 28
20 21
90 98
90 93
90 95
90 94
60 65
60 63
60 68
60 67
60 61