0 78 57 95 68 1 34 24 54 84 10 66 2 90 5 37 65 92 3 8 7 18 52 15 39 69 77 29 75 6 20 33 74 73 47 9 16 48 11 86 64 13 19 56 45 85 71 21 43 26 59 22 93 40 23 62 25 82 91 51 27 72 50 32 87 46 88 36 81 41 42 94 98 53 76 61 60 70 55 30 80 4 31 12 35 96 63 67 97
0 78
0 68
78 25
78 50
57 37
57 53
57 85
95 50
95 9
95 88
95 32
68 13
1 66
1 54
1 24
1 34
34 71
24 65
54 56
84 87
84 86
84 53
84 5
84 67
10 92
66 6
2 90
2 92
2 5
2 30
90 97
5 29
65 94
92 21
3 18
3 7
3 8
8 47
7 6
52 23
15 73
39 29
39 96
69 51
69 4
77 32
75 36
75 60
6 33
6 20
6 73
33 46
33 80
74 81
73 64
47 62
16 11
16 85
48 22
48 36
86 23
64 26
64 12
13 19
45 59
85 93
85 40
85 70
21 26
21 59
21 43
43 98
43 35
26 51
22 40
93 76
62 27
25 82
82 98
91 51
91 31
27 72
87 55
88 41
36 81
81 61
42 94
98 63