0 1 10 11 2 22 20 12 21 3 13 33 32 31 30 4 24 43 42 41 44 50 94 95 49 5 52 74 75 47 25 54 45 9 8 7 6 19 29 39 18 27 16 15 38 48 36 35 46 98 99 88 89 97 77 79 87 78 68 67 86 96 85 58 90 91 92 80 70 81 72 93 84 60 51 61 71 64 53 62 23 14 34 40 83 66
0 1
0 10
1 11
1 2
10 20
11 22
2 12
2 3
22 21
22 33
22 32
22 23
20 30
12 13
21 31
3 4
13 14
33 43
33 34
32 42
31 41
4 5
24 25
43 44
42 52
50 60
50 51
50 40
94 95
94 93
94 84
95 96
49 39
49 48
5 6
5 15
52 51
52 53
52 62
74 75
74 84
74 64
47 48
47 46
25 15
25 35
54 64
45 35
9 8
9 19
8 7
8 18
7 6
6 16
19 29
29 39
39 38
18 27
27 36
98 99
98 88
98 97
99 89
88 77
89 79
97 87
97 96
77 78
77 67
77 66
87 86
78 68
68 58
86 85
90 91
90 80
91 92
91 81
92 93
80 70
70 60
81 72
93 83
60 61
61 71