67 5 78 24 42 33 28 37 13 36 81 57 6 72 21 87 76 52 96 48 80 49 26 43 29 50 15 2 46 18 90 45 47 4 62 51 27 55 30 77 91 38 32 14 92 65 83 9 69 7 16 79 20 39 98 59 1 3 94 85 44 11 53 68 86 35 84 71 74 70 10 8 34 58 88 93
67 5
5 78
5 24
5 29
5 46
78 42
78 33
78 43
24 28
24 72
24 96
42 16
28 37
28 36
28 57
28 98
28 8
37 13
13 81
36 39
81 20
57 6
57 14
6 21
72 52
21 87
21 26
21 32
21 9
87 76
87 48
76 80
76 49
52 50
52 51
96 79
96 94
80 92
49 71
26 53
43 15
43 47
43 85
29 34
50 2
50 27
50 3
15 45
2 18
2 90
2 4
18 62
18 55
90 69
90 1
45 68
47 38
4 44
4 58
51 7
51 10
27 30
27 88
55 91
30 77
77 35
32 65
32 93
14 83
92 59
9 84
7 11
79 86
79 74
86 70