0 1 2 3 4 7 8 9 10 16 18 20 22 5 6 11 13 23 24 25 37 26 27 30 51 50 28 75 76 29 36 33 34 49 48 73 71 42 45 32 60 61 95 66 31 40 44 56 88 63 39 43 55 54 85 83 97 62 38 53 35 52 82 79 57 89 46 67 47 69 41 58 59 91 94 12 14 77 78 74 72 98 96 65 87 64
0 1
0 2
1 3
1 4
2 5
2 6
3 7
3 8
4 9
4 10
7 16
8 18
9 20
10 22
5 11
5 12
6 13
6 14
11 23
11 24
24 25
25 37
25 26
25 27
37 30
37 51
37 50
26 28
26 29
27 31
30 36
51 77
51 78
50 75
50 76
28 33
28 32
29 34
29 35
36 49
36 48
33 42
33 43
34 45
34 44
49 73
49 74
48 71
48 72
42 60
42 61
45 66
45 65
32 40
32 41
60 95
60 96
61 97
61 98
31 39
31 38
40 56
40 57
44 63
44 64
56 88
56 87
39 55
39 54
43 62
55 85
54 83
38 53
38 52
53 82
35 46
35 47
52 79
57 89
46 67
47 69
41 58
41 59
58 91
59 94