0 27 25 96 23 95 84 19 49 8 51 83 82 38 35 3 36 60 55 11 59 10 68 30 57 4 14 71 56 1 69 88 29 44 15 6 91 76 90 21 22 66 74 48 72 7 17 77 45 61 93 78 43 46 16 87 13 63 75 12 52 80 65 62 99 42 18 9 24 39 20 54 97 32 33 81 31 94 28
0 27
0 25
27 96
96 23
96 49
23 95
23 94
95 84
84 19
84 38
84 35
19 83
19 82
49 8
8 51
82 60
82 55
82 68
38 4
35 3
35 88
3 36
36 62
60 11
55 10
55 30
55 71
11 59
59 90
10 57
10 56
68 14
30 1
30 91
57 76
57 74
4 39
14 69
71 44
71 15
56 66
56 48
1 29
1 28
88 31
29 61
44 6
15 72
6 45
6 43
91 22
76 17
76 87
90 21
22 93
66 13
74 16
48 7
48 80
72 63
7 46
17 77
17 78
77 52
45 65
45 32
61 99
61 42
16 75
87 20
63 12
75 33
52 9
80 18
99 24
18 81
9 54
24 97