0 25 35 3 34 61 64 13 12 62 68 65 66 85 20 86 67 14 43 83 49 69 19 8 51 6 44 45 58 11 84 71 37 50 82 33 60 54 59 9 48 4 2 90 97 7 31 47 56 32 81 41 5 42 40 18 39 77 24 78 53 74 21 30 15 17 16 99 57 79 89 26 92 72 1 55 22 93 28 36
0 25
25 35
35 3
35 64
3 34
3 36
34 61
61 12
61 68
64 13
64 85
13 65
13 66
12 62
65 67
65 43
65 83
65 49
66 58
66 84
66 71
85 20
20 86
67 14
67 54
14 69
43 6
83 19
83 37
49 8
69 33
69 90
19 82
8 51
8 50
51 48
51 97
6 44
6 45
44 59
45 77
58 11
58 56
58 41
11 60
71 15
37 4
50 31
33 2
60 81
54 9
54 74
59 57
9 53
48 7
4 39
2 32
90 21
97 24
7 47
31 78
47 30
56 92
81 18
41 5
5 42
5 40
42 72
40 55
18 79
77 17
24 99
53 26
74 16
21 89
30 1
92 22
1 28
22 93