0 89 90 91 95 94 96 93 92 32 60 59 58 33 52 55 31 61 37 57 38 67 56 18 15 5 68 19 83 82 66 16 69 50 14 36 62 29 20 4 81 39 3 21 63 80 79 53 43 6 11 70 40 35 78 10 28 30 65 9 46 27 23 97 26 48 54 75 64 22 47 74 77 45 98 8 76 13 49 17 84 71
0 89
89 90
90 91
90 95
95 94
95 96
94 93
94 52
96 97
96 13
93 92
93 60
92 32
32 33
32 31
60 59
60 61
59 58
59 37
58 57
58 67
33 55
52 53
55 54
31 28
61 18
61 62
37 38
37 36
57 56
57 15
38 5
38 39
67 68
67 66
56 50
18 19
18 17
15 16
15 14
5 4
5 6
68 69
68 9
19 83
19 20
83 82
83 84
82 29
82 81
66 79
66 65
69 70
50 49
14 43
36 35
62 63
62 75
29 30
20 21
20 46
4 3
81 80
39 40
63 48
63 64
79 78
53 23
6 11
11 10
70 71
35 47
78 77
28 27
9 8
46 45
27 26
23 22
97 98
75 74
77 76