0 1 2 4 5 6 7 8 10 12 13 14 17 18 19 20 21 22 23 24 25 26 28 29 31 32 34 35 36 38 39 40 42 44 45 46 47 48 49 51 52 53 55 56 57 58 60 61 63 64 66 67 68 70 71 73 75 76 77 78 79 81 82 83 84 85 88 89 90 91 92 93 95 96 98 99 33 43 59 80 87 97 9 65
0 64
0 85
0 91
1 6
1 26
1 24
2 93
2 8
4 18
4 66
5 93
5 35
6 33
7 47
7 98
10 64
12 61
12 71
12 59
12 97
13 48
13 34
14 79
17 26
18 57
18 88
19 34
19 40
19 25
20 63
20 26
21 25
21 43
22 39
22 73
23 34
23 70
23 31
23 24
24 39
24 60
24 36
25 89
25 80
26 76
26 46
28 98
28 45
29 99
32 53
32 84
35 53
38 45
40 83
40 55
42 81
44 92
44 51
44 96
47 78
48 96
49 58
49 76
51 91
51 68
52 84
53 75
55 81
56 98
56 82
61 83
61 87
66 93
66 9
67 92
70 95
77 85
78 90
78 84
79 85
83 88
83 65
89 99