0 27 83 19 82 84 35 3 53 34 73 36 9 52 16 86 37 4 44 6 39 31 94 23 43 74 2 75 20 89 57 87 10 46 55 99 95 96 97 33 32 25 45 40 85 76 7 48 93 21 81 47 63 30 12 1 22 90 51 88 5 72 79 42 18 8 50 68 62 58 80 92 15 70 49 11 54 38
0 27
0 25
27 83
83 19
83 35
19 82
19 84
82 89
84 46
35 3
35 53
35 73
3 34
3 36
53 9
53 94
34 37
34 44
73 16
73 86
36 31
9 52
9 54
52 97
16 74
16 75
86 20
86 57
86 87
37 4
4 39
4 38
44 6
6 43
6 45
39 40
31 2
94 23
94 99
23 95
23 96
43 76
43 51
74 81
2 33
2 32
20 85
89 21
57 10
10 55
46 7
46 79
55 68
99 93
95 63
96 30
32 72
25 58
40 5
7 48
7 47
93 22
21 90
21 88
81 18
81 70
63 12
30 1
12 62
22 92
90 80
51 8
5 42
72 15
8 50
8 49
58 11