0 15 26 27 1 17 18 28 29 2 19 31 32 3 6 34 35 36 4 10 37 38 5 40 41 42 12 43 44 45 7 13 46 48 8 49 50 51 9 52 53 54 55 56 57 11 58 59 60 16 61 63 65 66 14 20 68 69 23 70 72 73 74 76 77 21 24 79 80 82 84 85 86 88 90 22 91 93 94 95 96 97 99 25 39 47 64 71 87 92 98
0 26
0 27
0 25
15 72
15 70
15 71
26 36
27 43
27 57
1 28
1 29
17 76
17 77
18 80
18 79
29 34
2 32
2 31
19 84
19 82
31 97
3 34
3 35
3 36
6 44
6 43
6 45
34 94
4 37
4 38
4 39
10 57
10 56
10 55
37 53
38 58
38 72
5 40
5 42
5 41
40 58
41 90
42 61
12 63
12 61
44 97
7 46
7 48
7 47
13 66
13 65
46 84
48 69
48 60
8 50
8 49
8 51
49 99
50 56
51 73
9 52
9 54
9 53
52 55
11 60
11 59
11 58
58 93
59 64
16 73
16 74
65 86
65 68
14 69
14 68
20 85
20 86
23 94
23 96
23 95
72 87
77 80
21 90
21 88
24 99
24 98
80 95
22 93
22 91
22 92