0 27 26 25 65 13 64 66 98 85 20 86 83 61 78 32 24 2 33 47 19 84 48 82 7 17 63 87 59 97 31 75 43 71 60 72 53 99 35 52 15 9 54 94 91 22 46 50 11 79 18 81 49 80 38 58 6 29 55 70 23 93 1 44 90 8 3 28 4 30 10 37 56 34 36 57 77 73 12 42 21
0 27
0 26
0 25
27 65
27 98
27 85
27 32
26 83
26 61
25 78
25 42
65 13
13 64
13 66
64 60
66 43
66 72
98 24
85 20
20 86
20 87
86 75
86 73
83 19
61 48
61 63
61 12
78 17
78 59
32 2
32 47
32 71
24 97
2 33
2 31
33 35
33 94
33 91
47 53
47 99
47 52
19 84
19 82
84 79
48 7
48 50
82 49
7 46
17 77
87 55
59 11
97 38
75 90
43 6
71 15
60 29
72 58
53 93
35 3
52 9
15 70
9 54
94 23
91 22
91 37
50 8
79 18
18 81
18 80
81 34
80 56
38 4
6 44
29 1
55 10
55 57
1 28
1 30
90 21
3 36