0 41 70 47 76 1 11 43 55 98 31 16 86 57 45 52 10 26 32 53 5 61 51 66 71 92 65 39 24 96 88 4 14 9 74 84 56 59 44 37 46 93 12 90 81 85 63 80 15 68 78 94 6 3 7 62 72 58 33 22 23 89 40 48 35 13 87 21 38 18 8 17 30 2 77 69 91 83 75
0 41
0 70
0 47
0 16
41 45
70 86
70 61
70 51
70 39
70 40
47 76
47 1
47 11
47 43
76 55
76 78
76 77
1 13
11 98
11 23
43 15
43 68
55 72
55 17
98 31
98 75
31 18
16 66
86 57
86 32
86 71
86 14
57 26
45 52
45 92
52 10
52 46
10 53
10 5
10 9
10 93
26 56
26 6
26 2
26 83
32 96
32 4
53 30
5 33
61 65
61 74
51 59
66 44
66 58
92 37
92 12
65 22
39 24
96 88
88 90
88 38
4 94
9 89
74 84
84 81
84 80
56 69
44 8
90 3
90 48
90 91
81 85
85 63
15 35
6 7
7 62
62 21
58 87