1 2 3 4 5 6 7 8 9 10 11 12 13 14 15 16 17 18 19 20 21 22 23 24 25 26 27 28 29 30 31 32 33 34 37 39 41 43 45 47 49 51 53 55 57 59 61 63 65 67 69 71 73 75 77 79 81 83 85 87 89 91 93 95 97 99 0 38 40 42 46 48 50 52 54 35
1 2
1 3
1 4
1 0
2 6
3 9
3 8
4 13
4 12
4 5
5 16
5 17
6 7
6 18
6 19
7 21
7 22
7 20
8 23
8 25
9 29
9 27
9 26
9 28
10 11
10 31
10 32
10 30
11 12
11 33
11 34
12 37
12 35
13 14
13 41
13 39
13 38
13 40
14 15
14 43
14 42
15 45
16 49
16 47
16 46
16 48
16 50
17 51
17 53
17 52
17 54
18 55
19 59
19 57
20 63
20 61
22 65
23 24
23 69
23 67
24 71
25 73
25 75
26 79
26 77
27 81
28 85
28 83
29 87
29 89
30 91
31 93
32 97
32 95
33 99