29 3 40 38 75 22 63 21 60 73 36 4 80 34 90 74 13 1 23 33 94 48 59 17 14 54 6 57 2 66 26 85 50 11 82 7 89 83 78 61 39 58 87 30 93 12 71 8 25 77 24 64 9 19 98 95 79 97 99 49 10 65 86 53 72 20 55 68 18 15 47 37 52 32 31 81 35 69 88 41 91 96
29 3
29 85
29 50
29 11
3 40
3 74
3 26
40 38
40 75
38 21
38 60
75 22
75 37
22 63
22 52
63 36
21 73
73 81
36 4
36 80
36 13
36 33
4 23
80 34
80 90
34 94
90 14
74 82
13 1
13 32
33 17
94 48
48 59
48 6
48 2
17 66
14 54
54 57
54 97
6 31
2 98
2 95
26 93
85 78
85 61
85 69
82 7
82 89
82 83
82 35
82 41
89 8
61 39
61 64
39 58
39 87
58 30
58 12
87 25
87 88
93 99
93 10
93 65
12 71
12 77
77 24
24 9
24 19
24 53
19 91
95 79
95 15
95 96
97 49
97 86
99 55
99 18
10 20
10 68
53 72
15 47