0 2 3 4 5 6 7 8 9 10 11 12 13 14 15 16 17 18 19 20 21 22 23 24 26 28 29 30 31 32 33 35 37 38 39 40 42 43 44 45 47 48 50 52 54 55 56 58 59 60 62 63 64 66 68 70 71 74 76 77 79 81 82 84 85 86 88 89 90 91 92 94 95 97 34 41 57 61 87 98 73
0 26
0 13
0 33
0 34
2 38
2 37
2 5
2 31
3 39
3 13
3 12
3 30
3 15
4 42
4 28
4 17
4 41
5 44
5 43
6 13
6 21
6 45
7 48
7 30
8 50
8 24
9 14
10 54
10 28
11 55
11 17
11 14
11 16
12 58
12 20
12 23
13 32
13 59
14 62
15 63
16 66
18 70
18 23
19 71
19 20
20 73
21 76
22 77
22 24
23 79
24 82
24 81
24 26
26 85
26 86
28 90
28 89
29 92
30 94
31 95
32 97
32 98
33 35
37 39
38 40
42 44
45 47
50 52
54 56
58 60
59 57
62 64
63 61
66 68
74 76
82 84
85 87
86 88
89 91
90 92