33 89 71 39 47 58 61 30 76 43 67 88 57 35 48 36 87 25 10 26 78 17 96 93 38 62 49 37 92 27 15 54 60 2 16 8 99 51 82 85 59 3 50 11 34 83 65 23 81 5 77 66 41 97 19 46 73 24 75 29 21 1 14 64 90 32 84 95 0 31 56 69 9 40 63 91 68 98 53 45
33 89
33 47
33 65
33 69
89 71
71 39
39 90
47 58
47 61
47 34
47 21
58 30
58 62
58 51
58 85
58 3
58 32
61 76
61 43
61 17
61 82
30 48
30 83
76 78
76 9
76 98
43 67
43 88
43 35
43 37
67 57
67 87
88 10
88 31
57 66
35 36
35 26
35 96
48 93
48 38
36 91
87 25
87 2
25 92
25 16
25 68
10 54
26 49
17 14
96 60
38 11
38 63
62 19
49 27
49 15
49 95
49 0
37 59
92 8
92 77
27 97
27 46
27 40
27 45
15 99
60 53
2 5
16 1
8 81
51 50
85 41
3 73
11 75
65 23
5 24
73 29
73 84
21 64
64 56