1 4 13 15 19 22 31 33 48 52 60 63 66 68 76 90 96 3 17 26 30 32 45 57 62 99 10 20 43 46 55 58 64 78 79 81 84 86 97 18 50 73 85 88 98 21 27 47 49 54 74 82 83 35 37 40 7 23 29 69 91 42 87 89 95 16 51 77 93 41 59 24 92 0 14 94 34 75 71 11 28 70
1 99
1 96
1 33
1 11
4 3
13 51
13 47
15 96
15 24
19 47
22 23
22 95
22 17
31 37
33 64
33 89
48 35
48 23
52 30
60 84
60 55
63 58
63 68
66 93
66 46
66 85
66 97
68 99
68 0
76 73
76 69
90 93
96 87
3 81
3 75
26 30
30 98
32 55
32 50
45 27
45 78
57 89
62 93
99 7
99 14
10 49
20 95
43 85
46 84
58 40
78 69
79 7
81 92
81 93
81 77
81 21
84 54
84 18
86 21
97 59
50 88
98 82
98 24
21 70
27 77
49 92
49 95
49 71
54 37
74 59
74 51
83 89
35 16
7 91
29 87
42 93
87 93
87 28
77 34
93 94
41 92