1 0 3 4 6 8 10 11 13 14 16 18 20 22 24 25 27 29 30 32 34 35 37 39 41 43 45 47 49 51 53 55 57 59 61 63 65 67 69 71 73 2 5 7 9 12 15 17 19 21 23 26 28 36 38 44 46 48 54 56 58 64 66 68 72
1 0
1 39
1 49
1 59
1 69
1 36
1 46
1 56
1 66
0 3
0 4
0 6
0 8
0 10
0 11
0 13
0 14
0 16
0 18
0 20
0 22
0 25
0 27
0 29
0 30
0 24
0 2
0 5
0 7
0 9
0 12
0 15
0 17
0 19
0 21
0 23
0 26
0 28
0 38
0 48
0 58
0 68
3 71
3 41
3 73
3 34
3 35
3 45
3 55
3 65
3 44
3 54
3 64
3 72
11 32
14 51
14 61
24 43
24 53
24 63
35 37
35 47
35 57
35 67