72 36 83 2 7 47 43 12 79 74 14 10 26 15 80 27 31 84 99 28 48 92 68 44 60 35 86 56 29 20 50 30 87 32 98 93 13 1 57 91 54 33 70 88 59 71 51 81 77 19 6 42 4 94 73 75 38 63 37 89 25 9 5 69 85 3 78 0 39 23 90 18 55 34 52 76 96 53 82
72 36
72 83
72 69
72 0
72 39
83 2
83 7
83 43
83 14
83 26
83 27
83 84
2 47
2 79
2 10
2 68
2 60
2 6
7 15
7 80
7 1
7 85
7 52
47 12
47 74
47 57
47 70
47 89
43 96
12 37
12 90
79 31
74 54
74 33
14 20
14 50
14 30
14 63
14 5
14 53
14 82
10 92
26 28
26 35
26 86
26 91
15 48
15 23
15 34
27 99
31 32
84 29
84 18
99 44
28 88
48 56
60 98
35 93
35 9
35 55
86 71
56 19
29 42
29 25
20 59
20 73
50 87
50 76
30 13
30 51
13 77
57 78
88 81
59 4
81 94
6 38
4 75
37 3