0 20 13 28 30 32 34 36 38 40 42 44 46 1 3 48 50 52 54 56 58 60 62 2 11 64 66 68 70 72 74 76 17 78 80 82 84 86 88 90 92 4 12 26 94 96 98 5 10 6 7 19 8 21 9 23 14 15 22 16 18 27 29 31 37 39 41 43 49 51 89 91 25 24
0 20
0 13
0 36
0 34
0 42
0 28
0 30
0 44
0 32
0 46
0 27
0 29
0 37
0 41
0 43
20 10
13 22
13 84
38 17
40 19
1 62
1 3
1 58
1 60
1 56
3 17
3 78
48 4
50 7
52 11
54 16
2 11
2 74
2 66
2 76
11 15
11 98
11 68
64 7
70 14
72 18
17 6
17 21
80 6
82 10
86 16
88 18
90 21
92 23
4 12
4 26
4 96
4 94
12 7
5 10
5 31
5 49
5 24
10 14
10 23
10 51
7 19
19 18
19 22
19 89
8 21
21 14
9 23
14 25
15 18
15 16
22 91
18 39