50 32 0 82 21 60 73 71 26 55 92 39 11 93 94 9 1 88 13 34 87 75 23 56 61 47 2 68 16 97 49 44 28 41 53 63 40 18 35 65 4 6 22 20 10 62 3 25 74 24 45 17 58 5 12 29 78 14 15 43 31 52 77 69 7 19 76 83 30 96 89 38 86 95 37 27
50 32
50 60
50 55
50 92
50 15
32 0
32 73
32 7
0 82
0 21
0 26
0 39
0 14
21 93
21 43
60 11
73 71
26 52
92 94
39 30
93 9
93 1
93 47
93 68
93 97
9 88
9 53
1 13
1 34
1 87
1 75
88 3
13 63
34 56
34 10
87 2
87 28
87 18
87 4
75 23
23 17
56 61
56 96
61 38
61 37
47 89
2 6
2 78
68 16
68 44
68 40
68 58
68 27
16 49
44 41
44 25
44 76
44 95
28 24
28 45
41 65
53 19
63 62
40 35
35 20
65 74
65 31
65 86
6 22
24 5
24 12
58 29
5 69
43 77
77 83