0 25 27 73 16 74 52 79 18 80 66 30 1 90 9 93 21 89 54 22 88 91 31 99 97 2 45 61 24 42 50 84 19 5 41 77 8 49 33 70 12 32 6 96 82 63 51 48 7 98 86 15 65 23 72 47 94 85 68 39 36 13 71 95 34 10 60 55 64 4 38 56 28 58 59 26 40 83 17 53 3
0 25
0 27
0 26
25 73
25 52
25 79
27 97
73 16
73 30
16 74
74 66
52 90
52 9
52 93
79 18
18 80
30 1
30 58
1 28
90 21
90 99
9 54
9 53
93 22
21 89
21 88
21 10
89 31
89 45
89 61
89 50
22 91
88 84
91 47
31 2
31 77
31 70
99 24
99 42
2 33
2 32
45 6
45 83
61 12
24 98
42 5
42 48
50 8
84 19
84 96
19 82
5 41
5 40
41 34
77 17
8 49
8 51
33 65
33 36
70 15
70 72
12 63
32 85
96 86
96 23
82 68
63 60
48 7
15 71
65 13
23 94
23 95
85 39
39 4
36 59
36 3
13 64
10 55
10 56
4 38