0 14 32 75 92 20 58 95 15 12 1 4 78 96 39 71 36 2 43 86 76 5 61 25 26 53 87 6 83 31 37 68 98 55 79 91 35 17 63 38 42 73 45 67 69 82 89 11 72 34 19 65 70 22 94 80 62 24 84 74 29 56 50 97 99 88 51 23 10 28 59 77 30 18 27 3 7 49 44 8 81 9 16 93
0 14
0 20
0 58
14 32
32 75
32 94
32 77
75 92
92 23
58 95
58 80
58 30
58 93
95 15
95 12
95 78
95 26
15 2
15 76
15 25
15 38
15 73
12 1
12 39
12 86
12 31
12 29
12 81
1 4
4 71
4 36
4 37
4 67
4 18
78 96
96 61
96 3
36 5
36 91
2 43
2 53
2 87
2 27
43 68
86 6
86 17
5 79
5 19
25 83
25 98
26 69
6 42
83 22
37 7
68 55
68 35
68 89
68 56
98 63
55 59
79 49
35 70
35 62
17 45
63 82
63 84
63 10
38 11
73 34
73 50
45 74
45 44
67 65
82 72
82 8
89 16
11 9
80 99
62 24
62 97
24 51
50 28
99 88