2 5 10 13 19 22 23 24 33 38 39 43 44 45 49 73 80 82 98 1 11 17 25 35 51 53 64 72 77 96 15 21 27 30 32 46 50 55 56 65 74 79 92 99 3 8 16 29 31 47 59 83 91 93 4 6 54 57 60 69 26 42 81 87 76 90 95 9 40 89 67 12 58 84 0 41 63 88 7 36 61 75 66 37 62 48
2 27
2 21
2 0
5 26
5 10
5 36
13 95
19 51
19 38
22 1
22 33
22 66
23 3
23 38
23 74
23 42
24 21
24 35
24 30
24 87
33 6
33 12
39 45
39 58
43 54
43 31
44 1
45 9
49 90
73 54
73 95
73 88
80 35
80 41
82 11
98 8
11 35
11 61
17 56
25 27
25 60
35 26
53 84
53 46
53 31
64 79
64 54
72 69
77 12
77 93
77 26
77 29
77 63
96 26
15 90
15 99
21 89
21 16
21 4
27 3
27 67
30 57
32 47
50 6
50 83
55 58
56 81
56 59
65 3
92 9
92 12
92 62
99 89
3 8
16 48
29 40
29 54
29 7
47 40
91 54
91 76
57 69
26 75
81 9
12 37