53 22 41 65 17 54 72 84 82 88 75 95 3 94 73 49 74 30 91 98 42 6 37 28 61 60 29 90 8 96 76 2 92 58 20 11 9 78 56 68 71 62 89 66 10 63 23 80 27 86 47 32 48 35 5 67 87 16 57 36 13 59 15 4 26 55 34 70 14 45 19 1 46 33 64 81 18 31 50 69
53 22
53 41
53 14
22 17
22 84
22 16
41 65
17 54
17 72
17 74
17 33
54 82
54 88
54 61
84 45
82 75
82 94
88 60
88 8
88 76
88 64
75 95
75 3
75 30
75 6
75 37
75 46
75 69
95 90
3 4
3 34
94 73
94 49
94 98
49 26
49 19
30 91
30 29
91 42
42 28
42 48
6 1
61 59
60 96
60 62
60 63
29 47
90 32
8 86
96 80
96 27
96 67
96 57
76 2
76 58
76 66
2 92
2 11
2 56
2 5
92 20
92 89
92 35
92 31
58 9
58 78
11 68
11 71
11 70
9 81
78 50
68 23
71 10
71 18
23 36
27 55
47 15
32 87
48 13