0 19 33 45 59 76 1 8 66 84 86 2 24 49 3 20 55 88 5 61 65 6 26 72 9 57 92 10 53 96 11 21 25 12 36 62 80 13 91 14 15 63 71 16 87 17 18 89 70 50 69 77 28 79 29 48 30 58 82 94 31 68 34 52 37 93 38 56 42 43 73 83 99 51 60 78 39 41 35 64 27 47
0 33
0 76
0 19
45 59
45 3
59 31
59 68
59 5
59 27
76 82
1 8
1 84
66 42
66 91
84 92
86 62
86 61
2 24
2 49
24 18
49 99
3 20
3 55
55 87
88 77
5 61
61 6
61 25
65 53
65 80
65 35
6 72
26 63
72 37
9 57
9 92
57 14
57 99
57 17
92 10
10 96
53 69
53 58
96 50
96 70
11 25
11 21
25 50
25 69
12 36
12 80
12 41
36 13
36 79
13 91
91 43
14 47
15 71
15 63
63 30
16 87
87 52
87 60
18 89
70 56
70 29
50 39
77 38
77 28
29 48
30 82
30 58
30 94
94 83
34 52
52 78
37 93
37 64
93 38
73 60
51 78