0 1 2 3 4 5 6 7 8 9 10 11 13 14 15 16 17 18 19 20 21 22 23 24 25 26 27 28 29 31 32 34 36 37 39 40 42 44 45 46 48 49 51 54 56 58 59 60 61 63 65 66 67 69 71 73 74 76 78 79 81 83 85 87 88 90 92 93 95 96 97 41 43 47 52 75 64 89
0 11
0 34
1 36
1 24
1 23
1 8
2 37
3 40
3 25
3 39
4 19
4 9
4 41
5 44
5 11
5 9
5 43
6 46
6 15
6 45
7 14
7 9
7 47
8 49
9 28
9 52
10 54
10 16
11 56
13 59
13 60
13 19
14 61
14 29
15 63
15 25
15 64
16 65
16 24
16 21
16 66
17 67
17 22
18 69
18 19
19 71
20 73
20 29
20 74
21 76
21 32
21 29
22 78
23 79
25 83
26 31
27 87
27 31
27 88
28 90
28 31
28 89
29 92
31 95
31 96
32 97
37 39
42 44
46 48
49 51
58 60
61 63
65 67
73 75
81 83
85 87
93 95