0 40 41 67 76 77 62 66 60 73 74 55 71 72 59 78 64 54 69 82 68 81 61 75 31 56 57 65 53 26 63 38 39 29 1 13 27 14 33 36 46 6 32 7 24 10 21 34 16 22 12 9 35 17 4 50 90 97 96 99 94 88 87 30 15 20 52 70 79 84 80 58 85 37 83
0 40
0 41
0 67
0 76
0 77
0 62
0 66
0 60
0 73
0 74
0 55
0 71
0 72
0 59
0 78
0 64
0 54
0 69
0 82
0 68
0 81
0 61
0 75
0 56
0 57
0 65
0 53
0 63
0 52
0 70
0 79
0 84
0 80
0 58
0 85
0 83
40 31
40 20
67 26
76 38
77 39
62 16
60 13
73 34
74 36
55 7
71 32
72 33
59 12
54 6
82 46
68 27
61 14
75 37
31 29
31 1
65 24
26 10
63 21
38 22
1 90
1 97
1 96
1 99
1 94
1 88
1 87
13 9
36 17
46 50
32 30
7 4
21 35
9 15