22 65 81 39 82 8 83 7 48 40 34 78 93 16 21 74 61 67 33 68 95 43 99 86 14 62 70 17 94 3 88 20 12 11 6 71 47 91 5 18 27 23 96 54 24 44 55 98 32 92 15 37 97 29 30 49 63 51 45 28 73 42 89 72 66 84 1 2 31 57 80 58 52 13 60 64 35 87
22 65
22 81
81 39
39 82
39 8
39 48
39 63
39 87
82 28
8 83
8 7
7 2
48 40
48 34
48 24
48 98
40 29
34 78
34 93
34 33
93 16
93 74
93 67
93 18
93 35
16 21
16 61
16 95
21 43
74 86
74 70
74 88
74 12
74 27
74 23
61 3
61 20
61 5
61 52
67 68
67 32
33 99
33 17
95 14
95 62
43 94
99 58
86 84
14 54
14 80
14 60
62 45
62 31
70 37
3 71
3 91
88 96
88 15
88 72
20 47
20 51
12 11
11 6
71 42
47 44
47 66
18 92
18 64
23 13
24 55
32 30
92 97
97 49
29 89
30 1
49 73
72 57