0 54 1 87 2 68 55 4 40 5 82 7 49 9 23 10 11 58 69 13 78 14 15 16 36 17 64 19 81 20 21 27 22 29 24 90 26 74 83 28 42 31 39 32 34 37 38 95 45 43 67 46 71 47 48 70 50 51 52 56 57 77 75 61 63 66 96 73 80 92 88 89 93 97 99 44 53 59 65 85 60 79 86
0 70
0 58
0 54
54 23
1 87
1 40
87 46
87 32
2 64
2 68
68 70
55 31
55 50
55 48
4 40
4 28
40 47
5 82
82 96
82 22
7 49
49 67
49 70
9 23
9 14
9 79
23 29
23 65
10 11
11 74
11 58
58 34
58 92
58 20
69 21
13 78
13 57
78 75
78 22
14 51
14 15
16 36
16 61
16 53
36 20
36 37
36 90
17 71
17 64
64 22
64 63
64 77
19 81
19 97
81 48
20 52
21 27
27 83
29 42
29 99
24 90
26 43
26 74
74 73
83 52
42 45
42 56
31 39
39 37
38 95
95 57
67 44
46 71
46 86
50 88
57 93
77 89
77 59
77 85
75 60
66 96
80 92