0 11 28 33 44 47 74 85 97 70 10 50 65 14 17 23 36 45 67 72 92 42 76 84 58 12 43 48 60 63 91 15 93 40 90 13 22 55 59 94 34 64 95 9 52 68 82 80 96 26 62 27 75 89 1 81 99 31 51 3 8 49 56 88 57 86 4 66
0 11
0 28
0 33
0 44
0 47
0 74
0 85
0 97
0 70
11 10
11 50
11 65
11 14
28 17
28 23
28 36
28 45
28 67
28 72
28 92
28 42
28 76
28 84
28 58
28 49
28 86
33 12
33 43
33 48
33 60
33 63
33 91
33 56
33 88
33 57
33 4
33 66
44 15
44 93
47 40
47 90
74 13
74 22
74 55
85 59
85 94
97 34
70 64
70 95
17 9
17 52
17 68
23 82
23 80
36 96
45 26
67 62
72 27
72 75
72 89
92 1
42 81
76 99
58 31
12 51
63 3
13 8