54 16 24 75 18 55 43 50 36 46 19 12 51 86 68 77 67 23 29 58 93 7 31 28 65 5 72 83 66 15 60 88 85 95 6 10 4 74 35 1 78 13 27 2 30 39 57 91 47 38 89 14 80 76 9 41 71 82 92 97 69 3 44 79 40 37 73 45 98 52 0 32 90 87 84 96 17 56 49 22 20
54 16
54 24
54 75
54 55
54 86
54 67
54 0
16 43
16 23
16 66
16 1
16 39
16 32
16 87
16 56
16 22
24 36
24 46
24 19
24 12
24 77
24 96
75 18
75 15
75 90
75 49
55 6
43 50
43 2
50 47
36 51
36 68
36 7
19 52
12 95
12 91
51 93
51 31
86 60
68 85
68 84
77 29
77 58
23 5
23 72
23 41
29 74
7 30
7 97
31 28
31 89
28 65
28 88
5 83
72 17
66 27
66 44
66 37
15 38
60 13
88 98
95 35
6 10
6 4
6 20
10 14
10 9
4 76
35 79
1 78
13 57
27 82
2 73
39 71
38 92
14 80
80 69
76 3
41 40
92 45