33 95 79 19 45 2 37 43 49 1 82 23 60 76 69 61 34 20 99 39 67 53 68 73 51 56 28 0 94 52 31 18 63 17 64 9 77 47 54 40 44 87 42 72 3 11 13 8 21 74 26 98 96 59 12 80 58 90 35 50 84 93 22 27 29 48 4 85 86 97 78 57 91 41 83 32 16 30 15 88 5 25
33 91
33 43
95 82
95 11
95 63
95 13
95 99
95 64
79 19
79 77
45 80
2 1
2 17
37 49
37 27
37 0
49 87
49 74
49 40
1 39
23 3
23 60
60 84
76 39
69 91
61 53
61 52
61 15
34 84
20 99
20 85
39 56
67 9
67 78
53 77
53 16
68 63
73 58
51 28
51 94
56 59
28 9
28 54
28 8
94 90
94 64
52 93
52 29
31 50
31 35
31 63
31 88
18 42
17 3
17 97
64 83
64 32
77 58
47 96
44 72
44 57
42 93
72 3
3 90
11 48
13 29
13 30
21 50
21 4
26 96
98 96
98 35
59 41
12 27
12 80
35 5
93 86
22 41
27 91
48 91
48 25