79 12 29 74 37 60 38 91 76 6 39 89 10 52 15 65 82 42 97 80 8 17 7 98 77 99 3 21 57 48 83 56 68 50 41 24 64 46 18 1 43 51 75 66 20 71 59 27 72 36 25 58 0 61 92 23 62 2 47 34 35 53 85 33 11 86 93 94 31 32 22 4 70 5 14 63 54 44 16 45 26 90
79 29
79 24
79 65
79 37
12 77
12 15
12 32
29 8
74 48
74 35
37 90
60 43
60 21
38 98
38 91
91 47
91 52
91 3
91 92
91 6
76 82
6 64
39 5
39 10
89 23
89 51
10 85
52 59
52 83
15 99
65 97
82 85
42 99
42 2
97 41
97 68
80 43
8 34
17 71
17 27
17 61
7 98
98 56
77 86
21 2
57 20
48 86
48 63
48 46
83 36
83 75
68 25
50 32
24 1
24 66
46 14
46 45
18 72
18 22
18 0
1 61
1 26
43 58
43 72
75 35
75 44
75 16
66 70
20 25
59 4
27 5
27 93
36 54
25 33
23 4
62 47
34 86
53 11
85 31
11 93
86 94