0 29 56 58 59 61 63 65 67 69 70 72 74 76 77 79 81 83 85 86 88 90 92 94 96 1 43 98 2 19 28 3 12 5 8 42 6 39 7 40 48 24 9 14 11 23 41 54 13 15 53 35 16 49 18 30 38 20 46 21 22 25 50 26 34 36 27 32 45 44 55 57 60 62 64 66 68 73 75 78 80 89 99 17 31 47
0 29
0 85
0 77
0 88
0 59
0 58
0 69
0 86
0 81
0 56
0 65
0 92
0 63
0 90
0 55
0 57
0 60
0 64
0 66
0 68
0 73
0 80
0 89
29 78
59 5
61 8
67 16
69 18
70 20
72 23
74 25
76 27
77 28
79 30
83 36
86 40
94 50
96 53
1 43
1 99
43 18
43 9
43 17
98 3
2 28
2 19
3 12
12 41
12 23
12 54
5 6
5 8
5 42
42 49
6 39
39 22
7 48
7 40
7 24
40 20
48 32
9 62
14 35
11 23
41 45
41 25
54 21
13 53
13 15
53 25
35 25
16 49
18 38
18 30
30 31
38 26
20 46
25 50
50 44
26 34
26 36
26 75
34 27
36 45
44 47