14 15 91 87 75 49 84 6 33 46 4 77 29 26 68 92 42 85 19 57 12 72 99 20 36 53 59 5 45 17 41 88 79 23 31 62 67 70 3 60 43 11 24 27 1 80 30 22 54 2 83 73 71 93 64 90 13 28 61 50 47 0 35 44 63 78 48 56 37 82 89 81 25 96 34 58 18 76
14 15
15 91
91 87
91 75
87 6
75 49
75 84
49 78
84 46
84 76
6 33
46 4
46 77
46 5
46 25
4 26
4 92
4 85
4 36
4 54
77 29
77 83
29 19
26 68
26 42
68 24
92 57
92 12
92 20
92 59
92 13
42 72
85 23
85 96
57 31
57 93
57 35
57 18
12 53
12 17
12 88
72 99
72 62
20 73
20 56
36 80
53 41
53 22
59 45
59 90
5 1
45 79
45 34
17 2
41 67
41 70
41 58
88 11
23 30
23 47
31 3
31 60
67 43
70 50
43 28
11 27
80 48
30 81
22 64
22 37
2 71
83 82
93 0
90 44
28 61
35 63
37 89