0 34 33 16 28 8 17 30 93 94 22 5 20 27 13 14 35 1 19 18 3 26 25 90 4 10 32 50 71 21 12 23 7 2 95 88 6 9 65 96 39 37 15 38 66 78 67 42 70 69 74 52 62 76 75 43 49 98 92 58 46 48 57 51 79 59 36 44 31 85 87 68 24 29 11
0 34
0 33
0 16
0 28
0 8
0 17
0 30
0 22
0 5
0 20
0 27
0 13
0 14
0 1
0 19
0 18
0 3
0 26
0 25
0 4
0 10
0 32
0 21
0 23
0 7
0 2
0 6
0 9
0 31
0 24
0 11
34 36
33 35
16 12
16 65
16 66
28 90
28 29
8 50
8 49
17 15
17 67
17 68
30 93
30 94
93 95
94 96
22 78
5 43
5 44
20 74
27 88
27 87
13 59
14 62
19 71
18 70
18 69
3 39
26 85
90 92
4 42
32 98
50 52
21 75
12 58
12 57
23 79
7 48
2 38
6 46
9 51
39 37
74 76