0 18 51 53 55 57 59 61 63 65 67 69 71 73 75 77 79 81 83 85 1 22 48 6 87 89 91 93 95 97 99 2 19 10 3 8 41 5 46 49 14 21 7 39 47 9 30 12 44 13 40 15 28 16 17 38 35 20 24 45 43 25 37 34 33 42 54 58 62 68 72 74 78 80 88 90 92 94 96 98 4 32
0 18
0 65
0 71
0 85
0 57
0 67
0 81
0 77
0 54
0 58
0 62
0 68
0 72
0 74
0 78
0 80
0 4
18 41
18 49
18 38
51 3
53 7
55 9
59 15
61 17
63 22
69 28
73 33
75 35
79 40
83 46
1 22
1 6
1 48
1 93
1 97
1 88
1 90
1 92
1 94
1 96
1 98
22 95
48 17
6 14
6 21
6 3
6 87
89 8
91 13
99 28
2 10
2 19
19 35
10 5
3 41
3 8
8 47
5 46
5 49
21 12
21 45
21 40
7 39
39 17
39 28
9 30
30 33
30 13
12 44
44 42
13 40
15 28
28 34
16 17
35 32
20 24
24 45
24 43
25 37
37 34