0 4 6 2 1 11 8 10 9 12 17 18 14 20 22 23 19 24 26 21 29 28 30 35 34 32 31 36 40 37 41 38 42 44 47 46 48 53 45 54 50 49 56 58 59 60 62 57 64 65 66 63 71 68 72 77 70 74 76 75 67 78 83 82 84 79 86 89 85 90 88 92 94 91 27 25 33 39 43 52 51 55 61 69 73 80
0 4
0 2
4 6
4 1
6 11
6 8
6 10
11 12
8 9
12 17
12 14
17 18
18 20
20 22
20 21
22 23
22 19
23 24
24 26
24 29
24 28
26 27
29 30
29 25
30 35
30 34
30 32
35 31
35 36
32 33
36 40
36 38
40 37
37 41
41 42
38 39
42 44
42 47
42 46
44 45
47 48
47 43
48 53
48 50
53 54
53 49
53 52
54 56
54 58
54 59
50 51
56 57
59 60
59 55
60 62
60 64
60 65
62 63
64 61
65 66
66 71
66 68
71 72
71 70
68 69
72 77
72 74
72 76
77 78
70 67
74 75
76 73
78 83
78 82
78 80
83 84
82 79
84 86
84 89
89 85
89 90
85 88
90 92
92 94
94 91