0 1 2 4 5 7 8 9 10 12 13 14 15 16 18 19 21 23 24 26 27 28 29 30 32 33 35 36 37 38 40 41 42 43 44 46 47 49 50 51 52 54 55 56 57 58 60 61 63 64 65 66 68 69 70 71 72 74 75 77 78 79 80 82 83 84 85 86 88 89 91 93 94 96 97 98 31 34 39 45 48 53 59 62 67 73 76
0 1
0 2
1 4
2 5
5 7
7 8
7 9
7 10
9 12
9 13
12 14
14 15
14 16
15 18
16 19
18 21
21 23
21 24
23 26
23 27
26 28
28 29
28 30
28 31
29 32
30 33
30 34
33 35
35 36
35 37
35 38
36 39
37 40
37 41
40 42
42 43
42 44
42 45
43 46
44 47
44 48
47 49
49 50
49 51
49 52
50 53
51 54
51 55
54 56
56 57
56 58
56 59
57 60
58 61
58 62
61 63
63 64
63 65
63 66
64 67
65 68
65 69
68 70
70 71
70 72
70 73
71 74
72 75
72 76
75 77
77 78
77 79
77 80
79 82
79 83
82 84
84 85
84 86
85 88
86 89
89 91
91 93
91 94
93 96
93 97
96 98