2 74 39 49 12 3 28 44 21 42 97 36 9 55 69 47 15 72 70 46 8 99 63 96 43 52 77 24 57 20 32 48 60 62 37 76 17 91 75 80 6 23 7 89 61 59 83 98 90 22 14 31 30 51 78 45 82 84 50 73 40 53 58 34 19 35 56 0 81 95 92 66 64 87 93 94 33 27 10 29 88
2 74
2 39
2 49
2 12
2 3
2 42
2 9
2 46
2 77
2 75
2 0
2 27
74 70
74 51
74 73
39 97
39 52
49 21
49 47
49 66
12 36
12 8
12 95
3 28
3 29
28 44
28 62
44 99
44 32
21 96
21 43
97 55
97 69
36 72
36 17
36 82
9 20
9 76
9 83
9 81
9 93
55 19
47 15
47 63
47 14
15 45
72 53
70 24
70 6
70 98
8 37
99 57
63 31
63 30
63 35
63 92
43 56
52 50
77 80
77 7
24 23
24 94
57 48
57 60
57 87
32 33
48 89
48 88
60 61
60 64
76 91
76 34
23 90
23 40
23 10
61 59
83 84
98 22
22 58
31 78