0 26 27 25 42 79 18 81 73 16 86 37 54 5 74 75 39 4 41 62 12 35 20 70 3 36 31 2 95 47 23 33 32 44 7 96 87 61 6 48 55 46 57 63 10 88 45 21 59 69 91 90 68 51 38 64 22 11 14 66 8 92 15 19 78 93 28 49 17 77 76 24 71 99 1 30 80 40 34 43 89 9 94 85 13
0 26
0 27
0 25
0 19
0 24
26 42
26 79
26 73
26 37
27 86
25 54
25 62
25 35
42 5
79 18
18 81
18 80
81 66
73 16
16 74
16 75
86 20
37 39
37 4
54 9
5 41
5 40
74 70
4 38
62 12
62 57
12 61
12 63
35 3
35 31
35 95
35 47
70 15
3 36
3 34
31 2
31 44
2 33
2 32
95 23
95 87
47 7
47 55
47 85
23 96
23 94
33 59
44 6
44 88
7 48
7 46
96 51
87 69
61 64
6 45
6 43
48 91
48 68
46 28
57 10
88 21
21 90
21 89
59 11
91 22
90 78
68 14
51 8
22 92
22 93
66 13
8 49
15 71
78 17
93 30
28 1
17 77
17 76
24 99