2 4 5 8 17 16 33 64 80 65 88 81 66 67 92 34 89 82 36 69 68 83 37 39 43 40 42 70 71 44 45 0 21 18 19 22 10 93 90 85 84 91 73 51 86 50 87 78 60 79 76 56 57 63 74 53 75 25 30 31 28 72 77 59 49 48 12 29 15 24 6 7 35 38 41 47 61 62 55 46 52
2 4
2 5
4 8
8 17
8 16
16 33
33 64
64 80
80 65
80 88
65 34
65 35
88 81
88 92
81 66
81 67
66 36
66 37
67 39
67 38
92 89
92 0
89 82
89 83
82 69
82 68
36 18
69 43
69 42
68 40
68 41
83 70
83 71
39 19
42 21
70 44
70 45
71 47
71 46
45 22
0 93
21 10
93 90
93 91
90 85
90 84
85 74
85 75
84 73
84 72
91 86
91 87
73 51
73 50
51 25
86 76
86 77
87 78
87 79
78 60
78 61
60 30
79 63
79 62
76 56
76 57
56 28
63 31
74 53
74 52
75 55
25 12
31 15
72 49
72 48
77 59
59 29
48 24
12 6
15 7